
> @onecoach/api-core@0.0.0 type-check
> tsc --noEmit

src/routes/auth/password/confirm/route.ts(80,9): error TS18047: 'resetToken.user' is possibly 'null'.
src/routes/auth/password/confirm/route.ts(91,18): error TS2322: Type 'string | null' is not assignable to type 'string | undefined'.
  Type 'null' is not assignable to type 'string | undefined'.
src/routes/auth/password/confirm/route.ts(122,61): error TS18047: 'resetToken.user' is possibly 'null'.
src/routes/auth/register/route.ts(14,49): error TS6059: File '/Users/giulioleone/Sviluppo/CoachOne/packages/lib-shared/src/utils/error/index.ts' is not under 'rootDir' '/Users/giulioleone/Sviluppo/CoachOne/packages/api-core/src'. 'rootDir' is expected to contain all source files.
  The file is in the program because:
    Imported via '@onecoach/lib-shared/utils/error' from file '/Users/giulioleone/Sviluppo/CoachOne/packages/api-core/src/routes/auth/register/route.ts'
    Imported via '@onecoach/lib-shared/utils/error' from file '/Users/giulioleone/Sviluppo/CoachOne/packages/api-core/src/routes/auth/password/request/route.ts'
    Imported via '@onecoach/lib-shared/utils/error' from file '/Users/giulioleone/Sviluppo/CoachOne/packages/api-core/src/routes/auth/password/confirm/route.ts'
    Imported via '@onecoach/lib-shared/utils/error' from file '/Users/giulioleone/Sviluppo/CoachOne/packages/api-core/src/routes/profile/route.ts'
    Imported via './error' from file '/Users/giulioleone/Sviluppo/CoachOne/packages/lib-shared/src/utils/index.ts'
    Imported via '@onecoach/lib-shared/utils/error' from file '/Users/giulioleone/Sviluppo/CoachOne/packages/lib-vercel-admin/src/vercel-env-vars-api.service.ts'
    Imported via '@onecoach/lib-shared/utils/error' from file '/Users/giulioleone/Sviluppo/CoachOne/packages/lib-ai/src/ai-provider-config.service.ts'
    Imported via '@onecoach/lib-shared/utils/error' from file '/Users/giulioleone/Sviluppo/CoachOne/packages/api-core/src/routes/profile/maxes/route.ts'
    Imported via '@onecoach/lib-shared/utils/error' from file '/Users/giulioleone/Sviluppo/CoachOne/packages/api-core/src/routes/profile/maxes/[catalogExerciseId]/route.ts'
    Imported via '@onecoach/lib-shared/utils/error' from file '/Users/giulioleone/Sviluppo/CoachOne/packages/api-core/src/routes/profile/maxes/[catalogExerciseId]/versions/route.ts'
    Imported via '@onecoach/lib-shared/utils/error' from file '/Users/giulioleone/Sviluppo/CoachOne/packages/api-core/src/routes/profile/tax-info/route.ts'
    Imported via '@onecoach/lib-shared/utils/error' from file '/Users/giulioleone/Sviluppo/CoachOne/packages/api-core/src/routes/onboarding/route.ts'
    Imported via '@onecoach/lib-shared/utils/error' from file '/Users/giulioleone/Sviluppo/CoachOne/packages/api-core/src/routes/onboarding/complete-step/route.ts'
    Imported via '@onecoach/lib-shared/utils/error' from file '/Users/giulioleone/Sviluppo/CoachOne/packages/api-core/src/routes/onboarding/complete-all/route.ts'
    Imported via '@onecoach/lib-shared/utils/error' from file '/Users/giulioleone/Sviluppo/CoachOne/packages/api-core/src/routes/onboarding/go-to-step/route.ts'
    Imported via '@onecoach/lib-shared/utils/error' from file '/Users/giulioleone/Sviluppo/CoachOne/packages/api-core/src/routes/onboarding/reset/route.ts'
    Imported via '@onecoach/lib-shared/utils/error' from file '/Users/giulioleone/Sviluppo/CoachOne/packages/api-core/src/routes/payments/intent/route.ts'
    Imported via '@onecoach/lib-shared/utils/error' from file '/Users/giulioleone/Sviluppo/CoachOne/packages/api-core/src/routes/payments/confirm/route.ts'
    Imported via '@onecoach/lib-shared/utils/error' from file '/Users/giulioleone/Sviluppo/CoachOne/packages/api-core/src/routes/subscriptions/create/route.ts'
    Imported via '@onecoach/lib-shared/utils/error' from file '/Users/giulioleone/Sviluppo/CoachOne/packages/api-core/src/routes/subscriptions/manage/route.ts'
    Imported via '@onecoach/lib-shared/utils/error' from file '/Users/giulioleone/Sviluppo/CoachOne/packages/api-core/src/routes/subscriptions/setup-intent/route.ts'
    Imported via '@onecoach/lib-shared/utils/error' from file '/Users/giulioleone/Sviluppo/CoachOne/packages/api-core/src/routes/credits/balance/route.ts'
    Imported via '@onecoach/lib-shared/utils/error' from file '/Users/giulioleone/Sviluppo/CoachOne/packages/api-core/src/routes/credits/history/route.ts'
    Imported via '@onecoach/lib-shared/utils/error' from file '/Users/giulioleone/Sviluppo/CoachOne/packages/api-core/src/routes/invitations/validate/route.ts'
    Imported via '@onecoach/lib-shared/utils/error' from file '/Users/giulioleone/Sviluppo/CoachOne/packages/api-core/src/routes/policies/[slug]/route.ts'
    Imported via '@onecoach/lib-shared/utils/error' from file '/Users/giulioleone/Sviluppo/CoachOne/packages/api-core/src/routes/health/summary/route.ts'
    Imported via '@onecoach/lib-shared/utils/error' from file '/Users/giulioleone/Sviluppo/CoachOne/packages/api-core/src/routes/health/sync/route.ts'
    Imported via '@onecoach/lib-shared/utils/error' from file '/Users/giulioleone/Sviluppo/CoachOne/packages/api-core/src/routes/iap/subscription-status/route.ts'
    Imported via '@onecoach/lib-shared/utils/error' from file '/Users/giulioleone/Sviluppo/CoachOne/packages/api-core/src/routes/iap/verify-receipt/route.ts'
    Imported via '@onecoach/lib-shared/utils/error' from file '/Users/giulioleone/Sviluppo/CoachOne/packages/api-core/src/routes/iap/restore-purchases/route.ts'
src/routes/auth/register/route.ts(14,49): error TS6307: File '/Users/giulioleone/Sviluppo/CoachOne/packages/lib-shared/src/utils/error/index.ts' is not listed within the file list of project '/Users/giulioleone/Sviluppo/CoachOne/packages/api-core/tsconfig.json'. Projects must list all files or use an 'include' pattern.
  The file is in the program because:
    Imported via '@onecoach/lib-shared/utils/error' from file '/Users/giulioleone/Sviluppo/CoachOne/packages/api-core/src/routes/auth/register/route.ts'
    Imported via '@onecoach/lib-shared/utils/error' from file '/Users/giulioleone/Sviluppo/CoachOne/packages/api-core/src/routes/auth/password/request/route.ts'
    Imported via '@onecoach/lib-shared/utils/error' from file '/Users/giulioleone/Sviluppo/CoachOne/packages/api-core/src/routes/auth/password/confirm/route.ts'
    Imported via '@onecoach/lib-shared/utils/error' from file '/Users/giulioleone/Sviluppo/CoachOne/packages/api-core/src/routes/profile/route.ts'
    Imported via './error' from file '/Users/giulioleone/Sviluppo/CoachOne/packages/lib-shared/src/utils/index.ts'
    Imported via '@onecoach/lib-shared/utils/error' from file '/Users/giulioleone/Sviluppo/CoachOne/packages/lib-vercel-admin/src/vercel-env-vars-api.service.ts'
    Imported via '@onecoach/lib-shared/utils/error' from file '/Users/giulioleone/Sviluppo/CoachOne/packages/lib-ai/src/ai-provider-config.service.ts'
    Imported via '@onecoach/lib-shared/utils/error' from file '/Users/giulioleone/Sviluppo/CoachOne/packages/api-core/src/routes/profile/maxes/route.ts'
    Imported via '@onecoach/lib-shared/utils/error' from file '/Users/giulioleone/Sviluppo/CoachOne/packages/api-core/src/routes/profile/maxes/[catalogExerciseId]/route.ts'
    Imported via '@onecoach/lib-shared/utils/error' from file '/Users/giulioleone/Sviluppo/CoachOne/packages/api-core/src/routes/profile/maxes/[catalogExerciseId]/versions/route.ts'
    Imported via '@onecoach/lib-shared/utils/error' from file '/Users/giulioleone/Sviluppo/CoachOne/packages/api-core/src/routes/profile/tax-info/route.ts'
    Imported via '@onecoach/lib-shared/utils/error' from file '/Users/giulioleone/Sviluppo/CoachOne/packages/api-core/src/routes/onboarding/route.ts'
    Imported via '@onecoach/lib-shared/utils/error' from file '/Users/giulioleone/Sviluppo/CoachOne/packages/api-core/src/routes/onboarding/complete-step/route.ts'
    Imported via '@onecoach/lib-shared/utils/error' from file '/Users/giulioleone/Sviluppo/CoachOne/packages/api-core/src/routes/onboarding/complete-all/route.ts'
    Imported via '@onecoach/lib-shared/utils/error' from file '/Users/giulioleone/Sviluppo/CoachOne/packages/api-core/src/routes/onboarding/go-to-step/route.ts'
    Imported via '@onecoach/lib-shared/utils/error' from file '/Users/giulioleone/Sviluppo/CoachOne/packages/api-core/src/routes/onboarding/reset/route.ts'
    Imported via '@onecoach/lib-shared/utils/error' from file '/Users/giulioleone/Sviluppo/CoachOne/packages/api-core/src/routes/payments/intent/route.ts'
    Imported via '@onecoach/lib-shared/utils/error' from file '/Users/giulioleone/Sviluppo/CoachOne/packages/api-core/src/routes/payments/confirm/route.ts'
    Imported via '@onecoach/lib-shared/utils/error' from file '/Users/giulioleone/Sviluppo/CoachOne/packages/api-core/src/routes/subscriptions/create/route.ts'
    Imported via '@onecoach/lib-shared/utils/error' from file '/Users/giulioleone/Sviluppo/CoachOne/packages/api-core/src/routes/subscriptions/manage/route.ts'
    Imported via '@onecoach/lib-shared/utils/error' from file '/Users/giulioleone/Sviluppo/CoachOne/packages/api-core/src/routes/subscriptions/setup-intent/route.ts'
    Imported via '@onecoach/lib-shared/utils/error' from file '/Users/giulioleone/Sviluppo/CoachOne/packages/api-core/src/routes/credits/balance/route.ts'
    Imported via '@onecoach/lib-shared/utils/error' from file '/Users/giulioleone/Sviluppo/CoachOne/packages/api-core/src/routes/credits/history/route.ts'
    Imported via '@onecoach/lib-shared/utils/error' from file '/Users/giulioleone/Sviluppo/CoachOne/packages/api-core/src/routes/invitations/validate/route.ts'
    Imported via '@onecoach/lib-shared/utils/error' from file '/Users/giulioleone/Sviluppo/CoachOne/packages/api-core/src/routes/policies/[slug]/route.ts'
    Imported via '@onecoach/lib-shared/utils/error' from file '/Users/giulioleone/Sviluppo/CoachOne/packages/api-core/src/routes/health/summary/route.ts'
    Imported via '@onecoach/lib-shared/utils/error' from file '/Users/giulioleone/Sviluppo/CoachOne/packages/api-core/src/routes/health/sync/route.ts'
    Imported via '@onecoach/lib-shared/utils/error' from file '/Users/giulioleone/Sviluppo/CoachOne/packages/api-core/src/routes/iap/subscription-status/route.ts'
    Imported via '@onecoach/lib-shared/utils/error' from file '/Users/giulioleone/Sviluppo/CoachOne/packages/api-core/src/routes/iap/verify-receipt/route.ts'
    Imported via '@onecoach/lib-shared/utils/error' from file '/Users/giulioleone/Sviluppo/CoachOne/packages/api-core/src/routes/iap/restore-purchases/route.ts'
src/routes/auth/register/route.ts(76,39): error TS2307: Cannot find module '@/flags' or its corresponding type declarations.
src/routes/auth/register/route.ts(101,13): error TS6133: 'generateId' is declared but its value is never read.
src/routes/auth/register/route.ts(101,55): error TS6059: File '/Users/giulioleone/Sviluppo/CoachOne/packages/lib-shared/src/id-generator.ts' is not under 'rootDir' '/Users/giulioleone/Sviluppo/CoachOne/packages/api-core/src'. 'rootDir' is expected to contain all source files.
  The file is in the program because:
    Imported via '@onecoach/lib-shared/id-generator' from file '/Users/giulioleone/Sviluppo/CoachOne/packages/api-core/src/routes/auth/register/route.ts'
    Imported via '@onecoach/lib-shared/id-generator' from file '/Users/giulioleone/Sviluppo/CoachOne/packages/api-core/src/routes/auth/register/route.ts'
    Imported via '@onecoach/lib-shared/id-generator' from file '/Users/giulioleone/Sviluppo/CoachOne/packages/api-core/src/routes/auth/password/request/route.ts'
    Imported via './id-generator' from file '/Users/giulioleone/Sviluppo/CoachOne/packages/lib-shared/src/prisma-type-guards.ts'
    Imported via './id-generator' from file '/Users/giulioleone/Sviluppo/CoachOne/packages/lib-shared/src/index.ts'
    Imported via '../id-generator' from file '/Users/giulioleone/Sviluppo/CoachOne/packages/lib-shared/src/utils/index.ts'
    Imported via '../id-generator' from file '/Users/giulioleone/Sviluppo/CoachOne/packages/lib-shared/src/utils/id-generator.ts'
    Imported via '@onecoach/lib-shared/id-generator' from file '/Users/giulioleone/Sviluppo/CoachOne/packages/lib-nutrition/src/nutrition-template.service.ts'
    Imported via '@onecoach/lib-shared/id-generator' from file '/Users/giulioleone/Sviluppo/CoachOne/packages/lib-food/src/food.service.ts'
    Imported via '@onecoach/lib-shared/id-generator' from file '/Users/giulioleone/Sviluppo/CoachOne/packages/lib-nutrition/src/food-auto-creation.service.ts'
    Imported via '@onecoach/lib-shared/id-generator' from file '/Users/giulioleone/Sviluppo/CoachOne/packages/api-core/src/routes/iap/verify-receipt/route.ts'
    Imported via '@onecoach/lib-shared/id-generator' from file '/Users/giulioleone/Sviluppo/CoachOne/packages/api-core/src/routes/iap/restore-purchases/route.ts'
src/routes/auth/register/route.ts(101,55): error TS6307: File '/Users/giulioleone/Sviluppo/CoachOne/packages/lib-shared/src/id-generator.ts' is not listed within the file list of project '/Users/giulioleone/Sviluppo/CoachOne/packages/api-core/tsconfig.json'. Projects must list all files or use an 'include' pattern.
  The file is in the program because:
    Imported via '@onecoach/lib-shared/id-generator' from file '/Users/giulioleone/Sviluppo/CoachOne/packages/api-core/src/routes/auth/register/route.ts'
    Imported via '@onecoach/lib-shared/id-generator' from file '/Users/giulioleone/Sviluppo/CoachOne/packages/api-core/src/routes/auth/register/route.ts'
    Imported via '@onecoach/lib-shared/id-generator' from file '/Users/giulioleone/Sviluppo/CoachOne/packages/api-core/src/routes/auth/password/request/route.ts'
    Imported via './id-generator' from file '/Users/giulioleone/Sviluppo/CoachOne/packages/lib-shared/src/prisma-type-guards.ts'
    Imported via './id-generator' from file '/Users/giulioleone/Sviluppo/CoachOne/packages/lib-shared/src/index.ts'
    Imported via '../id-generator' from file '/Users/giulioleone/Sviluppo/CoachOne/packages/lib-shared/src/utils/index.ts'
    Imported via '../id-generator' from file '/Users/giulioleone/Sviluppo/CoachOne/packages/lib-shared/src/utils/id-generator.ts'
    Imported via '@onecoach/lib-shared/id-generator' from file '/Users/giulioleone/Sviluppo/CoachOne/packages/lib-nutrition/src/nutrition-template.service.ts'
    Imported via '@onecoach/lib-shared/id-generator' from file '/Users/giulioleone/Sviluppo/CoachOne/packages/lib-food/src/food.service.ts'
    Imported via '@onecoach/lib-shared/id-generator' from file '/Users/giulioleone/Sviluppo/CoachOne/packages/lib-nutrition/src/food-auto-creation.service.ts'
    Imported via '@onecoach/lib-shared/id-generator' from file '/Users/giulioleone/Sviluppo/CoachOne/packages/api-core/src/routes/iap/verify-receipt/route.ts'
    Imported via '@onecoach/lib-shared/id-generator' from file '/Users/giulioleone/Sviluppo/CoachOne/packages/api-core/src/routes/iap/restore-purchases/route.ts'
src/routes/credits/history/route.ts(25,41): error TS2339: Property 'getCreditHistory' does not exist on type 'typeof CreditService'.
src/routes/health/summary/route.ts(2,22): error TS2307: Cannot find module '@/server/auth' or its corresponding type declarations.
src/routes/health/summary/route.ts(3,20): error TS2307: Cannot find module '@/server/db' or its corresponding type declarations.
src/routes/health/sync/route.ts(2,22): error TS2307: Cannot find module '@/server/auth' or its corresponding type declarations.
src/routes/health/sync/route.ts(3,20): error TS2307: Cannot find module '@/server/db' or its corresponding type declarations.
src/routes/iap/restore-purchases/route.ts(2,22): error TS2307: Cannot find module '@/server/auth' or its corresponding type declarations.
src/routes/iap/restore-purchases/route.ts(3,20): error TS2307: Cannot find module '@/server/db' or its corresponding type declarations.
src/routes/iap/subscription-status/route.ts(2,22): error TS2307: Cannot find module '@/server/auth' or its corresponding type declarations.
src/routes/iap/subscription-status/route.ts(3,20): error TS2307: Cannot find module '@/server/db' or its corresponding type declarations.
src/routes/iap/verify-receipt/route.ts(2,22): error TS2307: Cannot find module '@/server/auth' or its corresponding type declarations.
src/routes/iap/verify-receipt/route.ts(3,20): error TS2307: Cannot find module '@/server/db' or its corresponding type declarations.
src/routes/invitations/validate/route.ts(16,37): error TS2307: Cannot find module '@/flags' or its corresponding type declarations.
src/routes/onboarding/complete-all/route.ts(10,20): error TS6133: 'getErrorMessage' is declared but its value is never read.
src/routes/onboarding/complete-all/route.ts(32,46): error TS2339: Property 'completeAll' does not exist on type 'typeof OnboardingService'.
src/routes/onboarding/complete-step/route.ts(10,39): error TS2307: Cannot find module '@onecoach/lib-core/user/onboarding-profile.service' or its corresponding type declarations.
src/routes/onboarding/complete-step/route.ts(59,46): error TS2339: Property 'completeStep' does not exist on type 'typeof OnboardingService'.
src/routes/onboarding/go-to-step/route.ts(11,20): error TS6133: 'getErrorMessage' is declared but its value is never read.
src/routes/onboarding/go-to-step/route.ts(40,46): error TS2339: Property 'goToStep' does not exist on type 'typeof OnboardingService'.
src/routes/onboarding/reset/route.ts(10,20): error TS6133: 'getErrorMessage' is declared but its value is never read.
src/routes/onboarding/reset/route.ts(32,46): error TS2339: Property 'reset' does not exist on type 'typeof OnboardingService'.
src/routes/onboarding/route.ts(33,46): error TS2339: Property 'getOrCreate' does not exist on type 'typeof OnboardingService'.
src/routes/payments/confirm/route.ts(33,48): error TS2339: Property 'confirmPaymentIntent' does not exist on type 'typeof PaymentService'.
src/routes/payments/intent/route.ts(12,1): error TS6133: 'prisma' is declared but its value is never read.
src/routes/payments/intent/route.ts(57,50): error TS2339: Property 'createPaymentIntent' does not exist on type 'typeof PaymentService'.
src/routes/payments/intent/route.ts(97,56): error TS2551: Property 'validatePromoCode' does not exist on type 'typeof PromotionService'. Did you mean 'validatePromotionCode'?
src/routes/payments/intent/route.ts(105,50): error TS2339: Property 'createPaymentIntent' does not exist on type 'typeof PaymentService'.
src/routes/payments/intent/route.ts(131,45): error TS2339: Property 'getPlanById' does not exist on type 'MarketplaceService'.
src/routes/payments/intent/route.ts(141,56): error TS2551: Property 'validatePromoCode' does not exist on type 'typeof PromotionService'. Did you mean 'validatePromotionCode'?
src/routes/payments/intent/route.ts(149,50): error TS2339: Property 'createPaymentIntent' does not exist on type 'typeof PaymentService'.
src/routes/profile/maxes/route.ts(12,34): error TS6059: File '/Users/giulioleone/Sviluppo/CoachOne/packages/lib-exercise/src/one-rep-max.service.ts' is not under 'rootDir' '/Users/giulioleone/Sviluppo/CoachOne/packages/api-core/src'. 'rootDir' is expected to contain all source files.
  The file is in the program because:
    Imported via '@onecoach/lib-exercise/one-rep-max.service' from file '/Users/giulioleone/Sviluppo/CoachOne/packages/api-core/src/routes/profile/maxes/route.ts'
    Imported via './one-rep-max.service' from file '/Users/giulioleone/Sviluppo/CoachOne/packages/lib-exercise/src/index.ts'
    Imported via '@onecoach/lib-exercise/one-rep-max.service' from file '/Users/giulioleone/Sviluppo/CoachOne/packages/api-core/src/routes/profile/maxes/[catalogExerciseId]/route.ts'
    Imported via '@onecoach/lib-exercise/one-rep-max.service' from file '/Users/giulioleone/Sviluppo/CoachOne/packages/api-core/src/routes/profile/maxes/[catalogExerciseId]/versions/route.ts'
src/routes/profile/maxes/route.ts(12,34): error TS6307: File '/Users/giulioleone/Sviluppo/CoachOne/packages/lib-exercise/src/one-rep-max.service.ts' is not listed within the file list of project '/Users/giulioleone/Sviluppo/CoachOne/packages/api-core/tsconfig.json'. Projects must list all files or use an 'include' pattern.
  The file is in the program because:
    Imported via '@onecoach/lib-exercise/one-rep-max.service' from file '/Users/giulioleone/Sviluppo/CoachOne/packages/api-core/src/routes/profile/maxes/route.ts'
    Imported via './one-rep-max.service' from file '/Users/giulioleone/Sviluppo/CoachOne/packages/lib-exercise/src/index.ts'
    Imported via '@onecoach/lib-exercise/one-rep-max.service' from file '/Users/giulioleone/Sviluppo/CoachOne/packages/api-core/src/routes/profile/maxes/[catalogExerciseId]/route.ts'
    Imported via '@onecoach/lib-exercise/one-rep-max.service' from file '/Users/giulioleone/Sviluppo/CoachOne/packages/api-core/src/routes/profile/maxes/[catalogExerciseId]/versions/route.ts'
src/routes/profile/route.ts(21,40): error TS6059: File '/Users/giulioleone/Sviluppo/CoachOne/packages/lib-shared/src/prisma-type-guards.ts' is not under 'rootDir' '/Users/giulioleone/Sviluppo/CoachOne/packages/api-core/src'. 'rootDir' is expected to contain all source files.
  The file is in the program because:
    Imported via '@onecoach/lib-shared/prisma-type-guards' from file '/Users/giulioleone/Sviluppo/CoachOne/packages/api-core/src/routes/profile/route.ts'
    Imported via './prisma-type-guards' from file '/Users/giulioleone/Sviluppo/CoachOne/packages/lib-shared/src/index.ts'
    Imported via '../prisma-type-guards' from file '/Users/giulioleone/Sviluppo/CoachOne/packages/lib-shared/src/utils/index.ts'
    Imported via '@onecoach/lib-shared/prisma-type-guards' from file '/Users/giulioleone/Sviluppo/CoachOne/packages/lib-analytics/src/analytics.service.ts'
    Imported via '@onecoach/lib-shared/prisma-type-guards' from file '/Users/giulioleone/Sviluppo/CoachOne/packages/lib-ai-agents/src/utils/prisma-type-guards.ts'
src/routes/profile/route.ts(21,40): error TS6307: File '/Users/giulioleone/Sviluppo/CoachOne/packages/lib-shared/src/prisma-type-guards.ts' is not listed within the file list of project '/Users/giulioleone/Sviluppo/CoachOne/packages/api-core/tsconfig.json'. Projects must list all files or use an 'include' pattern.
  The file is in the program because:
    Imported via '@onecoach/lib-shared/prisma-type-guards' from file '/Users/giulioleone/Sviluppo/CoachOne/packages/api-core/src/routes/profile/route.ts'
    Imported via './prisma-type-guards' from file '/Users/giulioleone/Sviluppo/CoachOne/packages/lib-shared/src/index.ts'
    Imported via '../prisma-type-guards' from file '/Users/giulioleone/Sviluppo/CoachOne/packages/lib-shared/src/utils/index.ts'
    Imported via '@onecoach/lib-shared/prisma-type-guards' from file '/Users/giulioleone/Sviluppo/CoachOne/packages/lib-analytics/src/analytics.service.ts'
    Imported via '@onecoach/lib-shared/prisma-type-guards' from file '/Users/giulioleone/Sviluppo/CoachOne/packages/lib-ai-agents/src/utils/prisma-type-guards.ts'
src/routes/profile/route.ts(92,46): error TS2339: Property 'getSerialized' does not exist on type 'typeof UserProfileService'.
src/routes/profile/route.ts(116,13): error TS7022: 'error' implicitly has type 'any' because it does not have a type annotation and is referenced directly or indirectly in its own initializer.
src/routes/profile/route.ts(116,21): error TS2448: Block-scoped variable 'error' used before its declaration.
src/routes/profile/route.ts(270,53): error TS2339: Property 'update' does not exist on type 'typeof UserProfileService'.
src/routes/profile/route.ts(345,13): error TS7022: 'error' implicitly has type 'any' because it does not have a type annotation and is referenced directly or indirectly in its own initializer.
src/routes/profile/route.ts(345,21): error TS2448: Block-scoped variable 'error' used before its declaration.
src/routes/subscriptions/create/route.ts(51,52): error TS2339: Property 'createSubscription' does not exist on type 'typeof SubscriptionService'.
src/routes/subscriptions/create/route.ts(61,42): error TS2339: Property 'payment_intent' does not exist on type '{}'.
src/routes/subscriptions/create/route.ts(63,24): error TS2339: Property 'status' does not exist on type '{}'.
src/routes/subscriptions/create/route.ts(66,37): error TS2339: Property 'client_secret' does not exist on type '{}'.
src/routes/subscriptions/manage/route.ts(12,27): error TS2307: Cannot find module '@onecoach/lib-core/stripe/server' or its corresponding type declarations.
src/routes/subscriptions/manage/route.ts(27,52): error TS2339: Property 'getActiveSubscription' does not exist on type 'typeof SubscriptionService'.
src/routes/subscriptions/manage/route.ts(56,52): error TS2339: Property 'getActiveSubscription' does not exist on type 'typeof SubscriptionService'.
src/routes/subscriptions/manage/route.ts(112,31): error TS2339: Property 'cancelSubscription' does not exist on type 'typeof SubscriptionService'.
src/routes/subscriptions/setup-intent/route.ts(31,51): error TS2339: Property 'createSetupIntent' does not exist on type 'typeof SubscriptionService'.
../lib-ai-agents/src/core/providers/config.ts(124,52): error TS6059: File '/Users/giulioleone/Sviluppo/CoachOne/packages/lib-ai/src/ai-provider-config.service.ts' is not under 'rootDir' '/Users/giulioleone/Sviluppo/CoachOne/packages/api-core/src'. 'rootDir' is expected to contain all source files.
  The file is in the program because:
    Imported via '@onecoach/lib-ai' from file '/Users/giulioleone/Sviluppo/CoachOne/packages/lib-ai-agents/src/core/providers/config.ts'
    Imported via './ai-provider-config.service' from file '/Users/giulioleone/Sviluppo/CoachOne/packages/lib-ai/src/ai-model.service.ts'
    Imported via '@onecoach/lib-ai' from file '/Users/giulioleone/Sviluppo/CoachOne/packages/one-agent/src/utils/ai-agent-setup.ts' with packageId '@onecoach/lib-ai/src/ai-provider-config.service.ts@0.0.0'
    Imported via '../ai-provider-config.service' from file '/Users/giulioleone/Sviluppo/CoachOne/packages/lib-ai/src/agent-orchestrator/fallback-executor.service.ts'
    Imported via './ai-provider-config.service' from file '/Users/giulioleone/Sviluppo/CoachOne/packages/lib-ai/src/index.ts'
    Imported via '@onecoach/lib-ai' from file '/Users/giulioleone/Sviluppo/CoachOne/packages/lib-ai-agents/src/intent-detector.ts'
    Imported via '@onecoach/lib-ai' from file '/Users/giulioleone/Sviluppo/CoachOne/packages/lib-food/src/food-vision.service.ts' with packageId '@onecoach/lib-ai/src/ai-provider-config.service.ts@0.0.0'
../lib-ai-agents/src/core/providers/config.ts(124,52): error TS6307: File '/Users/giulioleone/Sviluppo/CoachOne/packages/lib-ai/src/ai-provider-config.service.ts' is not listed within the file list of project '/Users/giulioleone/Sviluppo/CoachOne/packages/api-core/tsconfig.json'. Projects must list all files or use an 'include' pattern.
  The file is in the program because:
    Imported via '@onecoach/lib-ai' from file '/Users/giulioleone/Sviluppo/CoachOne/packages/lib-ai-agents/src/core/providers/config.ts'
    Imported via './ai-provider-config.service' from file '/Users/giulioleone/Sviluppo/CoachOne/packages/lib-ai/src/ai-model.service.ts'
    Imported via '@onecoach/lib-ai' from file '/Users/giulioleone/Sviluppo/CoachOne/packages/one-agent/src/utils/ai-agent-setup.ts' with packageId '@onecoach/lib-ai/src/ai-provider-config.service.ts@0.0.0'
    Imported via '../ai-provider-config.service' from file '/Users/giulioleone/Sviluppo/CoachOne/packages/lib-ai/src/agent-orchestrator/fallback-executor.service.ts'
    Imported via './ai-provider-config.service' from file '/Users/giulioleone/Sviluppo/CoachOne/packages/lib-ai/src/index.ts'
    Imported via '@onecoach/lib-ai' from file '/Users/giulioleone/Sviluppo/CoachOne/packages/lib-ai-agents/src/intent-detector.ts'
    Imported via '@onecoach/lib-ai' from file '/Users/giulioleone/Sviluppo/CoachOne/packages/lib-food/src/food-vision.service.ts' with packageId '@onecoach/lib-ai/src/ai-provider-config.service.ts@0.0.0'
../lib-ai-agents/src/core/providers/config.ts(172,11): error TS6059: File '/Users/giulioleone/Sviluppo/CoachOne/packages/lib-ai-agents/src/core/models/types.ts' is not under 'rootDir' '/Users/giulioleone/Sviluppo/CoachOne/packages/api-core/src'. 'rootDir' is expected to contain all source files.
  The file is in the program because:
    Imported via '../models/types' from file '/Users/giulioleone/Sviluppo/CoachOne/packages/lib-ai-agents/src/core/providers/config.ts'
    Imported via '../models/types' from file '/Users/giulioleone/Sviluppo/CoachOne/packages/lib-ai-agents/src/core/providers/config.ts'
../lib-ai-agents/src/core/providers/config.ts(172,11): error TS6307: File '/Users/giulioleone/Sviluppo/CoachOne/packages/lib-ai-agents/src/core/models/types.ts' is not listed within the file list of project '/Users/giulioleone/Sviluppo/CoachOne/packages/api-core/tsconfig.json'. Projects must list all files or use an 'include' pattern.
  The file is in the program because:
    Imported via '../models/types' from file '/Users/giulioleone/Sviluppo/CoachOne/packages/lib-ai-agents/src/core/providers/config.ts'
    Imported via '../models/types' from file '/Users/giulioleone/Sviluppo/CoachOne/packages/lib-ai-agents/src/core/providers/config.ts'
../lib-ai-agents/src/core/providers/index.ts(159,65): error TS6059: File '/Users/giulioleone/Sviluppo/CoachOne/packages/lib-ai-agents/src/core/providers/config.ts' is not under 'rootDir' '/Users/giulioleone/Sviluppo/CoachOne/packages/api-core/src'. 'rootDir' is expected to contain all source files.
  The file is in the program because:
    Imported via './config' from file '/Users/giulioleone/Sviluppo/CoachOne/packages/lib-ai-agents/src/core/providers/index.ts'
    Imported via './core/providers/config' from file '/Users/giulioleone/Sviluppo/CoachOne/packages/lib-ai-agents/src/base-agent.ts'
    Imported via '@onecoach/lib-ai' from file '/Users/giulioleone/Sviluppo/CoachOne/packages/lib-ai/src/modification-ai.service.ts' with packageId '@onecoach/lib-ai-agents/src/core/providers/config.ts@0.0.0'
    Imported via '@onecoach/lib-ai' from file '/Users/giulioleone/Sviluppo/CoachOne/packages/lib-ai/src/ai-provider.ts' with packageId '@onecoach/lib-ai-agents/src/core/providers/config.ts@0.0.0'
    Imported via '@onecoach/lib-ai' from file '/Users/giulioleone/Sviluppo/CoachOne/packages/lib-nutrition/src/helpers/macro-recalculator.ts' with packageId '@onecoach/lib-ai-agents/src/core/providers/config.ts@0.0.0'
    Imported via '../core/providers/config' from file '/Users/giulioleone/Sviluppo/CoachOne/packages/lib-ai-agents/src/orchestrator/complexity-evaluator.ts'
    Imported via '@onecoach/lib-ai' from file '/Users/giulioleone/Sviluppo/CoachOne/packages/one-agenda/src/agentic/agentic-planner.ts'
../lib-ai-agents/src/core/providers/index.ts(159,65): error TS6307: File '/Users/giulioleone/Sviluppo/CoachOne/packages/lib-ai-agents/src/core/providers/config.ts' is not listed within the file list of project '/Users/giulioleone/Sviluppo/CoachOne/packages/api-core/tsconfig.json'. Projects must list all files or use an 'include' pattern.
  The file is in the program because:
    Imported via './config' from file '/Users/giulioleone/Sviluppo/CoachOne/packages/lib-ai-agents/src/core/providers/index.ts'
    Imported via './core/providers/config' from file '/Users/giulioleone/Sviluppo/CoachOne/packages/lib-ai-agents/src/base-agent.ts'
    Imported via '@onecoach/lib-ai' from file '/Users/giulioleone/Sviluppo/CoachOne/packages/lib-ai/src/modification-ai.service.ts' with packageId '@onecoach/lib-ai-agents/src/core/providers/config.ts@0.0.0'
    Imported via '@onecoach/lib-ai' from file '/Users/giulioleone/Sviluppo/CoachOne/packages/lib-ai/src/ai-provider.ts' with packageId '@onecoach/lib-ai-agents/src/core/providers/config.ts@0.0.0'
    Imported via '@onecoach/lib-ai' from file '/Users/giulioleone/Sviluppo/CoachOne/packages/lib-nutrition/src/helpers/macro-recalculator.ts' with packageId '@onecoach/lib-ai-agents/src/core/providers/config.ts@0.0.0'
    Imported via '../core/providers/config' from file '/Users/giulioleone/Sviluppo/CoachOne/packages/lib-ai-agents/src/orchestrator/complexity-evaluator.ts'
    Imported via '@onecoach/lib-ai' from file '/Users/giulioleone/Sviluppo/CoachOne/packages/one-agenda/src/agentic/agentic-planner.ts'
../lib-ai-agents/src/core/providers/index.ts(160,40): error TS6059: File '/Users/giulioleone/Sviluppo/CoachOne/packages/lib-ai-agents/src/core/providers/provider-options.service.ts' is not under 'rootDir' '/Users/giulioleone/Sviluppo/CoachOne/packages/api-core/src'. 'rootDir' is expected to contain all source files.
  The file is in the program because:
    Imported via './provider-options.service' from file '/Users/giulioleone/Sviluppo/CoachOne/packages/lib-ai-agents/src/core/providers/index.ts'
    Imported via './core/providers/provider-options.service' from file '/Users/giulioleone/Sviluppo/CoachOne/packages/lib-ai-agents/src/intent-detector.ts'
../lib-ai-agents/src/core/providers/index.ts(160,40): error TS6307: File '/Users/giulioleone/Sviluppo/CoachOne/packages/lib-ai-agents/src/core/providers/provider-options.service.ts' is not listed within the file list of project '/Users/giulioleone/Sviluppo/CoachOne/packages/api-core/tsconfig.json'. Projects must list all files or use an 'include' pattern.
  The file is in the program because:
    Imported via './provider-options.service' from file '/Users/giulioleone/Sviluppo/CoachOne/packages/lib-ai-agents/src/core/providers/index.ts'
    Imported via './core/providers/provider-options.service' from file '/Users/giulioleone/Sviluppo/CoachOne/packages/lib-ai-agents/src/intent-detector.ts'
../lib-ai-agents/src/orchestration/agent.ts(445,13): error TS2322: Type '{} | undefined' is not assignable to type 'Record<string, Tool> | undefined'.
  Type '{}' is not assignable to type 'Record<string, Tool>'.
    Index signature for type 'string' is missing in type '{}'.
../lib-ai-agents/src/prompts/workout.ts(12,52): error TS6059: File '/Users/giulioleone/Sviluppo/CoachOne/packages/lib-ai/src/index.ts' is not under 'rootDir' '/Users/giulioleone/Sviluppo/CoachOne/packages/api-core/src'. 'rootDir' is expected to contain all source files.
  The file is in the program because:
    Imported via '@onecoach/lib-ai' from file '/Users/giulioleone/Sviluppo/CoachOne/packages/lib-ai-agents/src/prompts/workout.ts' with packageId '@onecoach/lib-ai/src/index.ts@0.0.0'
    Imported via '@onecoach/lib-ai' from file '/Users/giulioleone/Sviluppo/CoachOne/packages/lib-exercise/src/exercise-admin.service.ts'
    Imported via '@onecoach/lib-ai' from file '/Users/giulioleone/Sviluppo/CoachOne/packages/lib-ai-agents/src/exercise-agent.ts'
    Imported via '@onecoach/lib-ai' from file '/Users/giulioleone/Sviluppo/CoachOne/packages/lib-nutrition/src/helpers/macro-recalculator.ts' with packageId '@onecoach/lib-ai/src/index.ts@0.0.0'
    Imported via '@onecoach/lib-ai' from file '/Users/giulioleone/Sviluppo/CoachOne/packages/lib-nutrition/src/helpers/macro-recalculator.ts' with packageId '@onecoach/lib-ai/src/index.ts@0.0.0'
    Imported via '@onecoach/lib-ai' from file '/Users/giulioleone/Sviluppo/CoachOne/packages/lib-ai-agents/src/index.ts'
../lib-ai-agents/src/prompts/workout.ts(12,52): error TS6307: File '/Users/giulioleone/Sviluppo/CoachOne/packages/lib-ai/src/index.ts' is not listed within the file list of project '/Users/giulioleone/Sviluppo/CoachOne/packages/api-core/tsconfig.json'. Projects must list all files or use an 'include' pattern.
  The file is in the program because:
    Imported via '@onecoach/lib-ai' from file '/Users/giulioleone/Sviluppo/CoachOne/packages/lib-ai-agents/src/prompts/workout.ts' with packageId '@onecoach/lib-ai/src/index.ts@0.0.0'
    Imported via '@onecoach/lib-ai' from file '/Users/giulioleone/Sviluppo/CoachOne/packages/lib-exercise/src/exercise-admin.service.ts'
    Imported via '@onecoach/lib-ai' from file '/Users/giulioleone/Sviluppo/CoachOne/packages/lib-ai-agents/src/exercise-agent.ts'
    Imported via '@onecoach/lib-ai' from file '/Users/giulioleone/Sviluppo/CoachOne/packages/lib-nutrition/src/helpers/macro-recalculator.ts' with packageId '@onecoach/lib-ai/src/index.ts@0.0.0'
    Imported via '@onecoach/lib-ai' from file '/Users/giulioleone/Sviluppo/CoachOne/packages/lib-nutrition/src/helpers/macro-recalculator.ts' with packageId '@onecoach/lib-ai/src/index.ts@0.0.0'
    Imported via '@onecoach/lib-ai' from file '/Users/giulioleone/Sviluppo/CoachOne/packages/lib-ai-agents/src/index.ts'
../lib-ai-agents/src/tools/exercise-tools.ts(10,38): error TS6059: File '/Users/giulioleone/Sviluppo/CoachOne/packages/lib-exercise/src/exercise-admin.service.ts' is not under 'rootDir' '/Users/giulioleone/Sviluppo/CoachOne/packages/api-core/src'. 'rootDir' is expected to contain all source files.
  The file is in the program because:
    Imported via '@onecoach/lib-exercise/exercise-admin.service' from file '/Users/giulioleone/Sviluppo/CoachOne/packages/lib-ai-agents/src/tools/exercise-tools.ts'
    Imported via './exercise-admin.service' from file '/Users/giulioleone/Sviluppo/CoachOne/packages/lib-exercise/src/index.ts'
../lib-ai-agents/src/tools/exercise-tools.ts(10,38): error TS6307: File '/Users/giulioleone/Sviluppo/CoachOne/packages/lib-exercise/src/exercise-admin.service.ts' is not listed within the file list of project '/Users/giulioleone/Sviluppo/CoachOne/packages/api-core/tsconfig.json'. Projects must list all files or use an 'include' pattern.
  The file is in the program because:
    Imported via '@onecoach/lib-exercise/exercise-admin.service' from file '/Users/giulioleone/Sviluppo/CoachOne/packages/lib-ai-agents/src/tools/exercise-tools.ts'
    Imported via './exercise-admin.service' from file '/Users/giulioleone/Sviluppo/CoachOne/packages/lib-exercise/src/index.ts'
../lib-ai/src/agent-orchestrator/index.ts(7,15): error TS6059: File '/Users/giulioleone/Sviluppo/CoachOne/packages/lib-ai/src/agent-orchestrator/interfaces.ts' is not under 'rootDir' '/Users/giulioleone/Sviluppo/CoachOne/packages/api-core/src'. 'rootDir' is expected to contain all source files.
../lib-ai/src/agent-orchestrator/index.ts(7,15): error TS6307: File '/Users/giulioleone/Sviluppo/CoachOne/packages/lib-ai/src/agent-orchestrator/interfaces.ts' is not listed within the file list of project '/Users/giulioleone/Sviluppo/CoachOne/packages/api-core/tsconfig.json'. Projects must list all files or use an 'include' pattern.
../lib-ai/src/agent-orchestrator/index.ts(8,15): error TS6059: File '/Users/giulioleone/Sviluppo/CoachOne/packages/lib-ai/src/agent-orchestrator/execution-metadata.service.ts' is not under 'rootDir' '/Users/giulioleone/Sviluppo/CoachOne/packages/api-core/src'. 'rootDir' is expected to contain all source files.
../lib-ai/src/agent-orchestrator/index.ts(8,15): error TS6307: File '/Users/giulioleone/Sviluppo/CoachOne/packages/lib-ai/src/agent-orchestrator/execution-metadata.service.ts' is not listed within the file list of project '/Users/giulioleone/Sviluppo/CoachOne/packages/api-core/tsconfig.json'. Projects must list all files or use an 'include' pattern.
../lib-ai/src/agent-orchestrator/index.ts(9,15): error TS6059: File '/Users/giulioleone/Sviluppo/CoachOne/packages/lib-ai/src/agent-orchestrator/fallback-executor.service.ts' is not under 'rootDir' '/Users/giulioleone/Sviluppo/CoachOne/packages/api-core/src'. 'rootDir' is expected to contain all source files.
../lib-ai/src/agent-orchestrator/index.ts(9,15): error TS6307: File '/Users/giulioleone/Sviluppo/CoachOne/packages/lib-ai/src/agent-orchestrator/fallback-executor.service.ts' is not listed within the file list of project '/Users/giulioleone/Sviluppo/CoachOne/packages/api-core/tsconfig.json'. Projects must list all files or use an 'include' pattern.
../lib-ai/src/agent-orchestrator/index.ts(10,15): error TS6059: File '/Users/giulioleone/Sviluppo/CoachOne/packages/lib-ai/src/agent-orchestrator/model-chain.service.ts' is not under 'rootDir' '/Users/giulioleone/Sviluppo/CoachOne/packages/api-core/src'. 'rootDir' is expected to contain all source files.
../lib-ai/src/agent-orchestrator/index.ts(10,15): error TS6307: File '/Users/giulioleone/Sviluppo/CoachOne/packages/lib-ai/src/agent-orchestrator/model-chain.service.ts' is not listed within the file list of project '/Users/giulioleone/Sviluppo/CoachOne/packages/api-core/tsconfig.json'. Projects must list all files or use an 'include' pattern.
../lib-ai/src/agent-orchestrator/index.ts(11,15): error TS6059: File '/Users/giulioleone/Sviluppo/CoachOne/packages/lib-ai/src/agent-orchestrator/result-validator.service.ts' is not under 'rootDir' '/Users/giulioleone/Sviluppo/CoachOne/packages/api-core/src'. 'rootDir' is expected to contain all source files.
../lib-ai/src/agent-orchestrator/index.ts(11,15): error TS6307: File '/Users/giulioleone/Sviluppo/CoachOne/packages/lib-ai/src/agent-orchestrator/result-validator.service.ts' is not listed within the file list of project '/Users/giulioleone/Sviluppo/CoachOne/packages/api-core/tsconfig.json'. Projects must list all files or use an 'include' pattern.
../lib-ai/src/agent-orchestrator/interfaces.ts(12,8): error TS6059: File '/Users/giulioleone/Sviluppo/CoachOne/packages/lib-ai-agents/src/core/providers/index.ts' is not under 'rootDir' '/Users/giulioleone/Sviluppo/CoachOne/packages/api-core/src'. 'rootDir' is expected to contain all source files.
  The file is in the program because:
    Imported via '@onecoach/lib-ai' from file '/Users/giulioleone/Sviluppo/CoachOne/packages/lib-ai/src/agent-orchestrator/interfaces.ts' with packageId '@onecoach/lib-ai-agents/src/core/providers/index.ts@0.0.0'
    Imported via '@onecoach/lib-ai' from file '/Users/giulioleone/Sviluppo/CoachOne/packages/lib-ai/src/ai-provider-config.service.ts' with packageId '@onecoach/lib-ai-agents/src/core/providers/index.ts@0.0.0'
    Imported via '@onecoach/lib-ai' from file '/Users/giulioleone/Sviluppo/CoachOne/packages/lib-ai/src/ai-provider-config.service.ts' with packageId '@onecoach/lib-ai-agents/src/core/providers/index.ts@0.0.0'
    Imported via '@onecoach/lib-ai' from file '/Users/giulioleone/Sviluppo/CoachOne/packages/lib-ai-agents/src/utils/model-factory.ts' with packageId '@onecoach/lib-ai-agents/src/core/providers/index.ts@0.0.0'
    Imported via '@onecoach/lib-ai' from file '/Users/giulioleone/Sviluppo/CoachOne/packages/lib-exercise/src/exercise-admin.service.ts' with packageId '@onecoach/lib-ai-agents/src/core/providers/index.ts@0.0.0'
    Imported via '@onecoach/lib-ai' from file '/Users/giulioleone/Sviluppo/CoachOne/packages/one-agent/src/utils/ai-agent-setup.ts'
    Imported via '@onecoach/lib-ai' from file '/Users/giulioleone/Sviluppo/CoachOne/packages/lib-ai/src/agent-orchestrator/execution-metadata.service.ts' with packageId '@onecoach/lib-ai-agents/src/core/providers/index.ts@0.0.0'
    Imported via '@onecoach/lib-ai' from file '/Users/giulioleone/Sviluppo/CoachOne/packages/lib-ai/src/agent-orchestrator/fallback-executor.service.ts' with packageId '@onecoach/lib-ai-agents/src/core/providers/index.ts@0.0.0'
    Imported via '@onecoach/lib-ai' from file '/Users/giulioleone/Sviluppo/CoachOne/packages/lib-ai/src/agent-orchestrator/model-chain.service.ts' with packageId '@onecoach/lib-ai-agents/src/core/providers/index.ts@0.0.0'
    Imported via './core/providers' from file '/Users/giulioleone/Sviluppo/CoachOne/packages/lib-ai-agents/src/intent-detector.ts'
    Imported via '../core/providers' from file '/Users/giulioleone/Sviluppo/CoachOne/packages/lib-ai-agents/src/orchestrator/ai-task-orchestrator.ts'
    Imported via '../core/providers' from file '/Users/giulioleone/Sviluppo/CoachOne/packages/lib-ai-agents/src/orchestrator/complexity-evaluator.ts'
    Imported via '@onecoach/lib-ai' from file '/Users/giulioleone/Sviluppo/CoachOne/packages/oneagenda-core/src/agents/base-oneagenda-agent.ts' with packageId '@onecoach/lib-ai-agents/src/core/providers/index.ts@0.0.0'
../lib-ai/src/agent-orchestrator/interfaces.ts(12,8): error TS6307: File '/Users/giulioleone/Sviluppo/CoachOne/packages/lib-ai-agents/src/core/providers/index.ts' is not listed within the file list of project '/Users/giulioleone/Sviluppo/CoachOne/packages/api-core/tsconfig.json'. Projects must list all files or use an 'include' pattern.
  The file is in the program because:
    Imported via '@onecoach/lib-ai' from file '/Users/giulioleone/Sviluppo/CoachOne/packages/lib-ai/src/agent-orchestrator/interfaces.ts' with packageId '@onecoach/lib-ai-agents/src/core/providers/index.ts@0.0.0'
    Imported via '@onecoach/lib-ai' from file '/Users/giulioleone/Sviluppo/CoachOne/packages/lib-ai/src/ai-provider-config.service.ts' with packageId '@onecoach/lib-ai-agents/src/core/providers/index.ts@0.0.0'
    Imported via '@onecoach/lib-ai' from file '/Users/giulioleone/Sviluppo/CoachOne/packages/lib-ai/src/ai-provider-config.service.ts' with packageId '@onecoach/lib-ai-agents/src/core/providers/index.ts@0.0.0'
    Imported via '@onecoach/lib-ai' from file '/Users/giulioleone/Sviluppo/CoachOne/packages/lib-ai-agents/src/utils/model-factory.ts' with packageId '@onecoach/lib-ai-agents/src/core/providers/index.ts@0.0.0'
    Imported via '@onecoach/lib-ai' from file '/Users/giulioleone/Sviluppo/CoachOne/packages/lib-exercise/src/exercise-admin.service.ts' with packageId '@onecoach/lib-ai-agents/src/core/providers/index.ts@0.0.0'
    Imported via '@onecoach/lib-ai' from file '/Users/giulioleone/Sviluppo/CoachOne/packages/one-agent/src/utils/ai-agent-setup.ts'
    Imported via '@onecoach/lib-ai' from file '/Users/giulioleone/Sviluppo/CoachOne/packages/lib-ai/src/agent-orchestrator/execution-metadata.service.ts' with packageId '@onecoach/lib-ai-agents/src/core/providers/index.ts@0.0.0'
    Imported via '@onecoach/lib-ai' from file '/Users/giulioleone/Sviluppo/CoachOne/packages/lib-ai/src/agent-orchestrator/fallback-executor.service.ts' with packageId '@onecoach/lib-ai-agents/src/core/providers/index.ts@0.0.0'
    Imported via '@onecoach/lib-ai' from file '/Users/giulioleone/Sviluppo/CoachOne/packages/lib-ai/src/agent-orchestrator/model-chain.service.ts' with packageId '@onecoach/lib-ai-agents/src/core/providers/index.ts@0.0.0'
    Imported via './core/providers' from file '/Users/giulioleone/Sviluppo/CoachOne/packages/lib-ai-agents/src/intent-detector.ts'
    Imported via '../core/providers' from file '/Users/giulioleone/Sviluppo/CoachOne/packages/lib-ai-agents/src/orchestrator/ai-task-orchestrator.ts'
    Imported via '../core/providers' from file '/Users/giulioleone/Sviluppo/CoachOne/packages/lib-ai-agents/src/orchestrator/complexity-evaluator.ts'
    Imported via '@onecoach/lib-ai' from file '/Users/giulioleone/Sviluppo/CoachOne/packages/oneagenda-core/src/agents/base-oneagenda-agent.ts' with packageId '@onecoach/lib-ai-agents/src/core/providers/index.ts@0.0.0'
../lib-ai/src/ai-framework-config.service.ts(32,7): error TS2740: Type '{ readonly workout_import: FrameworkFeature.IMPORT_MODELS; }' is missing the following properties from type 'Record<FrameworkFeature, FrameworkFeature>': consensus_system, skills_system, learning_feedback_loop, intelligent_mode_selection, and 6 more.
../lib-ai/src/ai-framework-config.service.ts(343,13): error TS2322: Type 'JsonValue' is not assignable to type 'NullableJsonNullValueInput | InputJsonValue | undefined'.
  Type 'null' is not assignable to type 'NullableJsonNullValueInput | InputJsonValue | undefined'.
../lib-ai/src/ai-framework-config.service.ts(349,13): error TS2322: Type 'JsonValue' is not assignable to type 'NullableJsonNullValueInput | InputJsonValue | undefined'.
  Type 'null' is not assignable to type 'NullableJsonNullValueInput | InputJsonValue | undefined'.
../lib-ai/src/ai-provider-config.service.ts(19,8): error TS6059: File '/Users/giulioleone/Sviluppo/CoachOne/packages/lib-vercel-admin/src/vercel-env-vars-api.service.ts' is not under 'rootDir' '/Users/giulioleone/Sviluppo/CoachOne/packages/api-core/src'. 'rootDir' is expected to contain all source files.
../lib-ai/src/ai-provider-config.service.ts(19,8): error TS6307: File '/Users/giulioleone/Sviluppo/CoachOne/packages/lib-vercel-admin/src/vercel-env-vars-api.service.ts' is not listed within the file list of project '/Users/giulioleone/Sviluppo/CoachOne/packages/api-core/tsconfig.json'. Projects must list all files or use an 'include' pattern.
../lib-ai/src/ai-provider-config.service.ts(367,54): error TS6059: File '/Users/giulioleone/Sviluppo/CoachOne/packages/lib-config/src/env.server.ts' is not under 'rootDir' '/Users/giulioleone/Sviluppo/CoachOne/packages/api-core/src'. 'rootDir' is expected to contain all source files.
../lib-ai/src/ai-provider-config.service.ts(367,54): error TS6307: File '/Users/giulioleone/Sviluppo/CoachOne/packages/lib-config/src/env.server.ts' is not listed within the file list of project '/Users/giulioleone/Sviluppo/CoachOne/packages/api-core/tsconfig.json'. Projects must list all files or use an 'include' pattern.
../lib-ai/src/index.ts(2,15): error TS6059: File '/Users/giulioleone/Sviluppo/CoachOne/packages/lib-ai/src/prompt-registry.ts' is not under 'rootDir' '/Users/giulioleone/Sviluppo/CoachOne/packages/api-core/src'. 'rootDir' is expected to contain all source files.
  The file is in the program because:
    Imported via './prompt-registry' from file '/Users/giulioleone/Sviluppo/CoachOne/packages/lib-ai/src/index.ts'
    Imported via './prompt-registry' from file '/Users/giulioleone/Sviluppo/CoachOne/packages/lib-ai/src/system-prompt.service.ts'
    Imported via './prompt-registry' from file '/Users/giulioleone/Sviluppo/CoachOne/packages/lib-ai/src/modification-ai.service.ts'
../lib-ai/src/index.ts(2,15): error TS6307: File '/Users/giulioleone/Sviluppo/CoachOne/packages/lib-ai/src/prompt-registry.ts' is not listed within the file list of project '/Users/giulioleone/Sviluppo/CoachOne/packages/api-core/tsconfig.json'. Projects must list all files or use an 'include' pattern.
  The file is in the program because:
    Imported via './prompt-registry' from file '/Users/giulioleone/Sviluppo/CoachOne/packages/lib-ai/src/index.ts'
    Imported via './prompt-registry' from file '/Users/giulioleone/Sviluppo/CoachOne/packages/lib-ai/src/system-prompt.service.ts'
    Imported via './prompt-registry' from file '/Users/giulioleone/Sviluppo/CoachOne/packages/lib-ai/src/modification-ai.service.ts'
../lib-ai/src/index.ts(3,15): error TS6059: File '/Users/giulioleone/Sviluppo/CoachOne/packages/lib-ai/src/prompt-utils.ts' is not under 'rootDir' '/Users/giulioleone/Sviluppo/CoachOne/packages/api-core/src'. 'rootDir' is expected to contain all source files.
  The file is in the program because:
    Imported via './prompt-utils' from file '/Users/giulioleone/Sviluppo/CoachOne/packages/lib-ai/src/index.ts'
    Imported via './prompt-utils' from file '/Users/giulioleone/Sviluppo/CoachOne/packages/lib-ai/src/modification-ai.service.ts'
../lib-ai/src/index.ts(3,15): error TS6307: File '/Users/giulioleone/Sviluppo/CoachOne/packages/lib-ai/src/prompt-utils.ts' is not listed within the file list of project '/Users/giulioleone/Sviluppo/CoachOne/packages/api-core/tsconfig.json'. Projects must list all files or use an 'include' pattern.
  The file is in the program because:
    Imported via './prompt-utils' from file '/Users/giulioleone/Sviluppo/CoachOne/packages/lib-ai/src/index.ts'
    Imported via './prompt-utils' from file '/Users/giulioleone/Sviluppo/CoachOne/packages/lib-ai/src/modification-ai.service.ts'
../lib-ai/src/index.ts(6,15): error TS6059: File '/Users/giulioleone/Sviluppo/CoachOne/packages/lib-ai/src/prompts/exercise.ts' is not under 'rootDir' '/Users/giulioleone/Sviluppo/CoachOne/packages/api-core/src'. 'rootDir' is expected to contain all source files.
../lib-ai/src/index.ts(6,15): error TS6307: File '/Users/giulioleone/Sviluppo/CoachOne/packages/lib-ai/src/prompts/exercise.ts' is not listed within the file list of project '/Users/giulioleone/Sviluppo/CoachOne/packages/api-core/tsconfig.json'. Projects must list all files or use an 'include' pattern.
../lib-ai/src/index.ts(9,15): error TS6059: File '/Users/giulioleone/Sviluppo/CoachOne/packages/lib-ai/src/agent-orchestrator/index.ts' is not under 'rootDir' '/Users/giulioleone/Sviluppo/CoachOne/packages/api-core/src'. 'rootDir' is expected to contain all source files.
../lib-ai/src/index.ts(9,15): error TS6307: File '/Users/giulioleone/Sviluppo/CoachOne/packages/lib-ai/src/agent-orchestrator/index.ts' is not listed within the file list of project '/Users/giulioleone/Sviluppo/CoachOne/packages/api-core/tsconfig.json'. Projects must list all files or use an 'include' pattern.
../lib-ai/src/index.ts(12,15): error TS6059: File '/Users/giulioleone/Sviluppo/CoachOne/packages/lib-ai/src/system-prompt.service.ts' is not under 'rootDir' '/Users/giulioleone/Sviluppo/CoachOne/packages/api-core/src'. 'rootDir' is expected to contain all source files.
../lib-ai/src/index.ts(12,15): error TS6307: File '/Users/giulioleone/Sviluppo/CoachOne/packages/lib-ai/src/system-prompt.service.ts' is not listed within the file list of project '/Users/giulioleone/Sviluppo/CoachOne/packages/api-core/tsconfig.json'. Projects must list all files or use an 'include' pattern.
../lib-ai/src/index.ts(13,15): error TS6059: File '/Users/giulioleone/Sviluppo/CoachOne/packages/lib-ai/src/ai-config.service.ts' is not under 'rootDir' '/Users/giulioleone/Sviluppo/CoachOne/packages/api-core/src'. 'rootDir' is expected to contain all source files.
  The file is in the program because:
    Imported via './ai-config.service' from file '/Users/giulioleone/Sviluppo/CoachOne/packages/lib-ai/src/index.ts'
    Imported via '@onecoach/lib-ai' from file '/Users/giulioleone/Sviluppo/CoachOne/packages/lib-ai-agents/src/orchestrator/complexity-evaluator.ts' with packageId '@onecoach/lib-ai/src/ai-config.service.ts@0.0.0'
../lib-ai/src/index.ts(13,15): error TS6307: File '/Users/giulioleone/Sviluppo/CoachOne/packages/lib-ai/src/ai-config.service.ts' is not listed within the file list of project '/Users/giulioleone/Sviluppo/CoachOne/packages/api-core/tsconfig.json'. Projects must list all files or use an 'include' pattern.
  The file is in the program because:
    Imported via './ai-config.service' from file '/Users/giulioleone/Sviluppo/CoachOne/packages/lib-ai/src/index.ts'
    Imported via '@onecoach/lib-ai' from file '/Users/giulioleone/Sviluppo/CoachOne/packages/lib-ai-agents/src/orchestrator/complexity-evaluator.ts' with packageId '@onecoach/lib-ai/src/ai-config.service.ts@0.0.0'
../lib-ai/src/index.ts(15,15): error TS6059: File '/Users/giulioleone/Sviluppo/CoachOne/packages/lib-ai/src/chat.service.ts' is not under 'rootDir' '/Users/giulioleone/Sviluppo/CoachOne/packages/api-core/src'. 'rootDir' is expected to contain all source files.
../lib-ai/src/index.ts(15,15): error TS6307: File '/Users/giulioleone/Sviluppo/CoachOne/packages/lib-ai/src/chat.service.ts' is not listed within the file list of project '/Users/giulioleone/Sviluppo/CoachOne/packages/api-core/tsconfig.json'. Projects must list all files or use an 'include' pattern.
../lib-ai/src/index.ts(16,15): error TS6059: File '/Users/giulioleone/Sviluppo/CoachOne/packages/lib-ai/src/modification-ai.service.ts' is not under 'rootDir' '/Users/giulioleone/Sviluppo/CoachOne/packages/api-core/src'. 'rootDir' is expected to contain all source files.
../lib-ai/src/index.ts(16,15): error TS6307: File '/Users/giulioleone/Sviluppo/CoachOne/packages/lib-ai/src/modification-ai.service.ts' is not listed within the file list of project '/Users/giulioleone/Sviluppo/CoachOne/packages/api-core/tsconfig.json'. Projects must list all files or use an 'include' pattern.
../lib-ai/src/index.ts(17,15): error TS6059: File '/Users/giulioleone/Sviluppo/CoachOne/packages/lib-ai/src/intent-detection.service.ts' is not under 'rootDir' '/Users/giulioleone/Sviluppo/CoachOne/packages/api-core/src'. 'rootDir' is expected to contain all source files.
../lib-ai/src/index.ts(17,15): error TS6307: File '/Users/giulioleone/Sviluppo/CoachOne/packages/lib-ai/src/intent-detection.service.ts' is not listed within the file list of project '/Users/giulioleone/Sviluppo/CoachOne/packages/api-core/tsconfig.json'. Projects must list all files or use an 'include' pattern.
../lib-ai/src/index.ts(20,15): error TS6059: File '/Users/giulioleone/Sviluppo/CoachOne/packages/lib-ai/src/ai-provider.ts' is not under 'rootDir' '/Users/giulioleone/Sviluppo/CoachOne/packages/api-core/src'. 'rootDir' is expected to contain all source files.
../lib-ai/src/index.ts(20,15): error TS6307: File '/Users/giulioleone/Sviluppo/CoachOne/packages/lib-ai/src/ai-provider.ts' is not listed within the file list of project '/Users/giulioleone/Sviluppo/CoachOne/packages/api-core/tsconfig.json'. Projects must list all files or use an 'include' pattern.
../lib-analytics/src/analytics.service.ts(732,7): error TS2322: Type 'InputJsonValue' is not assignable to type 'user_goalsCreateprogressLogsInput | InputJsonValue[] | undefined'.
  Type 'string' is not assignable to type 'user_goalsCreateprogressLogsInput | InputJsonValue[] | undefined'.
../lib-analytics/src/analytics.service.ts(831,7): error TS2322: Type 'unknown' is not assignable to type 'NullableJsonNullValueInput | InputJsonValue | undefined'.
../lib-api/src/core/native-client.ts(74,47): error TS2345: Argument of type 'unknown' is not assignable to parameter of type 'RequestOptions | undefined'.
../lib-api/src/core/native-client.ts(78,65): error TS18046: 'options' is of type 'unknown'.
../lib-api/src/hooks/use-auth.ts(36,57): error TS2339: Property 'role' does not exist on type 'User'.
../lib-api/src/hooks/use-auth.ts(40,9): error TS2322: Type 'string | undefined' is not assignable to type 'string'.
  Type 'undefined' is not assignable to type 'string'.
../lib-api/src/hooks/use-body-measurements.ts(14,8): error TS6133: 'CreateBodyMeasurementInput' is declared but its value is never read.
../lib-api/src/hooks/use-body-measurements.ts(101,15): error TS6133: 'err' is declared but its value is never read.
../lib-api/src/hooks/use-body-measurements.ts(101,20): error TS6133: 'newMeasurement' is declared but its value is never read.
../lib-api/src/hooks/use-body-measurements.ts(107,23): error TS6133: 'variables' is declared but its value is never read.
../lib-api/src/hooks/use-body-measurements.ts(112,11): error TS2345: Argument of type 'unknown[]' is not assignable to parameter of type 'Updater<BodyMeasurement[] | undefined, BodyMeasurement[] | undefined>'.
  Type 'unknown[]' is not assignable to type 'BodyMeasurement[]'.
    Type 'unknown' is not assignable to type 'BodyMeasurement'.
../lib-api/src/hooks/use-body-measurements.ts(112,61): error TS18046: 'm' is of type 'unknown'.
../lib-api/src/hooks/use-body-measurements.ts(160,13): error TS18046: 'm' is of type 'unknown'.
../lib-api/src/hooks/use-body-measurements.ts(162,19): error TS2698: Spread types may only be created from object types.
../lib-api/src/hooks/use-body-measurements.ts(173,15): error TS6133: 'err' is declared but its value is never read.
../lib-api/src/hooks/use-body-measurements.ts(220,55): error TS18046: 'm' is of type 'unknown'.
../lib-api/src/hooks/use-body-measurements.ts(226,15): error TS6133: 'err' is declared but its value is never read.
../lib-api/src/hooks/use-body-measurements.ts(235,17): error TS6133: 'data' is declared but its value is never read.
../lib-api/src/hooks/use-coach.ts(16,1): error TS6133: 'PublicCoachProfileResponse' is declared but its value is never read.
../lib-api/src/hooks/use-exercise.ts(10,47): error TS1484: 'ExerciseListParams' is a type and must be imported using a type-only import when 'verbatimModuleSyntax' is enabled.
../lib-api/src/hooks/use-exercise.ts(10,67): error TS1484: 'Exercise' is a type and must be imported using a type-only import when 'verbatimModuleSyntax' is enabled.
../lib-api/src/hooks/use-exercise.ts(12,1): error TS6133: 'ExerciseApprovalStatus' is declared but its value is never read.
../lib-api/src/hooks/use-health-native.ts(25,8): error TS2307: Cannot find module '../../stores/health.store' or its corresponding type declarations.
../lib-api/src/hooks/use-health-native.ts(27,30): error TS2307: Cannot find module '../../stores/auth.store' or its corresponding type declarations.
../lib-api/src/hooks/use-health-native.ts(30,3): error TS2305: Module '"@onecoach/constants"' has no exported member 'APPLE_HEALTH_PERMISSIONS'.
../lib-api/src/hooks/use-health-native.ts(31,3): error TS2305: Module '"@onecoach/constants"' has no exported member 'ANDROID_HEALTH_PERMISSIONS'.
../lib-api/src/hooks/use-health-native.ts(32,3): error TS2305: Module '"@onecoach/constants"' has no exported member 'HEALTH_DATA_TYPES'.
../lib-api/src/hooks/use-health-native.ts(33,3): error TS2305: Module '"@onecoach/constants"' has no exported member 'DEFAULT_SYNC_DAYS'.
../lib-api/src/hooks/use-health-native.ts(34,3): error TS2305: Module '"@onecoach/constants"' has no exported member 'HEALTH_STORAGE_KEYS'.
../lib-api/src/hooks/use-health-native.ts(36,24): error TS2307: Cannot find module '../../utils/logger' or its corresponding type declarations.
../lib-api/src/hooks/use-health-native.ts(37,33): error TS2307: Cannot find module '../../utils/error' or its corresponding type declarations.
../lib-api/src/hooks/use-health-native.ts(49,30): error TS7006: Parameter 'state' implicitly has an 'any' type.
../lib-api/src/hooks/use-health-native.ts(135,24): error TS7006: Parameter 'prev' implicitly has an 'any' type.
../lib-api/src/hooks/use-health-native.ts(205,5): error TS6133: 'dataType' is declared but its value is never read.
../lib-api/src/hooks/use-health-native.ts(206,5): error TS6133: 'startDate' is declared but its value is never read.
../lib-api/src/hooks/use-health-native.ts(207,5): error TS6133: 'endDate' is declared but its value is never read.
../lib-api/src/hooks/use-health-native.ts(220,20): error TS7006: Parameter 'prev' implicitly has an 'any' type.
../lib-api/src/hooks/use-health-native.ts(250,22): error TS7006: Parameter 'prev' implicitly has an 'any' type.
../lib-api/src/hooks/use-health.ts(12,31): error TS6133: 'HealthSummary' is declared but its value is never read.
../lib-api/src/hooks/use-health.ts(12,52): error TS2307: Cannot find module '../../stores/health.store' or its corresponding type declarations.
../lib-api/src/hooks/use-health.ts(13,33): error TS2307: Cannot find module '../../utils/error' or its corresponding type declarations.
../lib-api/src/hooks/use-health.ts(21,44): error TS7006: Parameter 'state' implicitly has an 'any' type.
../lib-api/src/hooks/use-health.ts(47,41): error TS7006: Parameter 'state' implicitly has an 'any' type.
../lib-api/src/hooks/use-health.ts(48,9): error TS6133: 'setHealthSummary' is declared but its value is never read.
../lib-api/src/hooks/use-health.ts(48,44): error TS7006: Parameter 'state' implicitly has an 'any' type.
../lib-api/src/hooks/use-health.ts(49,9): error TS6133: 'clearSyncError' is declared but its value is never read.
../lib-api/src/hooks/use-health.ts(49,42): error TS7006: Parameter 'state' implicitly has an 'any' type.
../lib-api/src/hooks/use-health.ts(54,22): error TS7006: Parameter 'prev' implicitly has an 'any' type.
../lib-api/src/hooks/use-health.ts(60,23): error TS6133: 'response' is declared but its value is never read.
../lib-api/src/hooks/use-health.ts(73,22): error TS7006: Parameter 'prev' implicitly has an 'any' type.
../lib-api/src/hooks/use-health.ts(86,38): error TS7006: Parameter 'state' implicitly has an 'any' type.
../lib-api/src/hooks/use-iap-native.ts(22,8): error TS6133: 'Product' is declared but its value is never read.
../lib-api/src/hooks/use-iap-native.ts(27,3): error TS6133: 'useIAPStore' is declared but its value is never read.
../lib-api/src/hooks/use-iap-native.ts(31,8): error TS2307: Cannot find module '../../stores/iap.store' or its corresponding type declarations.
../lib-api/src/hooks/use-iap-native.ts(33,10): error TS2305: Module '"@onecoach/constants"' has no exported member 'ALL_PRODUCT_IDS'.
../lib-api/src/hooks/use-iap-native.ts(33,27): error TS2305: Module '"@onecoach/constants"' has no exported member 'PRODUCT_TO_PLAN_MAP'.
../lib-api/src/hooks/use-iap-native.ts(34,32): error TS2307: Cannot find module '../../stores/iap.store' or its corresponding type declarations.
../lib-api/src/hooks/use-iap-native.ts(35,24): error TS2307: Cannot find module '../../utils/logger' or its corresponding type declarations.
../lib-api/src/hooks/use-iap-native.ts(115,20): error TS18046: 'product' is of type 'unknown'.
../lib-api/src/hooks/use-iap-native.ts(116,16): error TS18046: 'product' is of type 'unknown'.
../lib-api/src/hooks/use-iap-native.ts(117,19): error TS18046: 'product' is of type 'unknown'.
../lib-api/src/hooks/use-iap-native.ts(118,25): error TS18046: 'product' is of type 'unknown'.
../lib-api/src/hooks/use-iap-native.ts(119,16): error TS18046: 'product' is of type 'unknown'.
../lib-api/src/hooks/use-iap-native.ts(119,33): error TS18046: 'product' is of type 'unknown'.
../lib-api/src/hooks/use-iap-native.ts(120,22): error TS18046: 'product' is of type 'unknown'.
../lib-api/src/hooks/use-iap-native.ts(121,51): error TS18046: 'product' is of type 'unknown'.
../lib-api/src/hooks/use-iap-native.ts(237,18): error TS18046: 'purchase' is of type 'unknown'.
../lib-api/src/hooks/use-iap-native.ts(238,20): error TS18046: 'purchase' is of type 'unknown'.
../lib-api/src/hooks/use-iap-native.ts(241,30): error TS18046: 'purchase' is of type 'unknown'.
../lib-api/src/hooks/use-iap.ts(17,28): error TS6133: 'SubscriptionStatus' is declared but its value is never read.
../lib-api/src/hooks/use-iap.ts(17,53): error TS6133: 'IAPProduct' is declared but its value is never read.
../lib-api/src/hooks/use-iap.ts(17,71): error TS2307: Cannot find module '../../stores/iap.store' or its corresponding type declarations.
../lib-api/src/hooks/use-iap.ts(18,33): error TS2307: Cannot find module '../../utils/error' or its corresponding type declarations.
../lib-api/src/hooks/use-iap.ts(26,46): error TS7006: Parameter 'state' implicitly has an 'any' type.
../lib-api/src/hooks/use-iap.ts(55,41): error TS7006: Parameter 'state' implicitly has an 'any' type.
../lib-api/src/hooks/use-iap.ts(56,33): error TS7006: Parameter 'state' implicitly has an 'any' type.
../lib-api/src/hooks/use-iap.ts(57,46): error TS7006: Parameter 'state' implicitly has an 'any' type.
../lib-api/src/hooks/use-iap.ts(104,41): error TS7006: Parameter 'state' implicitly has an 'any' type.
../lib-api/src/hooks/use-iap.ts(105,33): error TS7006: Parameter 'state' implicitly has an 'any' type.
../lib-api/src/hooks/use-iap.ts(106,9): error TS6133: 'setSubscriptionStatus' is declared but its value is never read.
../lib-api/src/hooks/use-iap.ts(106,46): error TS7006: Parameter 'state' implicitly has an 'any' type.
../lib-api/src/hooks/use-marketplace.ts(9,38): error TS6133: 'useMutation' is declared but its value is never read.
../lib-api/src/hooks/use-marketplace.ts(9,51): error TS6133: 'useQueryClient' is declared but its value is never read.
../lib-api/src/hooks/use-marketplace.ts(15,1): error TS6133: 'MarketplacePlan' is declared but its value is never read.
../lib-api/src/hooks/use-nutrition.ts(12,1): error TS6192: All imports in import declaration are unused.
../lib-api/src/hooks/use-profile.ts(11,32): error TS6196: 'ProfileUpdatePayload' is declared but never used.
../lib-api/src/hooks/use-profile.ts(62,15): error TS6133: 'err' is declared but its value is never read.
../lib-api/src/hooks/use-profile.ts(62,20): error TS6133: 'newProfile' is declared but its value is never read.
../lib-api/src/hooks/use-workout.ts(12,1): error TS6192: All imports in import declaration are unused.
../lib-api/src/interceptors/retry.interceptor.ts(15,9): error TS2416: Property 'onResponse' in type 'RetryInterceptor' is not assignable to the same property in base type 'ResponseInterceptor'.
  Type '<_T>(response: unknown) => Promise<unknown>' is not assignable to type '<T>(response: ResponseConfig<T>) => ResponseConfig<T> | Promise<ResponseConfig<T>>'.
    Type 'Promise<unknown>' is not assignable to type 'ResponseConfig<T> | Promise<ResponseConfig<T>>'.
      Type 'Promise<unknown>' is not assignable to type 'Promise<ResponseConfig<T>>'.
        Type 'unknown' is not assignable to type 'ResponseConfig<T>'.
../lib-api/src/queries/auth.queries.ts(7,27): error TS2307: Cannot find module '../../stores/auth.store' or its corresponding type declarations.
../lib-api/src/queries/health.queries.ts(8,52): error TS2307: Cannot find module '../../stores/health.store' or its corresponding type declarations.
../lib-api/src/queries/iap.queries.ts(8,15): error TS6196: 'IAPProduct' is declared but never used.
../lib-api/src/queries/iap.queries.ts(8,64): error TS2307: Cannot find module '../../stores/iap.store' or its corresponding type declarations.
../lib-api/src/queries/marketplace.queries.ts(7,1): error TS6133: 'apiClient' is declared but its value is never read.
../lib-api/src/queries/onboarding.queries.ts(7,41): error TS2307: Cannot find module '../../stores/onboarding.store' or its corresponding type declarations.
../lib-api/src/react-query/provider.tsx(73,42): error TS18046: 'mod' is of type 'unknown'.
../lib-exercise/src/exercise-admin.service.ts(31,8): error TS6059: File '/Users/giulioleone/Sviluppo/CoachOne/packages/one-agent/src/index.ts' is not under 'rootDir' '/Users/giulioleone/Sviluppo/CoachOne/packages/api-core/src'. 'rootDir' is expected to contain all source files.
  The file is in the program because:
    Imported via '@onecoach/one-agent' from file '/Users/giulioleone/Sviluppo/CoachOne/packages/lib-exercise/src/exercise-admin.service.ts'
    Imported via '@onecoach/one-agent' from file '/Users/giulioleone/Sviluppo/CoachOne/packages/lib-food/src/food-admin.service.ts'
    Imported via '@onecoach/one-agent' from file '/Users/giulioleone/Sviluppo/CoachOne/packages/lib-food/src/food-admin.service.ts'
../lib-exercise/src/exercise-admin.service.ts(31,8): error TS6307: File '/Users/giulioleone/Sviluppo/CoachOne/packages/one-agent/src/index.ts' is not listed within the file list of project '/Users/giulioleone/Sviluppo/CoachOne/packages/api-core/tsconfig.json'. Projects must list all files or use an 'include' pattern.
  The file is in the program because:
    Imported via '@onecoach/one-agent' from file '/Users/giulioleone/Sviluppo/CoachOne/packages/lib-exercise/src/exercise-admin.service.ts'
    Imported via '@onecoach/one-agent' from file '/Users/giulioleone/Sviluppo/CoachOne/packages/lib-food/src/food-admin.service.ts'
    Imported via '@onecoach/one-agent' from file '/Users/giulioleone/Sviluppo/CoachOne/packages/lib-food/src/food-admin.service.ts'
../lib-exercise/src/exercise-admin.service.ts(35,69): error TS6059: File '/Users/giulioleone/Sviluppo/CoachOne/packages/lib-metadata/src/index.ts' is not under 'rootDir' '/Users/giulioleone/Sviluppo/CoachOne/packages/api-core/src'. 'rootDir' is expected to contain all source files.
../lib-exercise/src/exercise-admin.service.ts(35,69): error TS6307: File '/Users/giulioleone/Sviluppo/CoachOne/packages/lib-metadata/src/index.ts' is not listed within the file list of project '/Users/giulioleone/Sviluppo/CoachOne/packages/api-core/tsconfig.json'. Projects must list all files or use an 'include' pattern.
../lib-exercise/src/exercise-admin.service.ts(828,42): error TS6133: 'batchIndex' is declared but its value is never read.
../lib-exercise/src/exercise-admin.service.ts(1081,72): error TS2339: Property 'provider' does not exist on type 'Promise<ModelConfig>'.
../lib-exercise/src/exercise-admin.service.ts(1084,78): error TS2339: Property 'provider' does not exist on type 'Promise<ModelConfig>'.
../lib-exercise/src/exercise-admin.service.ts(1089,7): error TS2345: Argument of type 'Promise<ModelConfig>' is not assignable to parameter of type 'ModelConfig'.
  Type 'Promise<ModelConfig>' is missing the following properties from type 'ModelConfig': provider, model, maxTokens, creditsPerRequest
../lib-exercise/src/exercise-id-resolver.service.ts(72,59): error TS18046: 't' is of type 'unknown'.
../lib-exercise/src/exercise-id-resolver.service.ts(73,59): error TS18046: 't' is of type 'unknown'.
../lib-exercise/src/exercise-id-resolver.service.ts(78,23): error TS18046: 't' is of type 'unknown'.
../lib-exercise/src/exercise.service.ts(14,15): error TS2300: Duplicate identifier 'ExercisesResponse'.
../lib-exercise/src/exercise.service.ts(187,15): error TS2300: Duplicate identifier 'ExercisesResponse'.
../lib-exercise/src/exercise.service.ts(192,45): error TS2344: Type 'LocalizedExercise' does not satisfy the constraint 'Exercise'.
  Property 'name' is missing in type 'LocalizedExercise' but required in type 'Exercise'.
../lib-exercise/src/index.ts(8,15): error TS6059: File '/Users/giulioleone/Sviluppo/CoachOne/packages/lib-exercise/src/exercise.service.ts' is not under 'rootDir' '/Users/giulioleone/Sviluppo/CoachOne/packages/api-core/src'. 'rootDir' is expected to contain all source files.
  The file is in the program because:
    Imported via './exercise.service' from file '/Users/giulioleone/Sviluppo/CoachOne/packages/lib-exercise/src/index.ts'
    Imported via './exercise.service' from file '/Users/giulioleone/Sviluppo/CoachOne/packages/lib-exercise/src/exercise-admin.service.ts'
    Imported via '@onecoach/lib-exercise/exercise.service' from file '/Users/giulioleone/Sviluppo/CoachOne/packages/one-agent/src/agents/workout/sub-agents/WorkoutDayGenerationAgent.ts'
../lib-exercise/src/index.ts(8,15): error TS6307: File '/Users/giulioleone/Sviluppo/CoachOne/packages/lib-exercise/src/exercise.service.ts' is not listed within the file list of project '/Users/giulioleone/Sviluppo/CoachOne/packages/api-core/tsconfig.json'. Projects must list all files or use an 'include' pattern.
  The file is in the program because:
    Imported via './exercise.service' from file '/Users/giulioleone/Sviluppo/CoachOne/packages/lib-exercise/src/index.ts'
    Imported via './exercise.service' from file '/Users/giulioleone/Sviluppo/CoachOne/packages/lib-exercise/src/exercise-admin.service.ts'
    Imported via '@onecoach/lib-exercise/exercise.service' from file '/Users/giulioleone/Sviluppo/CoachOne/packages/one-agent/src/agents/workout/sub-agents/WorkoutDayGenerationAgent.ts'
../lib-exercise/src/index.ts(10,15): error TS6059: File '/Users/giulioleone/Sviluppo/CoachOne/packages/lib-exercise/src/exercise-id-resolver.service.ts' is not under 'rootDir' '/Users/giulioleone/Sviluppo/CoachOne/packages/api-core/src'. 'rootDir' is expected to contain all source files.
../lib-exercise/src/index.ts(10,15): error TS6307: File '/Users/giulioleone/Sviluppo/CoachOne/packages/lib-exercise/src/exercise-id-resolver.service.ts' is not listed within the file list of project '/Users/giulioleone/Sviluppo/CoachOne/packages/api-core/tsconfig.json'. Projects must list all files or use an 'include' pattern.
../lib-exercise/src/one-rep-max.service.ts(20,26): error TS6059: File '/Users/giulioleone/Sviluppo/CoachOne/packages/lib-shared/src/index.ts' is not under 'rootDir' '/Users/giulioleone/Sviluppo/CoachOne/packages/api-core/src'. 'rootDir' is expected to contain all source files.
  The file is in the program because:
    Imported via '@onecoach/lib-shared' from file '/Users/giulioleone/Sviluppo/CoachOne/packages/lib-exercise/src/one-rep-max.service.ts'
    Imported via '@onecoach/lib-shared' from file '/Users/giulioleone/Sviluppo/CoachOne/packages/lib-workout/dist/workout.service.d.ts'
    Imported via '@onecoach/lib-shared' from file '/Users/giulioleone/Sviluppo/CoachOne/packages/lib-exercise/src/exercise.service.ts'
    Imported via '@onecoach/lib-shared' from file '/Users/giulioleone/Sviluppo/CoachOne/packages/lib-exercise/src/exercise-admin.service.ts'
    Imported via '@onecoach/lib-shared' from file '/Users/giulioleone/Sviluppo/CoachOne/packages/one-agent/src/agents/workout/sub-agents/WorkoutDayGenerationAgent.ts'
    Imported via '@onecoach/lib-shared' from file '/Users/giulioleone/Sviluppo/CoachOne/packages/lib-ai/src/chat.service.ts'
    Imported via '@onecoach/lib-shared' from file '/Users/giulioleone/Sviluppo/CoachOne/packages/lib-ai/src/chat.service.ts'
    Imported via '@onecoach/lib-shared' from file '/Users/giulioleone/Sviluppo/CoachOne/packages/lib-nutrition/src/nutrition.service.ts'
    Imported via '@onecoach/lib-shared' from file '/Users/giulioleone/Sviluppo/CoachOne/packages/lib-nutrition/src/nutrition.service.ts'
    Imported via '@onecoach/lib-shared' from file '/Users/giulioleone/Sviluppo/CoachOne/packages/lib-nutrition/src/nutrition-tracking.service.ts'
    Imported via '@onecoach/lib-shared' from file '/Users/giulioleone/Sviluppo/CoachOne/packages/lib-nutrition/src/macro-validation.service.ts'
    Imported via '@onecoach/lib-shared' from file '/Users/giulioleone/Sviluppo/CoachOne/packages/lib-nutrition/src/meal-template.service.ts'
    Imported via '@onecoach/lib-shared' from file '/Users/giulioleone/Sviluppo/CoachOne/packages/lib-nutrition/src/modification.service.ts'
    Imported via '@onecoach/lib-shared' from file '/Users/giulioleone/Sviluppo/CoachOne/packages/lib-exercise/src/exercise-id-resolver.service.ts'
../lib-exercise/src/one-rep-max.service.ts(20,26): error TS6307: File '/Users/giulioleone/Sviluppo/CoachOne/packages/lib-shared/src/index.ts' is not listed within the file list of project '/Users/giulioleone/Sviluppo/CoachOne/packages/api-core/tsconfig.json'. Projects must list all files or use an 'include' pattern.
  The file is in the program because:
    Imported via '@onecoach/lib-shared' from file '/Users/giulioleone/Sviluppo/CoachOne/packages/lib-exercise/src/one-rep-max.service.ts'
    Imported via '@onecoach/lib-shared' from file '/Users/giulioleone/Sviluppo/CoachOne/packages/lib-workout/dist/workout.service.d.ts'
    Imported via '@onecoach/lib-shared' from file '/Users/giulioleone/Sviluppo/CoachOne/packages/lib-exercise/src/exercise.service.ts'
    Imported via '@onecoach/lib-shared' from file '/Users/giulioleone/Sviluppo/CoachOne/packages/lib-exercise/src/exercise-admin.service.ts'
    Imported via '@onecoach/lib-shared' from file '/Users/giulioleone/Sviluppo/CoachOne/packages/one-agent/src/agents/workout/sub-agents/WorkoutDayGenerationAgent.ts'
    Imported via '@onecoach/lib-shared' from file '/Users/giulioleone/Sviluppo/CoachOne/packages/lib-ai/src/chat.service.ts'
    Imported via '@onecoach/lib-shared' from file '/Users/giulioleone/Sviluppo/CoachOne/packages/lib-ai/src/chat.service.ts'
    Imported via '@onecoach/lib-shared' from file '/Users/giulioleone/Sviluppo/CoachOne/packages/lib-nutrition/src/nutrition.service.ts'
    Imported via '@onecoach/lib-shared' from file '/Users/giulioleone/Sviluppo/CoachOne/packages/lib-nutrition/src/nutrition.service.ts'
    Imported via '@onecoach/lib-shared' from file '/Users/giulioleone/Sviluppo/CoachOne/packages/lib-nutrition/src/nutrition-tracking.service.ts'
    Imported via '@onecoach/lib-shared' from file '/Users/giulioleone/Sviluppo/CoachOne/packages/lib-nutrition/src/macro-validation.service.ts'
    Imported via '@onecoach/lib-shared' from file '/Users/giulioleone/Sviluppo/CoachOne/packages/lib-nutrition/src/meal-template.service.ts'
    Imported via '@onecoach/lib-shared' from file '/Users/giulioleone/Sviluppo/CoachOne/packages/lib-nutrition/src/modification.service.ts'
    Imported via '@onecoach/lib-shared' from file '/Users/giulioleone/Sviluppo/CoachOne/packages/lib-exercise/src/exercise-id-resolver.service.ts'
../lib-exercise/src/one-rep-max.service.ts(128,11): error TS2353: Object literal may only specify known properties, and 'userId_exerciseId' does not exist in type 'user_one_rep_maxWhereUniqueInput'.
../lib-exercise/src/one-rep-max.service.ts(219,11): error TS2353: Object literal may only specify known properties, and 'userId_exerciseId' does not exist in type 'user_one_rep_maxWhereUniqueInput'.
../lib-exercise/src/one-rep-max.service.ts(236,15): error TS2322: Type 'string | null' is not assignable to type 'string'.
  Type 'null' is not assignable to type 'string'.
../lib-exercise/src/one-rep-max.service.ts(249,15): error TS2353: Object literal may only specify known properties, and 'userId_exerciseId' does not exist in type 'user_one_rep_maxWhereUniqueInput'.
../lib-exercise/src/one-rep-max.service.ts(387,11): error TS2353: Object literal may only specify known properties, and 'userId_exerciseId' does not exist in type 'user_one_rep_maxWhereUniqueInput'.
../lib-exercise/src/one-rep-max.service.ts(430,11): error TS2353: Object literal may only specify known properties, and 'userId_exerciseId' does not exist in type 'user_one_rep_maxWhereUniqueInput'.
../lib-food/src/food-admin.service.ts(145,58): error TS18046: 'f' is of type 'unknown'.
../lib-food/src/food-admin.service.ts(225,59): error TS18046: 'f' is of type 'unknown'.
../lib-food/src/food-admin.service.ts(244,14): error TS18046: 'food' is of type 'unknown'.
../lib-food/src/food-admin.service.ts(244,27): error TS18046: 'food' is of type 'unknown'.
../lib-food/src/food-admin.service.ts(248,14): error TS18046: 'food' is of type 'unknown'.
../lib-food/src/food-admin.service.ts(248,34): error TS18046: 'food' is of type 'unknown'.
../lib-food/src/food-admin.service.ts(252,14): error TS18046: 'food' is of type 'unknown'.
../lib-food/src/food-admin.service.ts(256,14): error TS18046: 'food' is of type 'unknown'.
../lib-food/src/food-admin.service.ts(256,34): error TS18046: 'food' is of type 'unknown'.
../lib-food/src/food-admin.service.ts(256,58): error TS18046: 'food' is of type 'unknown'.
../lib-food/src/food-admin.service.ts(263,11): error TS18046: 'food' is of type 'unknown'.
../lib-food/src/food-admin.service.ts(264,18): error TS18046: 'food' is of type 'unknown'.
../lib-food/src/food-admin.service.ts(265,11): error TS18046: 'food' is of type 'unknown'.
../lib-food/src/food-admin.service.ts(267,13): error TS18046: 'food' is of type 'unknown'.
../lib-food/src/food-admin.service.ts(270,34): error TS18046: 'food' is of type 'unknown'.
../lib-food/src/food-admin.service.ts(279,17): error TS18046: 'food' is of type 'unknown'.
../lib-food/src/food-admin.service.ts(280,24): error TS18046: 'food' is of type 'unknown'.
../lib-food/src/food-admin.service.ts(281,26): error TS18046: 'food' is of type 'unknown'.
../lib-food/src/food-admin.service.ts(282,24): error TS18046: 'food' is of type 'unknown'.
../lib-food/src/food-admin.service.ts(283,17): error TS18046: 'food' is of type 'unknown'.
../lib-food/src/food-admin.service.ts(284,22): error TS18046: 'food' is of type 'unknown'.
../lib-food/src/food-admin.service.ts(285,24): error TS18046: 'food' is of type 'unknown'.
../lib-food/src/food-admin.service.ts(286,34): error TS18046: 'food' is of type 'unknown'.
../lib-food/src/food-admin.service.ts(362,67): error TS2345: Argument of type 'unknown' is not assignable to parameter of type '{ name: string; description: string; macrosPer100g: { calories: number; protein: number; carbs: number; fats: number; fiber?: number | undefined; }; servingSize: number; unit: string; barcode?: string | undefined; ... 6 more ...; translations?: { ...; }[] | undefined; }'.
../lib-food/src/food-admin.service.ts(450,69): error TS18046: 'c' is of type 'unknown'.
../lib-food/src/food-matching.service.ts(122,7): error TS2322: Type 'number | undefined' is not assignable to type 'number'.
  Type 'undefined' is not assignable to type 'number'.
../lib-food/src/food-vision.service.ts(151,50): error TS2339: Property 'checkCredits' does not exist on type 'typeof CreditService'.
../lib-food/src/food-vision.service.ts(157,25): error TS2339: Property 'consumeCredits' does not exist on type 'typeof CreditService'.
../lib-food/src/food-vision.service.ts(225,13): error TS2552: Cannot find name 'creditService'. Did you mean 'CreditService'?
../lib-food/src/food-vision.service.ts(245,36): error TS2552: Cannot find name 'creditService'. Did you mean 'CreditService'?
../lib-food/src/food-vision.service.ts(251,11): error TS2552: Cannot find name 'creditService'. Did you mean 'CreditService'?
../lib-food/src/food-vision.service.ts(319,28): error TS18046: 'item' is of type 'unknown'.
../lib-food/src/food-vision.service.ts(329,27): error TS2339: Property 'addCredits' does not exist on type 'typeof CreditService'.
../lib-food/src/food.service.ts(148,57): error TS2345: Argument of type 'unknown' is not assignable to parameter of type 'FoodItemWithRelations'.
  Type 'unknown' is not assignable to type '{ food_item_translations: { id: string; createdAt: Date; name: string; updatedAt: Date; description: string; foodItemId: string; locale: string; }[]; }'.
../lib-food/src/food.service.ts(171,57): error TS2345: Argument of type 'unknown' is not assignable to parameter of type 'FoodItemWithRelations'.
  Type 'unknown' is not assignable to type '{ food_item_translations: { id: string; createdAt: Date; name: string; updatedAt: Date; description: string; foodItemId: string; locale: string; }[]; }'.
../lib-import-core/src/mime-router.ts(1,10): error TS1484: 'MimeRouterHandlers' is a type and must be imported using a type-only import when 'verbatimModuleSyntax' is enabled.
../lib-import-core/src/mime-router.ts(1,30): error TS1484: 'MimeHandler' is a type and must be imported using a type-only import when 'verbatimModuleSyntax' is enabled.
../lib-import-core/src/vision.ts(2,1): error TS6133: 'z' is declared but its value is never read.
../lib-import-core/src/vision.ts(4,15): error TS2305: Module '"@onecoach/lib-ai-agents/types"' has no exported member 'ModelMessage'.
../lib-import-core/src/vision.ts(6,10): error TS1484: 'VisionParseParams' is a type and must be imported using a type-only import when 'verbatimModuleSyntax' is enabled.
../lib-metadata/src/index.ts(8,15): error TS6059: File '/Users/giulioleone/Sviluppo/CoachOne/packages/lib-metadata/src/catalog-provider.service.ts' is not under 'rootDir' '/Users/giulioleone/Sviluppo/CoachOne/packages/api-core/src'. 'rootDir' is expected to contain all source files.
../lib-metadata/src/index.ts(8,15): error TS6307: File '/Users/giulioleone/Sviluppo/CoachOne/packages/lib-metadata/src/catalog-provider.service.ts' is not listed within the file list of project '/Users/giulioleone/Sviluppo/CoachOne/packages/api-core/tsconfig.json'. Projects must list all files or use an 'include' pattern.
../lib-metadata/src/index.ts(9,15): error TS6059: File '/Users/giulioleone/Sviluppo/CoachOne/packages/lib-metadata/src/metadata-id-resolver.service.ts' is not under 'rootDir' '/Users/giulioleone/Sviluppo/CoachOne/packages/api-core/src'. 'rootDir' is expected to contain all source files.
../lib-metadata/src/index.ts(9,15): error TS6307: File '/Users/giulioleone/Sviluppo/CoachOne/packages/lib-metadata/src/metadata-id-resolver.service.ts' is not listed within the file list of project '/Users/giulioleone/Sviluppo/CoachOne/packages/api-core/tsconfig.json'. Projects must list all files or use an 'include' pattern.
../lib-metadata/src/index.ts(10,15): error TS6059: File '/Users/giulioleone/Sviluppo/CoachOne/packages/lib-metadata/src/metadata-translation.service.ts' is not under 'rootDir' '/Users/giulioleone/Sviluppo/CoachOne/packages/api-core/src'. 'rootDir' is expected to contain all source files.
../lib-metadata/src/index.ts(10,15): error TS6307: File '/Users/giulioleone/Sviluppo/CoachOne/packages/lib-metadata/src/metadata-translation.service.ts' is not listed within the file list of project '/Users/giulioleone/Sviluppo/CoachOne/packages/api-core/tsconfig.json'. Projects must list all files or use an 'include' pattern.
../lib-metadata/src/index.ts(11,15): error TS6059: File '/Users/giulioleone/Sviluppo/CoachOne/packages/lib-metadata/src/metadata-validator.service.ts' is not under 'rootDir' '/Users/giulioleone/Sviluppo/CoachOne/packages/api-core/src'. 'rootDir' is expected to contain all source files.
../lib-metadata/src/index.ts(11,15): error TS6307: File '/Users/giulioleone/Sviluppo/CoachOne/packages/lib-metadata/src/metadata-validator.service.ts' is not listed within the file list of project '/Users/giulioleone/Sviluppo/CoachOne/packages/api-core/tsconfig.json'. Projects must list all files or use an 'include' pattern.
../lib-metadata/src/metadata-id-resolver.service.ts(69,54): error TS18046: 't' is of type 'unknown'.
../lib-metadata/src/metadata-id-resolver.service.ts(70,54): error TS18046: 't' is of type 'unknown'.
../lib-metadata/src/metadata-id-resolver.service.ts(111,55): error TS18046: 't' is of type 'unknown'.
../lib-metadata/src/metadata-id-resolver.service.ts(112,55): error TS18046: 't' is of type 'unknown'.
../lib-metadata/src/metadata-id-resolver.service.ts(153,54): error TS18046: 't' is of type 'unknown'.
../lib-metadata/src/metadata-id-resolver.service.ts(154,54): error TS18046: 't' is of type 'unknown'.
../lib-metadata/src/metadata-id-resolver.service.ts(195,58): error TS18046: 't' is of type 'unknown'.
../lib-metadata/src/metadata-id-resolver.service.ts(196,58): error TS18046: 't' is of type 'unknown'.
../lib-metadata/src/metadata-translation.service.ts(48,75): error TS18046: 't' is of type 'unknown'.
../lib-metadata/src/metadata-translation.service.ts(48,85): error TS18046: 't' is of type 'unknown'.
../lib-metadata/src/metadata-translation.service.ts(94,26): error TS18046: 'type' is of type 'unknown'.
../lib-metadata/src/metadata-translation.service.ts(96,34): error TS18046: 'type' is of type 'unknown'.
../lib-metadata/src/metadata-translation.service.ts(97,9): error TS18046: 'type' is of type 'unknown'.
../lib-metadata/src/metadata-translation.service.ts(100,11): error TS18046: 'type' is of type 'unknown'.
../lib-metadata/src/metadata-translation.service.ts(101,13): error TS18046: 'type' is of type 'unknown'.
../lib-metadata/src/metadata-translation.service.ts(103,17): error TS18046: 'type' is of type 'unknown'.
../lib-metadata/src/metadata-translation.service.ts(131,28): error TS18046: 'muscle' is of type 'unknown'.
../lib-metadata/src/metadata-translation.service.ts(133,36): error TS18046: 'muscle' is of type 'unknown'.
../lib-metadata/src/metadata-translation.service.ts(134,11): error TS18046: 'muscle' is of type 'unknown'.
../lib-metadata/src/metadata-translation.service.ts(137,13): error TS18046: 'muscle' is of type 'unknown'.
../lib-metadata/src/metadata-translation.service.ts(138,15): error TS18046: 'muscle' is of type 'unknown'.
../lib-metadata/src/metadata-translation.service.ts(139,15): error TS18046: 'muscle' is of type 'unknown'.
../lib-metadata/src/metadata-translation.service.ts(140,19): error TS18046: 'muscle' is of type 'unknown'.
../lib-metadata/src/metadata-translation.service.ts(170,26): error TS18046: 'bodyPart' is of type 'unknown'.
../lib-metadata/src/metadata-translation.service.ts(172,34): error TS18046: 'bodyPart' is of type 'unknown'.
../lib-metadata/src/metadata-translation.service.ts(173,9): error TS18046: 'bodyPart' is of type 'unknown'.
../lib-metadata/src/metadata-translation.service.ts(176,11): error TS18046: 'bodyPart' is of type 'unknown'.
../lib-metadata/src/metadata-translation.service.ts(177,13): error TS18046: 'bodyPart' is of type 'unknown'.
../lib-metadata/src/metadata-translation.service.ts(178,13): error TS18046: 'bodyPart' is of type 'unknown'.
../lib-metadata/src/metadata-translation.service.ts(179,17): error TS18046: 'bodyPart' is of type 'unknown'.
../lib-metadata/src/metadata-translation.service.ts(206,26): error TS18046: 'equip' is of type 'unknown'.
../lib-metadata/src/metadata-translation.service.ts(208,34): error TS18046: 'equip' is of type 'unknown'.
../lib-metadata/src/metadata-translation.service.ts(209,9): error TS18046: 'equip' is of type 'unknown'.
../lib-metadata/src/metadata-translation.service.ts(212,11): error TS18046: 'equip' is of type 'unknown'.
../lib-metadata/src/metadata-translation.service.ts(213,13): error TS18046: 'equip' is of type 'unknown'.
../lib-metadata/src/metadata-translation.service.ts(214,13): error TS18046: 'equip' is of type 'unknown'.
../lib-metadata/src/metadata-translation.service.ts(215,17): error TS18046: 'equip' is of type 'unknown'.
../lib-metadata/src/metadata-translation.service.ts(243,28): error TS18046: 'goal' is of type 'unknown'.
../lib-metadata/src/metadata-translation.service.ts(245,36): error TS18046: 'goal' is of type 'unknown'.
../lib-metadata/src/metadata-translation.service.ts(246,11): error TS18046: 'goal' is of type 'unknown'.
../lib-metadata/src/metadata-translation.service.ts(249,13): error TS18046: 'goal' is of type 'unknown'.
../lib-metadata/src/metadata-translation.service.ts(250,15): error TS18046: 'goal' is of type 'unknown'.
../lib-metadata/src/metadata-translation.service.ts(251,15): error TS18046: 'goal' is of type 'unknown'.
../lib-metadata/src/metadata-translation.service.ts(467,32): error TS18046: 'name' is of type 'unknown'.
../lib-metadata/src/metadata-validator.service.ts(11,26): error TS6059: File '/Users/giulioleone/Sviluppo/CoachOne/packages/lib-shared/src/utils/id-generator.ts' is not under 'rootDir' '/Users/giulioleone/Sviluppo/CoachOne/packages/api-core/src'. 'rootDir' is expected to contain all source files.
  The file is in the program because:
    Imported via '@onecoach/lib-shared/utils/id-generator' from file '/Users/giulioleone/Sviluppo/CoachOne/packages/lib-metadata/src/metadata-validator.service.ts'
    Imported via '@onecoach/lib-shared/utils/id-generator' from file '/Users/giulioleone/Sviluppo/CoachOne/packages/lib-nutrition/src/helpers/plan-transform.ts'
    Imported via '@onecoach/lib-shared/utils/id-generator' from file '/Users/giulioleone/Sviluppo/CoachOne/packages/lib-nutrition/src/helpers/plan-operations.ts'
../lib-metadata/src/metadata-validator.service.ts(11,26): error TS6307: File '/Users/giulioleone/Sviluppo/CoachOne/packages/lib-shared/src/utils/id-generator.ts' is not listed within the file list of project '/Users/giulioleone/Sviluppo/CoachOne/packages/api-core/tsconfig.json'. Projects must list all files or use an 'include' pattern.
  The file is in the program because:
    Imported via '@onecoach/lib-shared/utils/id-generator' from file '/Users/giulioleone/Sviluppo/CoachOne/packages/lib-metadata/src/metadata-validator.service.ts'
    Imported via '@onecoach/lib-shared/utils/id-generator' from file '/Users/giulioleone/Sviluppo/CoachOne/packages/lib-nutrition/src/helpers/plan-transform.ts'
    Imported via '@onecoach/lib-shared/utils/id-generator' from file '/Users/giulioleone/Sviluppo/CoachOne/packages/lib-nutrition/src/helpers/plan-operations.ts'
../lib-metadata/src/metadata-validator.service.ts(39,63): error TS18046: 'c' is of type 'unknown'.
../lib-metadata/src/metadata-validator.service.ts(45,21): error TS18046: 'c' is of type 'unknown'.
../lib-metadata/src/metadata-validator.service.ts(45,87): error TS18046: 'c' is of type 'unknown'.
../lib-metadata/src/metadata-validator.service.ts(86,35): error TS18046: 'eq' is of type 'unknown'.
../lib-metadata/src/metadata-validator.service.ts(86,45): error TS18046: 'eq' is of type 'unknown'.
../lib-metadata/src/metadata-validator.service.ts(104,35): error TS18046: 'trans' is of type 'unknown'.
../lib-metadata/src/metadata-validator.service.ts(104,48): error TS18046: 'trans' is of type 'unknown'.
../lib-metadata/src/metadata-validator.service.ts(128,20): error TS2339: Property 'code' does not exist on type '{}'.
../lib-metadata/src/metadata-validator.service.ts(128,47): error TS2339: Property 'meta' does not exist on type '{}'.
../lib-metadata/src/metadata-validator.service.ts(199,35): error TS18046: 'm' is of type 'unknown'.
../lib-metadata/src/metadata-validator.service.ts(199,44): error TS18046: 'm' is of type 'unknown'.
../lib-metadata/src/metadata-validator.service.ts(216,35): error TS18046: 'trans' is of type 'unknown'.
../lib-metadata/src/metadata-validator.service.ts(216,48): error TS18046: 'trans' is of type 'unknown'.
../lib-metadata/src/metadata-validator.service.ts(239,20): error TS2339: Property 'code' does not exist on type '{}'.
../lib-metadata/src/metadata-validator.service.ts(239,47): error TS2339: Property 'meta' does not exist on type '{}'.
../lib-metadata/src/metadata-validator.service.ts(299,35): error TS18046: 'bp' is of type 'unknown'.
../lib-metadata/src/metadata-validator.service.ts(299,45): error TS18046: 'bp' is of type 'unknown'.
../lib-metadata/src/metadata-validator.service.ts(316,35): error TS18046: 'trans' is of type 'unknown'.
../lib-metadata/src/metadata-validator.service.ts(316,48): error TS18046: 'trans' is of type 'unknown'.
../lib-metadata/src/metadata-validator.service.ts(339,20): error TS2339: Property 'code' does not exist on type '{}'.
../lib-metadata/src/metadata-validator.service.ts(339,47): error TS2339: Property 'meta' does not exist on type '{}'.
../lib-metadata/src/metadata-validator.service.ts(477,16): error TS2339: Property 'code' does not exist on type '{}'.
../lib-metadata/src/metadata-validator.service.ts(477,43): error TS2339: Property 'meta' does not exist on type '{}'.
../lib-nutrition/src/helpers/plan-transform.ts(110,28): error TS2352: Conversion of type '{ customizations: string[]; personalNotes: string[]; motivationalMessage?: string | undefined; }' to type 'PersonalizedPlan' may be a mistake because neither type sufficiently overlaps with the other. If this was intentional, convert the expression to 'unknown' first.
  Type '{ customizations: string[]; personalNotes: string[]; motivationalMessage?: string | undefined; }' is missing the following properties from type 'PersonalizedPlan': tdee, targetCalories, macroSplit, recommendations
../lib-nutrition/src/helpers/plan-transform.ts(190,27): error TS2739: Type '{ weight: number; height: number; age: number; gender: "other" | "male" | "female"; activityLevel: "moderate" | "sedentary" | "light" | "active" | "very_active"; name?: string | undefined; bodyFatPercentage?: number | undefined; }' is missing the following properties from type 'NutritionUserProfile': sex, heightCm, weightKg, goal
../lib-nutrition/src/helpers/plan-transform.ts(726,3): error TS2322: Type '{ createdAt: string; updatedAt: string; id: string; userId: string; name: string; description: string; goals: string[]; durationWeeks: number; targetMacros: { calories: number; protein: number; carbs: number; fats: number; fiber: number; }; ... 6 more ...; metadata?: Record<...> | ... 1 more ... | undefined; }' is not assignable to type 'NutritionPlan'.
  Types of property 'userProfile' are incompatible.
    Type '{ weight: number; height: number; age: number; gender: "other" | "male" | "female"; activityLevel: "moderate" | "sedentary" | "light" | "active" | "very_active"; name?: string | undefined; bodyFatPercentage?: number | undefined; } | undefined' is not assignable to type 'NutritionUserProfile | undefined'.
      Type '{ weight: number; height: number; age: number; gender: "other" | "male" | "female"; activityLevel: "moderate" | "sedentary" | "light" | "active" | "very_active"; name?: string | undefined; bodyFatPercentage?: number | undefined; }' is missing the following properties from type 'NutritionUserProfile': sex, heightCm, weightKg, goal
../lib-nutrition/src/helpers/type-guards.ts(131,20): error TS2307: Cannot find module 'types/nutrition.types' or its corresponding type declarations.
../lib-nutrition/src/helpers/type-guards.ts(146,20): error TS2307: Cannot find module 'types/nutrition.types' or its corresponding type declarations.
../lib-nutrition/src/meal-template.service.ts(193,7): error TS2322: Type 'string | null' is not assignable to type 'string'.
  Type 'null' is not assignable to type 'string'.
../lib-nutrition/src/modification.service.ts(77,59): error TS2345: Argument of type '{ status: NutritionStatus; id: string; createdAt: Date; userId: string | null; name: string; updatedAt: Date; description: string; metadata: JsonValue; ... 9 more ...; userProfile: JsonValue; }' is not assignable to parameter of type 'PrismaNutritionPlan'.
  Types of property 'userId' are incompatible.
    Type 'string | null' is not assignable to type 'string'.
      Type 'null' is not assignable to type 'string'.
../lib-nutrition/src/modification.service.ts(197,35): error TS2345: Argument of type '{ status: NutritionStatus; id: string; createdAt: Date; userId: string | null; name: string; updatedAt: Date; description: string; metadata: JsonValue; ... 9 more ...; userProfile: JsonValue; }' is not assignable to parameter of type 'PrismaNutritionPlan'.
  Types of property 'userId' are incompatible.
    Type 'string | null' is not assignable to type 'string'.
      Type 'null' is not assignable to type 'string'.
../lib-nutrition/src/nutrition-import.service.ts(5,3): error TS1484: 'AIParseContext' is a type and must be imported using a type-only import when 'verbatimModuleSyntax' is enabled.
../lib-nutrition/src/nutrition-import.service.ts(6,3): error TS1484: 'ImportFile' is a type and must be imported using a type-only import when 'verbatimModuleSyntax' is enabled.
../lib-nutrition/src/nutrition-import.service.ts(7,3): error TS1484: 'ImportOptions' is a type and must be imported using a type-only import when 'verbatimModuleSyntax' is enabled.
../lib-nutrition/src/nutrition-import.service.ts(8,3): error TS1484: 'ImportProgress' is a type and must be imported using a type-only import when 'verbatimModuleSyntax' is enabled.
../lib-nutrition/src/nutrition-import.service.ts(23,3): error TS1484: 'ImportedNutritionPlan' is a type and must be imported using a type-only import when 'verbatimModuleSyntax' is enabled.
../lib-nutrition/src/nutrition-import.service.ts(74,23): error TS6133: 'userId' is declared but its value is never read.
../lib-nutrition/src/nutrition-import.service.ts(96,11): error TS6133: 'parsedOptions' is declared but its value is never read.
../lib-nutrition/src/nutrition-import.service.ts(106,9): error TS18048: 'firstFile' is possibly 'undefined'.
../lib-nutrition/src/nutrition-import.service.ts(107,9): error TS18048: 'firstFile' is possibly 'undefined'.
../lib-nutrition/src/nutrition-template.service.ts(188,21): error TS2552: Cannot find name 'message'. Did you mean 'onmessage'?
../lib-nutrition/src/nutrition-template.service.ts(323,9): error TS2322: Type 'string | null' is not assignable to type 'string'.
  Type 'null' is not assignable to type 'string'.
../lib-nutrition/src/nutrition-template.service.ts(328,21): error TS2552: Cannot find name 'message'. Did you mean 'onmessage'?
../lib-nutrition/src/nutrition-tracking.service.ts(57,10): error TS6133: 'extractDayFromWeeks' is declared but its value is never read.
../lib-nutrition/src/nutrition-tracking.service.ts(171,39): error TS2345: Argument of type '{ status: NutritionStatus; id: string; createdAt: Date; userId: string | null; name: string; updatedAt: Date; description: string; metadata: JsonValue; ... 9 more ...; userProfile: JsonValue; }' is not assignable to parameter of type 'PrismaNutritionPlan'.
  Types of property 'userId' are incompatible.
    Type 'string | null' is not assignable to type 'string'.
      Type 'null' is not assignable to type 'string'.
../lib-nutrition/src/nutrition-tracking.service.ts(230,28): error TS2345: Argument of type '{ id: string; createdAt: Date; userId: string | null; updatedAt: Date; date: Date; planId: string; notes: string | null; weekNumber: number; dayNumber: number; meals: JsonValue; actualDailyMacros: JsonValue; waterIntake: Decimal | null; }' is not assignable to parameter of type 'NutritionDayLogRecord'.
  Types of property 'userId' are incompatible.
    Type 'string | null' is not assignable to type 'string'.
      Type 'null' is not assignable to type 'string'.
../lib-nutrition/src/nutrition-tracking.service.ts(253,28): error TS2345: Argument of type '{ id: string; createdAt: Date; userId: string | null; updatedAt: Date; date: Date; planId: string; notes: string | null; weekNumber: number; dayNumber: number; meals: JsonValue; actualDailyMacros: JsonValue; waterIntake: Decimal | null; }' is not assignable to parameter of type 'NutritionDayLogRecord'.
  Types of property 'userId' are incompatible.
    Type 'string | null' is not assignable to type 'string'.
      Type 'null' is not assignable to type 'string'.
../lib-nutrition/src/nutrition-tracking.service.ts(279,19): error TS2345: Argument of type '(record: NutritionDayLogRecord) => NutritionDayLog' is not assignable to parameter of type '(value: { id: string; createdAt: Date; userId: string | null; updatedAt: Date; date: Date; planId: string; notes: string | null; weekNumber: number; dayNumber: number; meals: JsonValue; actualDailyMacros: JsonValue; waterIntake: Decimal | null; }, index: number, array: { ...; }[]) => NutritionDayLog'.
  Types of parameters 'record' and 'value' are incompatible.
    Type '{ id: string; createdAt: Date; userId: string | null; updatedAt: Date; date: Date; planId: string; notes: string | null; weekNumber: number; dayNumber: number; meals: JsonValue; actualDailyMacros: JsonValue; waterIntake: Decimal | null; }' is not assignable to type 'NutritionDayLogRecord'.
      Types of property 'userId' are incompatible.
        Type 'string | null' is not assignable to type 'string'.
          Type 'null' is not assignable to type 'string'.
../lib-nutrition/src/nutrition-tracking.service.ts(315,28): error TS2345: Argument of type '{ id: string; createdAt: Date; userId: string | null; updatedAt: Date; date: Date; planId: string; notes: string | null; weekNumber: number; dayNumber: number; meals: JsonValue; actualDailyMacros: JsonValue; waterIntake: Decimal | null; }' is not assignable to parameter of type 'NutritionDayLogRecord'.
  Types of property 'userId' are incompatible.
    Type 'string | null' is not assignable to type 'string'.
      Type 'null' is not assignable to type 'string'.
../lib-nutrition/src/nutrition-tracking.service.ts(400,49): error TS2345: Argument of type '{ status: NutritionStatus; id: string; createdAt: Date; userId: string | null; name: string; updatedAt: Date; description: string; metadata: JsonValue; ... 9 more ...; userProfile: JsonValue; }' is not assignable to parameter of type 'PrismaNutritionPlan'.
  Types of property 'userId' are incompatible.
    Type 'string | null' is not assignable to type 'string'.
      Type 'null' is not assignable to type 'string'.
../lib-shared/src/hooks/index.ts(7,15): error TS6059: File '/Users/giulioleone/Sviluppo/CoachOne/packages/lib-shared/src/hooks/use-async-state.ts' is not under 'rootDir' '/Users/giulioleone/Sviluppo/CoachOne/packages/api-core/src'. 'rootDir' is expected to contain all source files.
../lib-shared/src/hooks/index.ts(7,15): error TS6307: File '/Users/giulioleone/Sviluppo/CoachOne/packages/lib-shared/src/hooks/use-async-state.ts' is not listed within the file list of project '/Users/giulioleone/Sviluppo/CoachOne/packages/api-core/tsconfig.json'. Projects must list all files or use an 'include' pattern.
../lib-shared/src/hooks/index.ts(8,15): error TS6059: File '/Users/giulioleone/Sviluppo/CoachOne/packages/lib-shared/src/hooks/use-feature-flag.ts' is not under 'rootDir' '/Users/giulioleone/Sviluppo/CoachOne/packages/api-core/src'. 'rootDir' is expected to contain all source files.
../lib-shared/src/hooks/index.ts(8,15): error TS6307: File '/Users/giulioleone/Sviluppo/CoachOne/packages/lib-shared/src/hooks/use-feature-flag.ts' is not listed within the file list of project '/Users/giulioleone/Sviluppo/CoachOne/packages/api-core/tsconfig.json'. Projects must list all files or use an 'include' pattern.
../lib-shared/src/hooks/index.ts(9,15): error TS6059: File '/Users/giulioleone/Sviluppo/CoachOne/packages/lib-shared/src/hooks/use-form.ts' is not under 'rootDir' '/Users/giulioleone/Sviluppo/CoachOne/packages/api-core/src'. 'rootDir' is expected to contain all source files.
../lib-shared/src/hooks/index.ts(9,15): error TS6307: File '/Users/giulioleone/Sviluppo/CoachOne/packages/lib-shared/src/hooks/use-form.ts' is not listed within the file list of project '/Users/giulioleone/Sviluppo/CoachOne/packages/api-core/tsconfig.json'. Projects must list all files or use an 'include' pattern.
../lib-shared/src/hooks/use-form.ts(12,42): error TS6133: 'useEffect' is declared but its value is never read.
../lib-shared/src/hooks/use-form.ts(73,9): error TS6133: 'updateValues' is declared but its value is never read.
../lib-shared/src/hooks/use-form.ts(113,37): error TS2345: Argument of type 'T' is not assignable to parameter of type 'T[keyof T] | undefined'.
  Type 'Record<string, unknown>' is not assignable to type 'T[keyof T]'.
    'Record<string, unknown>' is assignable to the constraint of type 'T[keyof T]', but 'T[keyof T]' could be instantiated with a different subtype of constraint 'unknown'.
../lib-shared/src/hooks/use-form.ts(212,44): error TS2698: Spread types may only be created from object types.
../lib-shared/src/hooks/use-form.ts(212,52): error TS2464: A computed property name must be of type 'string', 'number', 'symbol', or 'any'.
../lib-shared/src/hooks/use-form.ts(215,18): error TS2345: Argument of type 'unknown' is not assignable to parameter of type 'SetStateAction<Partial<Record<keyof T, boolean>>>'.
../lib-shared/src/index.ts(8,15): error TS6059: File '/Users/giulioleone/Sviluppo/CoachOne/packages/lib-shared/src/storage.service.ts' is not under 'rootDir' '/Users/giulioleone/Sviluppo/CoachOne/packages/api-core/src'. 'rootDir' is expected to contain all source files.
../lib-shared/src/index.ts(8,15): error TS6307: File '/Users/giulioleone/Sviluppo/CoachOne/packages/lib-shared/src/storage.service.ts' is not listed within the file list of project '/Users/giulioleone/Sviluppo/CoachOne/packages/api-core/tsconfig.json'. Projects must list all files or use an 'include' pattern.
../lib-shared/src/index.ts(9,15): error TS6059: File '/Users/giulioleone/Sviluppo/CoachOne/packages/lib-shared/src/api.service.ts' is not under 'rootDir' '/Users/giulioleone/Sviluppo/CoachOne/packages/api-core/src'. 'rootDir' is expected to contain all source files.
../lib-shared/src/index.ts(9,15): error TS6307: File '/Users/giulioleone/Sviluppo/CoachOne/packages/lib-shared/src/api.service.ts' is not listed within the file list of project '/Users/giulioleone/Sviluppo/CoachOne/packages/api-core/tsconfig.json'. Projects must list all files or use an 'include' pattern.
../lib-shared/src/index.ts(10,15): error TS6059: File '/Users/giulioleone/Sviluppo/CoachOne/packages/lib-shared/src/date-utils.ts' is not under 'rootDir' '/Users/giulioleone/Sviluppo/CoachOne/packages/api-core/src'. 'rootDir' is expected to contain all source files.
  The file is in the program because:
    Imported via './date-utils' from file '/Users/giulioleone/Sviluppo/CoachOne/packages/lib-shared/src/index.ts'
    Imported via '../date-utils' from file '/Users/giulioleone/Sviluppo/CoachOne/packages/lib-shared/src/utils/index.ts'
../lib-shared/src/index.ts(10,15): error TS6307: File '/Users/giulioleone/Sviluppo/CoachOne/packages/lib-shared/src/date-utils.ts' is not listed within the file list of project '/Users/giulioleone/Sviluppo/CoachOne/packages/api-core/tsconfig.json'. Projects must list all files or use an 'include' pattern.
  The file is in the program because:
    Imported via './date-utils' from file '/Users/giulioleone/Sviluppo/CoachOne/packages/lib-shared/src/index.ts'
    Imported via '../date-utils' from file '/Users/giulioleone/Sviluppo/CoachOne/packages/lib-shared/src/utils/index.ts'
../lib-shared/src/index.ts(11,15): error TS6059: File '/Users/giulioleone/Sviluppo/CoachOne/packages/lib-shared/src/macro-calculations.ts' is not under 'rootDir' '/Users/giulioleone/Sviluppo/CoachOne/packages/api-core/src'. 'rootDir' is expected to contain all source files.
  The file is in the program because:
    Imported via './macro-calculations' from file '/Users/giulioleone/Sviluppo/CoachOne/packages/lib-shared/src/index.ts'
    Imported via '../macro-calculations' from file '/Users/giulioleone/Sviluppo/CoachOne/packages/lib-shared/src/utils/macro-calculations.ts'
../lib-shared/src/index.ts(11,15): error TS6307: File '/Users/giulioleone/Sviluppo/CoachOne/packages/lib-shared/src/macro-calculations.ts' is not listed within the file list of project '/Users/giulioleone/Sviluppo/CoachOne/packages/api-core/tsconfig.json'. Projects must list all files or use an 'include' pattern.
  The file is in the program because:
    Imported via './macro-calculations' from file '/Users/giulioleone/Sviluppo/CoachOne/packages/lib-shared/src/index.ts'
    Imported via '../macro-calculations' from file '/Users/giulioleone/Sviluppo/CoachOne/packages/lib-shared/src/utils/macro-calculations.ts'
../lib-shared/src/index.ts(15,15): error TS6059: File '/Users/giulioleone/Sviluppo/CoachOne/packages/lib-shared/src/utils/index.ts' is not under 'rootDir' '/Users/giulioleone/Sviluppo/CoachOne/packages/api-core/src'. 'rootDir' is expected to contain all source files.
  The file is in the program because:
    Imported via './utils' from file '/Users/giulioleone/Sviluppo/CoachOne/packages/lib-shared/src/index.ts'
    Imported via '@onecoach/lib-shared/utils' from file '/Users/giulioleone/Sviluppo/CoachOne/packages/lib-exercise/src/exercise.service.ts'
../lib-shared/src/index.ts(15,15): error TS6307: File '/Users/giulioleone/Sviluppo/CoachOne/packages/lib-shared/src/utils/index.ts' is not listed within the file list of project '/Users/giulioleone/Sviluppo/CoachOne/packages/api-core/tsconfig.json'. Projects must list all files or use an 'include' pattern.
  The file is in the program because:
    Imported via './utils' from file '/Users/giulioleone/Sviluppo/CoachOne/packages/lib-shared/src/index.ts'
    Imported via '@onecoach/lib-shared/utils' from file '/Users/giulioleone/Sviluppo/CoachOne/packages/lib-exercise/src/exercise.service.ts'
../lib-shared/src/index.ts(18,15): error TS6059: File '/Users/giulioleone/Sviluppo/CoachOne/packages/lib-shared/src/hooks/index.ts' is not under 'rootDir' '/Users/giulioleone/Sviluppo/CoachOne/packages/api-core/src'. 'rootDir' is expected to contain all source files.
../lib-shared/src/index.ts(18,15): error TS6307: File '/Users/giulioleone/Sviluppo/CoachOne/packages/lib-shared/src/hooks/index.ts' is not listed within the file list of project '/Users/giulioleone/Sviluppo/CoachOne/packages/api-core/tsconfig.json'. Projects must list all files or use an 'include' pattern.
../lib-shared/src/prisma-type-guards.ts(19,3): error TS6196: 'SetGroup' is declared but never used.
../lib-shared/src/prisma-type-guards.ts(169,5): error TS2322: Type 'string | number | boolean | null' is not assignable to type 'InputJsonValue'.
  Type 'null' is not assignable to type 'InputJsonValue'.
../lib-shared/src/prisma-type-guards.ts(172,22): error TS2345: Argument of type '(value: string | number | boolean | Record<string, unknown> | unknown[] | null) => InputJsonValue' is not assignable to parameter of type '(value: unknown, index: number, array: unknown[]) => InputJsonValue'.
  Types of parameters 'value' and 'value' are incompatible.
    Type 'unknown' is not assignable to type 'string | number | boolean | Record<string, unknown> | unknown[] | null'.
../lib-shared/src/prisma-type-guards.ts(177,7): error TS2322: Type 'InputJsonValue' is not assignable to type 'JsonValue'.
  Type 'InputJsonObject' is not assignable to type 'JsonValue'.
    Type 'InputJsonObject' is missing the following properties from type 'JsonValue[]': length, pop, push, concat, and 35 more.
../lib-shared/src/prisma-type-guards.ts(196,3): error TS2322: Type 'InputJsonValue' is not assignable to type 'NullableJsonNullValueInput'.
  Type 'string' is not assignable to type 'NullableJsonNullValueInput'.
../lib-shared/src/prisma-type-guards.ts(528,89): error TS2345: Argument of type 'unknown' is not assignable to parameter of type 'SetJson'.
../lib-shared/src/utils/error/api.ts(12,42): error TS6059: File '/Users/giulioleone/Sviluppo/CoachOne/packages/lib-ai-agents/src/constants.ts' is not under 'rootDir' '/Users/giulioleone/Sviluppo/CoachOne/packages/api-core/src'. 'rootDir' is expected to contain all source files.
  The file is in the program because:
    Imported via '@onecoach/lib-ai-agents/constants' from file '/Users/giulioleone/Sviluppo/CoachOne/packages/lib-shared/src/utils/error/api.ts'
    Imported via './constants' from file '/Users/giulioleone/Sviluppo/CoachOne/packages/lib-ai-agents/src/index.ts'
    Imported via '../constants' from file '/Users/giulioleone/Sviluppo/CoachOne/packages/lib-ai-agents/src/utils/model-factory.ts'
    Imported via '../constants' from file '/Users/giulioleone/Sviluppo/CoachOne/packages/lib-ai-agents/src/tools/exercise-tools.ts'
    Imported via '../constants' from file '/Users/giulioleone/Sviluppo/CoachOne/packages/lib-ai-agents/src/utils/credit-validator.ts'
../lib-shared/src/utils/error/api.ts(12,42): error TS6307: File '/Users/giulioleone/Sviluppo/CoachOne/packages/lib-ai-agents/src/constants.ts' is not listed within the file list of project '/Users/giulioleone/Sviluppo/CoachOne/packages/api-core/tsconfig.json'. Projects must list all files or use an 'include' pattern.
  The file is in the program because:
    Imported via '@onecoach/lib-ai-agents/constants' from file '/Users/giulioleone/Sviluppo/CoachOne/packages/lib-shared/src/utils/error/api.ts'
    Imported via './constants' from file '/Users/giulioleone/Sviluppo/CoachOne/packages/lib-ai-agents/src/index.ts'
    Imported via '../constants' from file '/Users/giulioleone/Sviluppo/CoachOne/packages/lib-ai-agents/src/utils/model-factory.ts'
    Imported via '../constants' from file '/Users/giulioleone/Sviluppo/CoachOne/packages/lib-ai-agents/src/tools/exercise-tools.ts'
    Imported via '../constants' from file '/Users/giulioleone/Sviluppo/CoachOne/packages/lib-ai-agents/src/utils/credit-validator.ts'
../lib-shared/src/utils/error/index.ts(31,8): error TS6059: File '/Users/giulioleone/Sviluppo/CoachOne/packages/lib-shared/src/utils/error/core.ts' is not under 'rootDir' '/Users/giulioleone/Sviluppo/CoachOne/packages/api-core/src'. 'rootDir' is expected to contain all source files.
  The file is in the program because:
    Imported via './core' from file '/Users/giulioleone/Sviluppo/CoachOne/packages/lib-shared/src/utils/error/index.ts'
    Imported via './core' from file '/Users/giulioleone/Sviluppo/CoachOne/packages/lib-shared/src/utils/error/api.ts'
../lib-shared/src/utils/error/index.ts(31,8): error TS6307: File '/Users/giulioleone/Sviluppo/CoachOne/packages/lib-shared/src/utils/error/core.ts' is not listed within the file list of project '/Users/giulioleone/Sviluppo/CoachOne/packages/api-core/tsconfig.json'. Projects must list all files or use an 'include' pattern.
  The file is in the program because:
    Imported via './core' from file '/Users/giulioleone/Sviluppo/CoachOne/packages/lib-shared/src/utils/error/index.ts'
    Imported via './core' from file '/Users/giulioleone/Sviluppo/CoachOne/packages/lib-shared/src/utils/error/api.ts'
../lib-shared/src/utils/error/index.ts(45,8): error TS6059: File '/Users/giulioleone/Sviluppo/CoachOne/packages/lib-shared/src/utils/error/custom-errors.ts' is not under 'rootDir' '/Users/giulioleone/Sviluppo/CoachOne/packages/api-core/src'. 'rootDir' is expected to contain all source files.
  The file is in the program because:
    Imported via './custom-errors' from file '/Users/giulioleone/Sviluppo/CoachOne/packages/lib-shared/src/utils/error/index.ts'
    Imported via './custom-errors' from file '/Users/giulioleone/Sviluppo/CoachOne/packages/lib-shared/src/utils/error/api.ts'
    Imported via './custom-errors' from file '/Users/giulioleone/Sviluppo/CoachOne/packages/lib-shared/src/utils/error/utils.ts'
../lib-shared/src/utils/error/index.ts(45,8): error TS6307: File '/Users/giulioleone/Sviluppo/CoachOne/packages/lib-shared/src/utils/error/custom-errors.ts' is not listed within the file list of project '/Users/giulioleone/Sviluppo/CoachOne/packages/api-core/tsconfig.json'. Projects must list all files or use an 'include' pattern.
  The file is in the program because:
    Imported via './custom-errors' from file '/Users/giulioleone/Sviluppo/CoachOne/packages/lib-shared/src/utils/error/index.ts'
    Imported via './custom-errors' from file '/Users/giulioleone/Sviluppo/CoachOne/packages/lib-shared/src/utils/error/api.ts'
    Imported via './custom-errors' from file '/Users/giulioleone/Sviluppo/CoachOne/packages/lib-shared/src/utils/error/utils.ts'
../lib-shared/src/utils/error/index.ts(54,8): error TS6059: File '/Users/giulioleone/Sviluppo/CoachOne/packages/lib-shared/src/utils/error/api.ts' is not under 'rootDir' '/Users/giulioleone/Sviluppo/CoachOne/packages/api-core/src'. 'rootDir' is expected to contain all source files.
../lib-shared/src/utils/error/index.ts(54,8): error TS6307: File '/Users/giulioleone/Sviluppo/CoachOne/packages/lib-shared/src/utils/error/api.ts' is not listed within the file list of project '/Users/giulioleone/Sviluppo/CoachOne/packages/api-core/tsconfig.json'. Projects must list all files or use an 'include' pattern.
../lib-shared/src/utils/error/index.ts(64,8): error TS6059: File '/Users/giulioleone/Sviluppo/CoachOne/packages/lib-shared/src/utils/error/utils.ts' is not under 'rootDir' '/Users/giulioleone/Sviluppo/CoachOne/packages/api-core/src'. 'rootDir' is expected to contain all source files.
../lib-shared/src/utils/error/index.ts(64,8): error TS6307: File '/Users/giulioleone/Sviluppo/CoachOne/packages/lib-shared/src/utils/error/utils.ts' is not listed within the file list of project '/Users/giulioleone/Sviluppo/CoachOne/packages/api-core/tsconfig.json'. Projects must list all files or use an 'include' pattern.
../lib-shared/src/utils/error/index.ts(67,26): error TS6059: File '/Users/giulioleone/Sviluppo/CoachOne/packages/lib-shared/src/utils/logger/index.ts' is not under 'rootDir' '/Users/giulioleone/Sviluppo/CoachOne/packages/api-core/src'. 'rootDir' is expected to contain all source files.
  The file is in the program because:
    Imported via '../logger' from file '/Users/giulioleone/Sviluppo/CoachOne/packages/lib-shared/src/utils/error/index.ts'
    Imported via './logger' from file '/Users/giulioleone/Sviluppo/CoachOne/packages/lib-shared/src/utils/index.ts'
    Imported via '@onecoach/lib-shared/utils/logger' from file '/Users/giulioleone/Sviluppo/CoachOne/packages/lib-vercel-admin/src/vercel-env-vars-api.service.ts'
    Imported via '@onecoach/lib-shared/utils/logger' from file '/Users/giulioleone/Sviluppo/CoachOne/packages/lib-ai/src/ai-provider-config.service.ts'
    Imported via '@onecoach/lib-shared/utils/logger' from file '/Users/giulioleone/Sviluppo/CoachOne/packages/lib-nutrition/src/nutrition-import.service.ts'
    Imported via '@onecoach/lib-shared/utils/logger' from file '/Users/giulioleone/Sviluppo/CoachOne/packages/lib-import-core/src/tracked-ai-context.ts'
    Imported via '@onecoach/lib-shared/utils/logger' from file '/Users/giulioleone/Sviluppo/CoachOne/packages/oneagenda-core/src/db.ts'
../lib-shared/src/utils/error/index.ts(67,26): error TS6307: File '/Users/giulioleone/Sviluppo/CoachOne/packages/lib-shared/src/utils/logger/index.ts' is not listed within the file list of project '/Users/giulioleone/Sviluppo/CoachOne/packages/api-core/tsconfig.json'. Projects must list all files or use an 'include' pattern.
  The file is in the program because:
    Imported via '../logger' from file '/Users/giulioleone/Sviluppo/CoachOne/packages/lib-shared/src/utils/error/index.ts'
    Imported via './logger' from file '/Users/giulioleone/Sviluppo/CoachOne/packages/lib-shared/src/utils/index.ts'
    Imported via '@onecoach/lib-shared/utils/logger' from file '/Users/giulioleone/Sviluppo/CoachOne/packages/lib-vercel-admin/src/vercel-env-vars-api.service.ts'
    Imported via '@onecoach/lib-shared/utils/logger' from file '/Users/giulioleone/Sviluppo/CoachOne/packages/lib-ai/src/ai-provider-config.service.ts'
    Imported via '@onecoach/lib-shared/utils/logger' from file '/Users/giulioleone/Sviluppo/CoachOne/packages/lib-nutrition/src/nutrition-import.service.ts'
    Imported via '@onecoach/lib-shared/utils/logger' from file '/Users/giulioleone/Sviluppo/CoachOne/packages/lib-import-core/src/tracked-ai-context.ts'
    Imported via '@onecoach/lib-shared/utils/logger' from file '/Users/giulioleone/Sviluppo/CoachOne/packages/oneagenda-core/src/db.ts'
../lib-shared/src/utils/index.ts(11,15): error TS6059: File '/Users/giulioleone/Sviluppo/CoachOne/packages/lib-shared/src/utils/formatters.ts' is not under 'rootDir' '/Users/giulioleone/Sviluppo/CoachOne/packages/api-core/src'. 'rootDir' is expected to contain all source files.
  The file is in the program because:
    Imported via './formatters' from file '/Users/giulioleone/Sviluppo/CoachOne/packages/lib-shared/src/utils/index.ts'
    Imported via '@onecoach/lib-shared/utils/formatters' from file '/Users/giulioleone/Sviluppo/CoachOne/packages/lib-metadata/src/metadata-validator.service.ts'
../lib-shared/src/utils/index.ts(11,15): error TS6307: File '/Users/giulioleone/Sviluppo/CoachOne/packages/lib-shared/src/utils/formatters.ts' is not listed within the file list of project '/Users/giulioleone/Sviluppo/CoachOne/packages/api-core/tsconfig.json'. Projects must list all files or use an 'include' pattern.
  The file is in the program because:
    Imported via './formatters' from file '/Users/giulioleone/Sviluppo/CoachOne/packages/lib-shared/src/utils/index.ts'
    Imported via '@onecoach/lib-shared/utils/formatters' from file '/Users/giulioleone/Sviluppo/CoachOne/packages/lib-metadata/src/metadata-validator.service.ts'
../lib-shared/src/utils/index.ts(14,15): error TS6059: File '/Users/giulioleone/Sviluppo/CoachOne/packages/lib-shared/src/utils/validators.ts' is not under 'rootDir' '/Users/giulioleone/Sviluppo/CoachOne/packages/api-core/src'. 'rootDir' is expected to contain all source files.
../lib-shared/src/utils/index.ts(14,15): error TS6307: File '/Users/giulioleone/Sviluppo/CoachOne/packages/lib-shared/src/utils/validators.ts' is not listed within the file list of project '/Users/giulioleone/Sviluppo/CoachOne/packages/api-core/tsconfig.json'. Projects must list all files or use an 'include' pattern.
../lib-shared/src/utils/index.ts(20,15): error TS6059: File '/Users/giulioleone/Sviluppo/CoachOne/packages/lib-shared/src/utils/http.ts' is not under 'rootDir' '/Users/giulioleone/Sviluppo/CoachOne/packages/api-core/src'. 'rootDir' is expected to contain all source files.
../lib-shared/src/utils/index.ts(20,15): error TS6307: File '/Users/giulioleone/Sviluppo/CoachOne/packages/lib-shared/src/utils/http.ts' is not listed within the file list of project '/Users/giulioleone/Sviluppo/CoachOne/packages/api-core/tsconfig.json'. Projects must list all files or use an 'include' pattern.
../lib-shared/src/utils/index.ts(23,15): error TS6059: File '/Users/giulioleone/Sviluppo/CoachOne/packages/lib-shared/src/utils/sse-event-serializer.ts' is not under 'rootDir' '/Users/giulioleone/Sviluppo/CoachOne/packages/api-core/src'. 'rootDir' is expected to contain all source files.
../lib-shared/src/utils/index.ts(23,15): error TS6307: File '/Users/giulioleone/Sviluppo/CoachOne/packages/lib-shared/src/utils/sse-event-serializer.ts' is not listed within the file list of project '/Users/giulioleone/Sviluppo/CoachOne/packages/api-core/tsconfig.json'. Projects must list all files or use an 'include' pattern.
../lib-shared/src/utils/index.ts(26,15): error TS6059: File '/Users/giulioleone/Sviluppo/CoachOne/packages/lib-shared/src/utils/api-client.ts' is not under 'rootDir' '/Users/giulioleone/Sviluppo/CoachOne/packages/api-core/src'. 'rootDir' is expected to contain all source files.
../lib-shared/src/utils/index.ts(26,15): error TS6307: File '/Users/giulioleone/Sviluppo/CoachOne/packages/lib-shared/src/utils/api-client.ts' is not listed within the file list of project '/Users/giulioleone/Sviluppo/CoachOne/packages/api-core/tsconfig.json'. Projects must list all files or use an 'include' pattern.
../lib-shared/src/utils/index.ts(38,72): error TS6059: File '/Users/giulioleone/Sviluppo/CoachOne/packages/lib-shared/src/utils/api-error-handler.ts' is not under 'rootDir' '/Users/giulioleone/Sviluppo/CoachOne/packages/api-core/src'. 'rootDir' is expected to contain all source files.
  The file is in the program because:
    Imported via './api-error-handler' from file '/Users/giulioleone/Sviluppo/CoachOne/packages/lib-shared/src/utils/index.ts'
    Imported via '@onecoach/lib-shared/utils/api-error-handler' from file '/Users/giulioleone/Sviluppo/CoachOne/packages/lib-shared/src/hooks/use-async-state.ts'
    Imported via '@onecoach/lib-shared/utils/api-error-handler' from file '/Users/giulioleone/Sviluppo/CoachOne/packages/lib-shared/src/hooks/use-form.ts'
    Imported via '@onecoach/lib-shared/utils/api-error-handler' from file '/Users/giulioleone/Sviluppo/CoachOne/packages/lib-api/src/hooks/use-fetch.ts'
../lib-shared/src/utils/index.ts(38,72): error TS6307: File '/Users/giulioleone/Sviluppo/CoachOne/packages/lib-shared/src/utils/api-error-handler.ts' is not listed within the file list of project '/Users/giulioleone/Sviluppo/CoachOne/packages/api-core/tsconfig.json'. Projects must list all files or use an 'include' pattern.
  The file is in the program because:
    Imported via './api-error-handler' from file '/Users/giulioleone/Sviluppo/CoachOne/packages/lib-shared/src/utils/index.ts'
    Imported via '@onecoach/lib-shared/utils/api-error-handler' from file '/Users/giulioleone/Sviluppo/CoachOne/packages/lib-shared/src/hooks/use-async-state.ts'
    Imported via '@onecoach/lib-shared/utils/api-error-handler' from file '/Users/giulioleone/Sviluppo/CoachOne/packages/lib-shared/src/hooks/use-form.ts'
    Imported via '@onecoach/lib-shared/utils/api-error-handler' from file '/Users/giulioleone/Sviluppo/CoachOne/packages/lib-api/src/hooks/use-fetch.ts'
../lib-shared/src/utils/index.ts(50,8): error TS6059: File '/Users/giulioleone/Sviluppo/CoachOne/packages/lib-shared/src/utils/validation.ts' is not under 'rootDir' '/Users/giulioleone/Sviluppo/CoachOne/packages/api-core/src'. 'rootDir' is expected to contain all source files.
  The file is in the program because:
    Imported via './validation' from file '/Users/giulioleone/Sviluppo/CoachOne/packages/lib-shared/src/utils/index.ts'
    Imported via '@onecoach/lib-shared/utils/validation' from file '/Users/giulioleone/Sviluppo/CoachOne/packages/lib-shared/src/hooks/use-form.ts'
../lib-shared/src/utils/index.ts(50,8): error TS6307: File '/Users/giulioleone/Sviluppo/CoachOne/packages/lib-shared/src/utils/validation.ts' is not listed within the file list of project '/Users/giulioleone/Sviluppo/CoachOne/packages/api-core/tsconfig.json'. Projects must list all files or use an 'include' pattern.
  The file is in the program because:
    Imported via './validation' from file '/Users/giulioleone/Sviluppo/CoachOne/packages/lib-shared/src/utils/index.ts'
    Imported via '@onecoach/lib-shared/utils/validation' from file '/Users/giulioleone/Sviluppo/CoachOne/packages/lib-shared/src/hooks/use-form.ts'
../lib-shared/src/utils/index.ts(57,15): error TS6059: File '/Users/giulioleone/Sviluppo/CoachOne/packages/lib-shared/src/utils/batch-processing.ts' is not under 'rootDir' '/Users/giulioleone/Sviluppo/CoachOne/packages/api-core/src'. 'rootDir' is expected to contain all source files.
  The file is in the program because:
    Imported via './batch-processing' from file '/Users/giulioleone/Sviluppo/CoachOne/packages/lib-shared/src/utils/index.ts'
    Imported via '@onecoach/lib-shared/batch-processing' from file '/Users/giulioleone/Sviluppo/CoachOne/packages/lib-exercise/src/exercise-admin.service.ts' with packageId '@onecoach/lib-shared/src/utils/batch-processing.ts@0.0.0'
    Imported via '@onecoach/lib-shared/batch-processing' from file '/Users/giulioleone/Sviluppo/CoachOne/packages/lib-food/src/food-admin.service.ts' with packageId '@onecoach/lib-shared/src/utils/batch-processing.ts@0.0.0'
../lib-shared/src/utils/index.ts(57,15): error TS6307: File '/Users/giulioleone/Sviluppo/CoachOne/packages/lib-shared/src/utils/batch-processing.ts' is not listed within the file list of project '/Users/giulioleone/Sviluppo/CoachOne/packages/api-core/tsconfig.json'. Projects must list all files or use an 'include' pattern.
  The file is in the program because:
    Imported via './batch-processing' from file '/Users/giulioleone/Sviluppo/CoachOne/packages/lib-shared/src/utils/index.ts'
    Imported via '@onecoach/lib-shared/batch-processing' from file '/Users/giulioleone/Sviluppo/CoachOne/packages/lib-exercise/src/exercise-admin.service.ts' with packageId '@onecoach/lib-shared/src/utils/batch-processing.ts@0.0.0'
    Imported via '@onecoach/lib-shared/batch-processing' from file '/Users/giulioleone/Sviluppo/CoachOne/packages/lib-food/src/food-admin.service.ts' with packageId '@onecoach/lib-shared/src/utils/batch-processing.ts@0.0.0'
../lib-shared/src/utils/index.ts(60,15): error TS6059: File '/Users/giulioleone/Sviluppo/CoachOne/packages/lib-shared/src/utils/url-normalizer.ts' is not under 'rootDir' '/Users/giulioleone/Sviluppo/CoachOne/packages/api-core/src'. 'rootDir' is expected to contain all source files.
  The file is in the program because:
    Imported via './url-normalizer' from file '/Users/giulioleone/Sviluppo/CoachOne/packages/lib-shared/src/utils/index.ts'
    Imported via '@onecoach/lib-shared/url-normalizer' from file '/Users/giulioleone/Sviluppo/CoachOne/packages/lib-exercise/src/exercise-admin.service.ts' with packageId '@onecoach/lib-shared/src/utils/url-normalizer.ts@0.0.0'
    Imported via '@onecoach/lib-shared/url-normalizer' from file '/Users/giulioleone/Sviluppo/CoachOne/packages/lib-food/src/food-admin.service.ts' with packageId '@onecoach/lib-shared/src/utils/url-normalizer.ts@0.0.0'
../lib-shared/src/utils/index.ts(60,15): error TS6307: File '/Users/giulioleone/Sviluppo/CoachOne/packages/lib-shared/src/utils/url-normalizer.ts' is not listed within the file list of project '/Users/giulioleone/Sviluppo/CoachOne/packages/api-core/tsconfig.json'. Projects must list all files or use an 'include' pattern.
  The file is in the program because:
    Imported via './url-normalizer' from file '/Users/giulioleone/Sviluppo/CoachOne/packages/lib-shared/src/utils/index.ts'
    Imported via '@onecoach/lib-shared/url-normalizer' from file '/Users/giulioleone/Sviluppo/CoachOne/packages/lib-exercise/src/exercise-admin.service.ts' with packageId '@onecoach/lib-shared/src/utils/url-normalizer.ts@0.0.0'
    Imported via '@onecoach/lib-shared/url-normalizer' from file '/Users/giulioleone/Sviluppo/CoachOne/packages/lib-food/src/food-admin.service.ts' with packageId '@onecoach/lib-shared/src/utils/url-normalizer.ts@0.0.0'
../lib-shared/src/utils/index.ts(63,15): error TS6059: File '/Users/giulioleone/Sviluppo/CoachOne/packages/lib-shared/src/utils/dialog-global.ts' is not under 'rootDir' '/Users/giulioleone/Sviluppo/CoachOne/packages/api-core/src'. 'rootDir' is expected to contain all source files.
../lib-shared/src/utils/index.ts(63,15): error TS6307: File '/Users/giulioleone/Sviluppo/CoachOne/packages/lib-shared/src/utils/dialog-global.ts' is not listed within the file list of project '/Users/giulioleone/Sviluppo/CoachOne/packages/api-core/tsconfig.json'. Projects must list all files or use an 'include' pattern.
../lib-shared/src/utils/index.ts(66,15): error TS6059: File '/Users/giulioleone/Sviluppo/CoachOne/packages/lib-shared/src/utils/simple-cache.ts' is not under 'rootDir' '/Users/giulioleone/Sviluppo/CoachOne/packages/api-core/src'. 'rootDir' is expected to contain all source files.
  The file is in the program because:
    Imported via './simple-cache' from file '/Users/giulioleone/Sviluppo/CoachOne/packages/lib-shared/src/utils/index.ts'
    Imported via '@onecoach/lib-shared/utils/simple-cache' from file '/Users/giulioleone/Sviluppo/CoachOne/packages/lib-metadata/src/metadata-id-resolver.service.ts'
    Imported via '@onecoach/lib-shared/utils/simple-cache' from file '/Users/giulioleone/Sviluppo/CoachOne/packages/lib-metadata/src/metadata-validator.service.ts'
../lib-shared/src/utils/index.ts(66,15): error TS6307: File '/Users/giulioleone/Sviluppo/CoachOne/packages/lib-shared/src/utils/simple-cache.ts' is not listed within the file list of project '/Users/giulioleone/Sviluppo/CoachOne/packages/api-core/tsconfig.json'. Projects must list all files or use an 'include' pattern.
  The file is in the program because:
    Imported via './simple-cache' from file '/Users/giulioleone/Sviluppo/CoachOne/packages/lib-shared/src/utils/index.ts'
    Imported via '@onecoach/lib-shared/utils/simple-cache' from file '/Users/giulioleone/Sviluppo/CoachOne/packages/lib-metadata/src/metadata-id-resolver.service.ts'
    Imported via '@onecoach/lib-shared/utils/simple-cache' from file '/Users/giulioleone/Sviluppo/CoachOne/packages/lib-metadata/src/metadata-validator.service.ts'
../lib-shared/src/utils/index.ts(69,15): error TS6059: File '/Users/giulioleone/Sviluppo/CoachOne/packages/lib-shared/src/utils/ai-model-mapper.ts' is not under 'rootDir' '/Users/giulioleone/Sviluppo/CoachOne/packages/api-core/src'. 'rootDir' is expected to contain all source files.
../lib-shared/src/utils/index.ts(69,15): error TS6307: File '/Users/giulioleone/Sviluppo/CoachOne/packages/lib-shared/src/utils/ai-model-mapper.ts' is not listed within the file list of project '/Users/giulioleone/Sviluppo/CoachOne/packages/api-core/tsconfig.json'. Projects must list all files or use an 'include' pattern.
../lib-shared/src/utils/logger/index.ts(22,75): error TS6059: File '/Users/giulioleone/Sviluppo/CoachOne/packages/lib-shared/src/utils/logger/core.ts' is not under 'rootDir' '/Users/giulioleone/Sviluppo/CoachOne/packages/api-core/src'. 'rootDir' is expected to contain all source files.
  The file is in the program because:
    Imported via './core' from file '/Users/giulioleone/Sviluppo/CoachOne/packages/lib-shared/src/utils/logger/index.ts'
    Imported via './core' from file '/Users/giulioleone/Sviluppo/CoachOne/packages/lib-shared/src/utils/logger/domain.ts'
    Imported via './core' from file '/Users/giulioleone/Sviluppo/CoachOne/packages/lib-shared/src/utils/logger/factories.ts'
    Imported via './core' from file '/Users/giulioleone/Sviluppo/CoachOne/packages/lib-shared/src/utils/logger/index.ts'
../lib-shared/src/utils/logger/index.ts(22,75): error TS6307: File '/Users/giulioleone/Sviluppo/CoachOne/packages/lib-shared/src/utils/logger/core.ts' is not listed within the file list of project '/Users/giulioleone/Sviluppo/CoachOne/packages/api-core/tsconfig.json'. Projects must list all files or use an 'include' pattern.
  The file is in the program because:
    Imported via './core' from file '/Users/giulioleone/Sviluppo/CoachOne/packages/lib-shared/src/utils/logger/index.ts'
    Imported via './core' from file '/Users/giulioleone/Sviluppo/CoachOne/packages/lib-shared/src/utils/logger/domain.ts'
    Imported via './core' from file '/Users/giulioleone/Sviluppo/CoachOne/packages/lib-shared/src/utils/logger/factories.ts'
    Imported via './core' from file '/Users/giulioleone/Sviluppo/CoachOne/packages/lib-shared/src/utils/logger/index.ts'
../lib-shared/src/utils/logger/index.ts(24,26): error TS6059: File '/Users/giulioleone/Sviluppo/CoachOne/packages/lib-shared/src/utils/logger/domain.ts' is not under 'rootDir' '/Users/giulioleone/Sviluppo/CoachOne/packages/api-core/src'. 'rootDir' is expected to contain all source files.
  The file is in the program because:
    Imported via './domain' from file '/Users/giulioleone/Sviluppo/CoachOne/packages/lib-shared/src/utils/logger/index.ts'
    Imported via './domain' from file '/Users/giulioleone/Sviluppo/CoachOne/packages/lib-shared/src/utils/logger/factories.ts'
../lib-shared/src/utils/logger/index.ts(24,26): error TS6307: File '/Users/giulioleone/Sviluppo/CoachOne/packages/lib-shared/src/utils/logger/domain.ts' is not listed within the file list of project '/Users/giulioleone/Sviluppo/CoachOne/packages/api-core/tsconfig.json'. Projects must list all files or use an 'include' pattern.
  The file is in the program because:
    Imported via './domain' from file '/Users/giulioleone/Sviluppo/CoachOne/packages/lib-shared/src/utils/logger/index.ts'
    Imported via './domain' from file '/Users/giulioleone/Sviluppo/CoachOne/packages/lib-shared/src/utils/logger/factories.ts'
../lib-shared/src/utils/logger/index.ts(32,8): error TS6059: File '/Users/giulioleone/Sviluppo/CoachOne/packages/lib-shared/src/utils/logger/factories.ts' is not under 'rootDir' '/Users/giulioleone/Sviluppo/CoachOne/packages/api-core/src'. 'rootDir' is expected to contain all source files.
../lib-shared/src/utils/logger/index.ts(32,8): error TS6307: File '/Users/giulioleone/Sviluppo/CoachOne/packages/lib-shared/src/utils/logger/factories.ts' is not listed within the file list of project '/Users/giulioleone/Sviluppo/CoachOne/packages/api-core/tsconfig.json'. Projects must list all files or use an 'include' pattern.
../lib-shared/src/utils/nutrition-plan-helpers.ts(46,36): error TS18046: 'd' is of type 'unknown'.
../lib-shared/src/utils/nutrition-plan-helpers.ts(57,49): error TS18046: 'w' is of type 'unknown'.
../lib-shared/src/utils/nutrition-plan-helpers.ts(61,42): error TS18046: 'd' is of type 'unknown'.
../lib-shared/src/utils/nutrition-plan-helpers.ts(71,43): error TS18046: 'w' is of type 'unknown'.
../lib-stores/src/direct-messaging.hooks.ts(10,1): error TS6133: 'useCallback' is declared but its value is never read.
../lib-stores/src/direct-messaging.hooks.ts(15,3): error TS6133: 'useRealtimeSyncSingle' is declared but its value is never read.
../lib-stores/src/direct-messaging.hooks.ts(16,8): error TS6133: 'UseRealtimeSubscriptionOptions' is declared but its value is never read.
../lib-stores/src/direct-messaging.hooks.ts(19,1): error TS6192: All imports in import declaration are unused.
../lib-stores/src/index.ts(8,30): error TS6059: File '/Users/giulioleone/Sviluppo/CoachOne/packages/lib-stores/src/auth.store.ts' is not under 'rootDir' '/Users/giulioleone/Sviluppo/CoachOne/packages/api-core/src'. 'rootDir' is expected to contain all source files.
  The file is in the program because:
    Imported via './auth.store' from file '/Users/giulioleone/Sviluppo/CoachOne/packages/lib-stores/src/index.ts'
    Imported via './auth.store' from file '/Users/giulioleone/Sviluppo/CoachOne/packages/lib-stores/src/index.ts'
    Imported via '@onecoach/lib-stores/auth' from file '/Users/giulioleone/Sviluppo/CoachOne/packages/lib-api/src/hooks/use-auth.ts' with packageId '@onecoach/lib-stores/src/auth.store.ts@0.0.0'
    Imported via '@onecoach/lib-stores/auth' from file '/Users/giulioleone/Sviluppo/CoachOne/packages/lib-api/src/hooks/use-auth.ts' with packageId '@onecoach/lib-stores/src/auth.store.ts@0.0.0'
    Imported via '@onecoach/lib-stores/auth' from file '/Users/giulioleone/Sviluppo/CoachOne/packages/lib-api/src/hooks/use-auth-unified.ts' with packageId '@onecoach/lib-stores/src/auth.store.ts@0.0.0'
    Imported via '@onecoach/lib-stores/auth' from file '/Users/giulioleone/Sviluppo/CoachOne/packages/lib-api/src/hooks/use-auth-unified.ts' with packageId '@onecoach/lib-stores/src/auth.store.ts@0.0.0'
../lib-stores/src/index.ts(8,30): error TS6307: File '/Users/giulioleone/Sviluppo/CoachOne/packages/lib-stores/src/auth.store.ts' is not listed within the file list of project '/Users/giulioleone/Sviluppo/CoachOne/packages/api-core/tsconfig.json'. Projects must list all files or use an 'include' pattern.
  The file is in the program because:
    Imported via './auth.store' from file '/Users/giulioleone/Sviluppo/CoachOne/packages/lib-stores/src/index.ts'
    Imported via './auth.store' from file '/Users/giulioleone/Sviluppo/CoachOne/packages/lib-stores/src/index.ts'
    Imported via '@onecoach/lib-stores/auth' from file '/Users/giulioleone/Sviluppo/CoachOne/packages/lib-api/src/hooks/use-auth.ts' with packageId '@onecoach/lib-stores/src/auth.store.ts@0.0.0'
    Imported via '@onecoach/lib-stores/auth' from file '/Users/giulioleone/Sviluppo/CoachOne/packages/lib-api/src/hooks/use-auth.ts' with packageId '@onecoach/lib-stores/src/auth.store.ts@0.0.0'
    Imported via '@onecoach/lib-stores/auth' from file '/Users/giulioleone/Sviluppo/CoachOne/packages/lib-api/src/hooks/use-auth-unified.ts' with packageId '@onecoach/lib-stores/src/auth.store.ts@0.0.0'
    Imported via '@onecoach/lib-stores/auth' from file '/Users/giulioleone/Sviluppo/CoachOne/packages/lib-api/src/hooks/use-auth-unified.ts' with packageId '@onecoach/lib-stores/src/auth.store.ts@0.0.0'
../lib-stores/src/index.ts(16,8): error TS6059: File '/Users/giulioleone/Sviluppo/CoachOne/packages/lib-stores/src/ui.store.ts' is not under 'rootDir' '/Users/giulioleone/Sviluppo/CoachOne/packages/api-core/src'. 'rootDir' is expected to contain all source files.
  The file is in the program because:
    Imported via './ui.store' from file '/Users/giulioleone/Sviluppo/CoachOne/packages/lib-stores/src/index.ts'
    Imported via './ui.store' from file '/Users/giulioleone/Sviluppo/CoachOne/packages/lib-stores/src/index.ts'
    Imported via './ui.store' from file '/Users/giulioleone/Sviluppo/CoachOne/packages/lib-stores/src/index.ts'
../lib-stores/src/index.ts(16,8): error TS6307: File '/Users/giulioleone/Sviluppo/CoachOne/packages/lib-stores/src/ui.store.ts' is not listed within the file list of project '/Users/giulioleone/Sviluppo/CoachOne/packages/api-core/tsconfig.json'. Projects must list all files or use an 'include' pattern.
  The file is in the program because:
    Imported via './ui.store' from file '/Users/giulioleone/Sviluppo/CoachOne/packages/lib-stores/src/index.ts'
    Imported via './ui.store' from file '/Users/giulioleone/Sviluppo/CoachOne/packages/lib-stores/src/index.ts'
    Imported via './ui.store' from file '/Users/giulioleone/Sviluppo/CoachOne/packages/lib-stores/src/index.ts'
../lib-stores/src/index.ts(18,15): error TS6059: File '/Users/giulioleone/Sviluppo/CoachOne/packages/lib-stores/src/sidebar.store.ts' is not under 'rootDir' '/Users/giulioleone/Sviluppo/CoachOne/packages/api-core/src'. 'rootDir' is expected to contain all source files.
../lib-stores/src/index.ts(18,15): error TS6307: File '/Users/giulioleone/Sviluppo/CoachOne/packages/lib-stores/src/sidebar.store.ts' is not listed within the file list of project '/Users/giulioleone/Sviluppo/CoachOne/packages/api-core/tsconfig.json'. Projects must list all files or use an 'include' pattern.
../lib-stores/src/index.ts(19,15): error TS6059: File '/Users/giulioleone/Sviluppo/CoachOne/packages/lib-stores/src/workout-builder.store.ts' is not under 'rootDir' '/Users/giulioleone/Sviluppo/CoachOne/packages/api-core/src'. 'rootDir' is expected to contain all source files.
../lib-stores/src/index.ts(19,15): error TS6307: File '/Users/giulioleone/Sviluppo/CoachOne/packages/lib-stores/src/workout-builder.store.ts' is not listed within the file list of project '/Users/giulioleone/Sviluppo/CoachOne/packages/api-core/tsconfig.json'. Projects must list all files or use an 'include' pattern.
../lib-stores/src/index.ts(28,8): error TS6059: File '/Users/giulioleone/Sviluppo/CoachOne/packages/lib-stores/src/health.store.ts' is not under 'rootDir' '/Users/giulioleone/Sviluppo/CoachOne/packages/api-core/src'. 'rootDir' is expected to contain all source files.
  The file is in the program because:
    Imported via './health.store' from file '/Users/giulioleone/Sviluppo/CoachOne/packages/lib-stores/src/index.ts'
    Imported via './health.store' from file '/Users/giulioleone/Sviluppo/CoachOne/packages/lib-stores/src/index.ts'
../lib-stores/src/index.ts(28,8): error TS6307: File '/Users/giulioleone/Sviluppo/CoachOne/packages/lib-stores/src/health.store.ts' is not listed within the file list of project '/Users/giulioleone/Sviluppo/CoachOne/packages/api-core/tsconfig.json'. Projects must list all files or use an 'include' pattern.
  The file is in the program because:
    Imported via './health.store' from file '/Users/giulioleone/Sviluppo/CoachOne/packages/lib-stores/src/index.ts'
    Imported via './health.store' from file '/Users/giulioleone/Sviluppo/CoachOne/packages/lib-stores/src/index.ts'
../lib-stores/src/index.ts(39,81): error TS6059: File '/Users/giulioleone/Sviluppo/CoachOne/packages/lib-stores/src/iap.store.ts' is not under 'rootDir' '/Users/giulioleone/Sviluppo/CoachOne/packages/api-core/src'. 'rootDir' is expected to contain all source files.
  The file is in the program because:
    Imported via './iap.store' from file '/Users/giulioleone/Sviluppo/CoachOne/packages/lib-stores/src/index.ts'
    Imported via './iap.store' from file '/Users/giulioleone/Sviluppo/CoachOne/packages/lib-stores/src/index.ts'
../lib-stores/src/index.ts(39,81): error TS6307: File '/Users/giulioleone/Sviluppo/CoachOne/packages/lib-stores/src/iap.store.ts' is not listed within the file list of project '/Users/giulioleone/Sviluppo/CoachOne/packages/api-core/tsconfig.json'. Projects must list all files or use an 'include' pattern.
  The file is in the program because:
    Imported via './iap.store' from file '/Users/giulioleone/Sviluppo/CoachOne/packages/lib-stores/src/index.ts'
    Imported via './iap.store' from file '/Users/giulioleone/Sviluppo/CoachOne/packages/lib-stores/src/index.ts'
../lib-stores/src/index.ts(51,59): error TS6059: File '/Users/giulioleone/Sviluppo/CoachOne/packages/lib-stores/src/dialog.store.ts' is not under 'rootDir' '/Users/giulioleone/Sviluppo/CoachOne/packages/api-core/src'. 'rootDir' is expected to contain all source files.
  The file is in the program because:
    Imported via './dialog.store' from file '/Users/giulioleone/Sviluppo/CoachOne/packages/lib-stores/src/index.ts'
    Imported via './dialog.store' from file '/Users/giulioleone/Sviluppo/CoachOne/packages/lib-stores/src/index.ts'
    Imported via '@onecoach/lib-stores/dialog.store' from file '/Users/giulioleone/Sviluppo/CoachOne/packages/lib-shared/src/utils/dialog-global.ts'
../lib-stores/src/index.ts(51,59): error TS6307: File '/Users/giulioleone/Sviluppo/CoachOne/packages/lib-stores/src/dialog.store.ts' is not listed within the file list of project '/Users/giulioleone/Sviluppo/CoachOne/packages/api-core/tsconfig.json'. Projects must list all files or use an 'include' pattern.
  The file is in the program because:
    Imported via './dialog.store' from file '/Users/giulioleone/Sviluppo/CoachOne/packages/lib-stores/src/index.ts'
    Imported via './dialog.store' from file '/Users/giulioleone/Sviluppo/CoachOne/packages/lib-stores/src/index.ts'
    Imported via '@onecoach/lib-stores/dialog.store' from file '/Users/giulioleone/Sviluppo/CoachOne/packages/lib-shared/src/utils/dialog-global.ts'
../lib-stores/src/index.ts(60,36): error TS6059: File '/Users/giulioleone/Sviluppo/CoachOne/packages/lib-stores/src/onboarding.store.ts' is not under 'rootDir' '/Users/giulioleone/Sviluppo/CoachOne/packages/api-core/src'. 'rootDir' is expected to contain all source files.
  The file is in the program because:
    Imported via './onboarding.store' from file '/Users/giulioleone/Sviluppo/CoachOne/packages/lib-stores/src/index.ts'
    Imported via './onboarding.store' from file '/Users/giulioleone/Sviluppo/CoachOne/packages/lib-stores/src/index.ts'
    Imported via '@onecoach/lib-stores/onboarding' from file '/Users/giulioleone/Sviluppo/CoachOne/packages/lib-api/src/hooks/use-onboarding.ts' with packageId '@onecoach/lib-stores/src/onboarding.store.ts@0.0.0'
../lib-stores/src/index.ts(60,36): error TS6307: File '/Users/giulioleone/Sviluppo/CoachOne/packages/lib-stores/src/onboarding.store.ts' is not listed within the file list of project '/Users/giulioleone/Sviluppo/CoachOne/packages/api-core/tsconfig.json'. Projects must list all files or use an 'include' pattern.
  The file is in the program because:
    Imported via './onboarding.store' from file '/Users/giulioleone/Sviluppo/CoachOne/packages/lib-stores/src/index.ts'
    Imported via './onboarding.store' from file '/Users/giulioleone/Sviluppo/CoachOne/packages/lib-stores/src/index.ts'
    Imported via '@onecoach/lib-stores/onboarding' from file '/Users/giulioleone/Sviluppo/CoachOne/packages/lib-api/src/hooks/use-onboarding.ts' with packageId '@onecoach/lib-stores/src/onboarding.store.ts@0.0.0'
../lib-stores/src/index.ts(71,31): error TS6059: File '/Users/giulioleone/Sviluppo/CoachOne/packages/lib-stores/src/admin.store.ts' is not under 'rootDir' '/Users/giulioleone/Sviluppo/CoachOne/packages/api-core/src'. 'rootDir' is expected to contain all source files.
  The file is in the program because:
    Imported via './admin.store' from file '/Users/giulioleone/Sviluppo/CoachOne/packages/lib-stores/src/index.ts'
    Imported via './admin.store' from file '/Users/giulioleone/Sviluppo/CoachOne/packages/lib-stores/src/index.ts'
../lib-stores/src/index.ts(71,31): error TS6307: File '/Users/giulioleone/Sviluppo/CoachOne/packages/lib-stores/src/admin.store.ts' is not listed within the file list of project '/Users/giulioleone/Sviluppo/CoachOne/packages/api-core/tsconfig.json'. Projects must list all files or use an 'include' pattern.
  The file is in the program because:
    Imported via './admin.store' from file '/Users/giulioleone/Sviluppo/CoachOne/packages/lib-stores/src/index.ts'
    Imported via './admin.store' from file '/Users/giulioleone/Sviluppo/CoachOne/packages/lib-stores/src/index.ts'
../lib-stores/src/index.ts(74,34): error TS6059: File '/Users/giulioleone/Sviluppo/CoachOne/packages/lib-stores/src/header-actions.store.ts' is not under 'rootDir' '/Users/giulioleone/Sviluppo/CoachOne/packages/api-core/src'. 'rootDir' is expected to contain all source files.
../lib-stores/src/index.ts(74,34): error TS6307: File '/Users/giulioleone/Sviluppo/CoachOne/packages/lib-stores/src/header-actions.store.ts' is not listed within the file list of project '/Users/giulioleone/Sviluppo/CoachOne/packages/api-core/tsconfig.json'. Projects must list all files or use an 'include' pattern.
../lib-stores/src/index.ts(76,41): error TS6059: File '/Users/giulioleone/Sviluppo/CoachOne/packages/lib-stores/src/navigation-state.store.ts' is not under 'rootDir' '/Users/giulioleone/Sviluppo/CoachOne/packages/api-core/src'. 'rootDir' is expected to contain all source files.
../lib-stores/src/index.ts(76,41): error TS6307: File '/Users/giulioleone/Sviluppo/CoachOne/packages/lib-stores/src/navigation-state.store.ts' is not listed within the file list of project '/Users/giulioleone/Sviluppo/CoachOne/packages/api-core/tsconfig.json'. Projects must list all files or use an 'include' pattern.
../lib-stores/src/index.ts(97,8): error TS6059: File '/Users/giulioleone/Sviluppo/CoachOne/packages/lib-stores/src/copilot.store.ts' is not under 'rootDir' '/Users/giulioleone/Sviluppo/CoachOne/packages/api-core/src'. 'rootDir' is expected to contain all source files.
  The file is in the program because:
    Imported via './copilot.store' from file '/Users/giulioleone/Sviluppo/CoachOne/packages/lib-stores/src/index.ts'
    Imported via './copilot.store' from file '/Users/giulioleone/Sviluppo/CoachOne/packages/lib-stores/src/index.ts'
../lib-stores/src/index.ts(97,8): error TS6307: File '/Users/giulioleone/Sviluppo/CoachOne/packages/lib-stores/src/copilot.store.ts' is not listed within the file list of project '/Users/giulioleone/Sviluppo/CoachOne/packages/api-core/tsconfig.json'. Projects must list all files or use an 'include' pattern.
  The file is in the program because:
    Imported via './copilot.store' from file '/Users/giulioleone/Sviluppo/CoachOne/packages/lib-stores/src/index.ts'
    Imported via './copilot.store' from file '/Users/giulioleone/Sviluppo/CoachOne/packages/lib-stores/src/index.ts'
../lib-stores/src/index.ts(130,8): error TS6059: File '/Users/giulioleone/Sviluppo/CoachOne/packages/lib-stores/src/maxes.store.ts' is not under 'rootDir' '/Users/giulioleone/Sviluppo/CoachOne/packages/api-core/src'. 'rootDir' is expected to contain all source files.
  The file is in the program because:
    Imported via './maxes.store' from file '/Users/giulioleone/Sviluppo/CoachOne/packages/lib-stores/src/index.ts'
    Imported via './maxes.store' from file '/Users/giulioleone/Sviluppo/CoachOne/packages/lib-stores/src/index.ts'
../lib-stores/src/index.ts(130,8): error TS6307: File '/Users/giulioleone/Sviluppo/CoachOne/packages/lib-stores/src/maxes.store.ts' is not listed within the file list of project '/Users/giulioleone/Sviluppo/CoachOne/packages/api-core/tsconfig.json'. Projects must list all files or use an 'include' pattern.
  The file is in the program because:
    Imported via './maxes.store' from file '/Users/giulioleone/Sviluppo/CoachOne/packages/lib-stores/src/index.ts'
    Imported via './maxes.store' from file '/Users/giulioleone/Sviluppo/CoachOne/packages/lib-stores/src/index.ts'
../lib-stores/src/index.ts(147,8): error TS6059: File '/Users/giulioleone/Sviluppo/CoachOne/packages/lib-stores/src/realtime.store.ts' is not under 'rootDir' '/Users/giulioleone/Sviluppo/CoachOne/packages/api-core/src'. 'rootDir' is expected to contain all source files.
  The file is in the program because:
    Imported via './realtime.store' from file '/Users/giulioleone/Sviluppo/CoachOne/packages/lib-stores/src/index.ts'
    Imported via './realtime.store' from file '/Users/giulioleone/Sviluppo/CoachOne/packages/lib-stores/src/index.ts'
    Imported via './realtime.store' from file '/Users/giulioleone/Sviluppo/CoachOne/packages/lib-stores/src/realtime.hooks.ts'
../lib-stores/src/index.ts(147,8): error TS6307: File '/Users/giulioleone/Sviluppo/CoachOne/packages/lib-stores/src/realtime.store.ts' is not listed within the file list of project '/Users/giulioleone/Sviluppo/CoachOne/packages/api-core/tsconfig.json'. Projects must list all files or use an 'include' pattern.
  The file is in the program because:
    Imported via './realtime.store' from file '/Users/giulioleone/Sviluppo/CoachOne/packages/lib-stores/src/index.ts'
    Imported via './realtime.store' from file '/Users/giulioleone/Sviluppo/CoachOne/packages/lib-stores/src/index.ts'
    Imported via './realtime.store' from file '/Users/giulioleone/Sviluppo/CoachOne/packages/lib-stores/src/realtime.hooks.ts'
../lib-stores/src/index.ts(168,8): error TS6059: File '/Users/giulioleone/Sviluppo/CoachOne/packages/lib-stores/src/realtime.hooks.ts' is not under 'rootDir' '/Users/giulioleone/Sviluppo/CoachOne/packages/api-core/src'. 'rootDir' is expected to contain all source files.
  The file is in the program because:
    Imported via './realtime.hooks' from file '/Users/giulioleone/Sviluppo/CoachOne/packages/lib-stores/src/index.ts'
    Imported via './realtime.hooks' from file '/Users/giulioleone/Sviluppo/CoachOne/packages/lib-stores/src/direct-messaging.hooks.ts'
    Imported via './realtime.hooks' from file '/Users/giulioleone/Sviluppo/CoachOne/packages/lib-stores/src/index.ts'
../lib-stores/src/index.ts(168,8): error TS6307: File '/Users/giulioleone/Sviluppo/CoachOne/packages/lib-stores/src/realtime.hooks.ts' is not listed within the file list of project '/Users/giulioleone/Sviluppo/CoachOne/packages/api-core/tsconfig.json'. Projects must list all files or use an 'include' pattern.
  The file is in the program because:
    Imported via './realtime.hooks' from file '/Users/giulioleone/Sviluppo/CoachOne/packages/lib-stores/src/index.ts'
    Imported via './realtime.hooks' from file '/Users/giulioleone/Sviluppo/CoachOne/packages/lib-stores/src/direct-messaging.hooks.ts'
    Imported via './realtime.hooks' from file '/Users/giulioleone/Sviluppo/CoachOne/packages/lib-stores/src/index.ts'
../lib-stores/src/index.ts(169,35): error TS6059: File '/Users/giulioleone/Sviluppo/CoachOne/packages/lib-stores/src/oneagenda.store.ts' is not under 'rootDir' '/Users/giulioleone/Sviluppo/CoachOne/packages/api-core/src'. 'rootDir' is expected to contain all source files.
../lib-stores/src/index.ts(169,35): error TS6307: File '/Users/giulioleone/Sviluppo/CoachOne/packages/lib-stores/src/oneagenda.store.ts' is not listed within the file list of project '/Users/giulioleone/Sviluppo/CoachOne/packages/api-core/tsconfig.json'. Projects must list all files or use an 'include' pattern.
../lib-stores/src/index.ts(176,8): error TS6059: File '/Users/giulioleone/Sviluppo/CoachOne/packages/lib-stores/src/direct-messaging.hooks.ts' is not under 'rootDir' '/Users/giulioleone/Sviluppo/CoachOne/packages/api-core/src'. 'rootDir' is expected to contain all source files.
  The file is in the program because:
    Imported via './direct-messaging.hooks' from file '/Users/giulioleone/Sviluppo/CoachOne/packages/lib-stores/src/index.ts'
    Imported via './direct-messaging.hooks' from file '/Users/giulioleone/Sviluppo/CoachOne/packages/lib-stores/src/index.ts'
../lib-stores/src/index.ts(176,8): error TS6307: File '/Users/giulioleone/Sviluppo/CoachOne/packages/lib-stores/src/direct-messaging.hooks.ts' is not listed within the file list of project '/Users/giulioleone/Sviluppo/CoachOne/packages/api-core/tsconfig.json'. Projects must list all files or use an 'include' pattern.
  The file is in the program because:
    Imported via './direct-messaging.hooks' from file '/Users/giulioleone/Sviluppo/CoachOne/packages/lib-stores/src/index.ts'
    Imported via './direct-messaging.hooks' from file '/Users/giulioleone/Sviluppo/CoachOne/packages/lib-stores/src/index.ts'
../lib-stores/src/index.ts(210,8): error TS6059: File '/Users/giulioleone/Sviluppo/CoachOne/packages/lib-stores/src/chat.store.ts' is not under 'rootDir' '/Users/giulioleone/Sviluppo/CoachOne/packages/api-core/src'. 'rootDir' is expected to contain all source files.
  The file is in the program because:
    Imported via './chat.store' from file '/Users/giulioleone/Sviluppo/CoachOne/packages/lib-stores/src/index.ts'
    Imported via './chat.store' from file '/Users/giulioleone/Sviluppo/CoachOne/packages/lib-stores/src/index.ts'
../lib-stores/src/index.ts(210,8): error TS6307: File '/Users/giulioleone/Sviluppo/CoachOne/packages/lib-stores/src/chat.store.ts' is not listed within the file list of project '/Users/giulioleone/Sviluppo/CoachOne/packages/api-core/tsconfig.json'. Projects must list all files or use an 'include' pattern.
  The file is in the program because:
    Imported via './chat.store' from file '/Users/giulioleone/Sviluppo/CoachOne/packages/lib-stores/src/index.ts'
    Imported via './chat.store' from file '/Users/giulioleone/Sviluppo/CoachOne/packages/lib-stores/src/index.ts'
../lib-vercel-admin/src/vercel-env-vars-api.service.ts(217,62): error TS18046: 'env' is of type 'unknown'.
../one-agenda/src/agentic/agentic-planner.ts(51,3): error TS2353: Object literal may only specify known properties, and 'parameters' does not exist in type '({ description?: string | undefined; title?: string | undefined; providerOptions?: SharedV3ProviderOptions | undefined; inputSchema: FlexibleSchema<{ input: { date: string; ... 5 more ...; emailActions: { ...; }[]; }; options?: { ...; } | undefined; }>; needsApproval?: boolean | ... 1 more ... | undefined; onInputSt...'.
../one-agenda/src/agentic/agentic-planner.ts(60,3): error TS2353: Object literal may only specify known properties, and 'parameters' does not exist in type '({ description?: string | undefined; title?: string | undefined; providerOptions?: SharedV3ProviderOptions | undefined; inputSchema: FlexibleSchema<{ input: { date: string; ... 5 more ...; emailActions: { ...; }[]; }; scenario: { ...; }; baseline?: { ...; } | undefined; }>; needsApproval?: boolean | ... 1 more ... |...'.
../one-agenda/src/planner/core/day-timeline.ts(33,44): error TS18046: 'window' is of type 'unknown'.
../one-agenda/src/planner/core/day-timeline.ts(34,42): error TS18046: 'window' is of type 'unknown'.
../one-agenda/src/planner/core/day-timeline.ts(58,29): error TS2345: Argument of type 'unknown' is not assignable to parameter of type 'Interval'.
../one-agenda/src/planner/core/day-timeline.ts(68,11): error TS18046: 'event' is of type 'unknown'.
../one-agenda/src/planner/core/day-timeline.ts(70,14): error TS18046: 'event' is of type 'unknown'.
../one-agenda/src/planner/core/day-timeline.ts(71,14): error TS18046: 'event' is of type 'unknown'.
../one-agenda/src/planner/core/day-timeline.ts(72,12): error TS18046: 'event' is of type 'unknown'.
../one-agenda/src/planner/core/day-timeline.ts(73,17): error TS18046: 'event' is of type 'unknown'.
../one-agenda/src/planner/core/day-timeline.ts(74,18): error TS18046: 'event' is of type 'unknown'.
../one-agenda/src/planner/core/day-timeline.ts(75,22): error TS18046: 'event' is of type 'unknown'.
../one-agenda/src/planner/core/day-timeline.ts(110,33): error TS18048: 'current' is possibly 'undefined'.
../one-agenda/src/planner/core/day-timeline.ts(110,46): error TS18048: 'next' is possibly 'undefined'.
../one-agenda/src/planner/core/day-timeline.ts(113,16): error TS18048: 'current' is possibly 'undefined'.
../one-agenda/src/planner/core/day-timeline.ts(116,16): error TS18048: 'current' is possibly 'undefined'.
../one-agenda/src/planner/core/day-timeline.ts(117,14): error TS18048: 'next' is possibly 'undefined'.
../one-agenda/src/planner/core/summary.ts(27,69): error TS18046: 'task' is of type 'unknown'.
../one-agenda/src/planner/core/summary.ts(31,39): error TS18046: 'block' is of type 'unknown'.
../one-agenda/src/planner/core/summary.ts(31,52): error TS18046: 'block' is of type 'unknown'.
../one-agenda/src/planner/core/summary.ts(32,11): error TS18046: 'block' is of type 'unknown'.
../one-agenda/src/planner/core/summary.ts(33,13): error TS18046: 'block' is of type 'unknown'.
../one-agenda/src/planner/core/summary.ts(33,41): error TS18046: 'acc' is of type 'unknown'.
../one-agenda/src/planner/core/summary.ts(34,14): error TS18046: 'acc' is of type 'unknown'.
../one-agenda/src/planner/core/summary.ts(36,11): error TS18046: 'block' is of type 'unknown'.
../one-agenda/src/planner/core/summary.ts(37,9): error TS18046: 'acc' is of type 'unknown'.
../one-agenda/src/planner/core/summary.ts(39,11): error TS18046: 'block' is of type 'unknown'.
../one-agenda/src/planner/core/summary.ts(40,9): error TS18046: 'acc' is of type 'unknown'.
../one-agenda/src/planner/core/summary.ts(53,39): error TS18046: 'sum' is of type 'unknown'.
../one-agenda/src/planner/core/summary.ts(53,61): error TS18046: 'block' is of type 'unknown'.
../one-agenda/src/planner/core/summary.ts(53,74): error TS18046: 'block' is of type 'unknown'.
../one-agenda/src/planner/core/summary.ts(59,15): error TS18046: 'task' is of type 'unknown'.
../one-agenda/src/planner/core/summary.ts(59,51): error TS18046: 'task' is of type 'unknown'.
../one-agenda/src/planner/core/summary.ts(60,30): error TS18046: 'task' is of type 'unknown'.
../one-agenda/src/planner/core/summary.ts(60,78): error TS18046: 'task' is of type 'unknown'.
../one-agenda/src/planner/core/summary.ts(61,17): error TS18046: 'task' is of type 'unknown'.
../one-agenda/src/planner/core/summary.ts(62,85): error TS18046: 'task' is of type 'unknown'.
../one-agenda/src/planner/core/summary.ts(70,24): error TS18046: 'totals' is of type 'unknown'.
../one-agenda/src/planner/core/summary.ts(71,27): error TS18046: 'totals' is of type 'unknown'.
../one-agenda/src/planner/core/summary.ts(72,45): error TS18046: 'scheduledMinutes' is of type 'unknown'.
../one-agenda/src/planner/core/summary.ts(73,5): error TS2322: Type '{ id: string; severity: string; description: string; mitigation: string | null; }[]' is not assignable to type '{ id: string; severity: "HIGH" | "MEDIUM" | "LOW"; description: string; mitigation: string | null; }[]'.
  Type '{ id: string; severity: string; description: string; mitigation: string | null; }' is not assignable to type '{ id: string; severity: "HIGH" | "MEDIUM" | "LOW"; description: string; mitigation: string | null; }'.
    Types of property 'severity' are incompatible.
      Type 'string' is not assignable to type '"HIGH" | "MEDIUM" | "LOW"'.
../one-agenda/src/planner/core/task-scheduler.ts(28,81): error TS2345: Argument of type 'unknown' is not assignable to parameter of type 'RankedTask'.
../one-agenda/src/planner/core/task-scheduler.ts(76,34): error TS18046: 'task' is of type 'unknown'.
../one-agenda/src/planner/core/task-scheduler.ts(78,28): error TS2345: Argument of type 'unknown' is not assignable to parameter of type 'RankedTask'.
../one-agenda/src/planner/core/task-scheduler.ts(79,25): error TS2345: Argument of type 'unknown' is not assignable to parameter of type 'RankedTask'.
../one-agent/src/agents/chat/ChatAgent.ts(19,25): error TS6133: 'tool' is declared but its value is never read.
../one-agent/src/agents/chat/ChatAgent.ts(212,46): error TS18048: 'TIER_MODELS.balanced' is possibly 'undefined'.
../one-agent/src/agents/chat/ChatAgent.ts(241,20): error TS18048: 'tierConfig' is possibly 'undefined'.
../one-agent/src/agents/chat/ChatAgent.ts(242,19): error TS18048: 'tierConfig' is possibly 'undefined'.
../one-agent/src/agents/chat/ChatAgent.ts(243,21): error TS18048: 'tierConfig' is possibly 'undefined'.
../one-agent/src/agents/chat/index.ts(16,8): error TS6059: File '/Users/giulioleone/Sviluppo/CoachOne/packages/one-agent/src/agents/chat/ChatAgent.ts' is not under 'rootDir' '/Users/giulioleone/Sviluppo/CoachOne/packages/api-core/src'. 'rootDir' is expected to contain all source files.
../one-agent/src/agents/chat/index.ts(16,8): error TS6307: File '/Users/giulioleone/Sviluppo/CoachOne/packages/one-agent/src/agents/chat/ChatAgent.ts' is not listed within the file list of project '/Users/giulioleone/Sviluppo/CoachOne/packages/api-core/tsconfig.json'. Projects must list all files or use an 'include' pattern.
../one-agent/src/agents/copilot/index.ts(12,8): error TS6059: File '/Users/giulioleone/Sviluppo/CoachOne/packages/one-agent/src/agents/copilot/CopilotMeshCoordinator.ts' is not under 'rootDir' '/Users/giulioleone/Sviluppo/CoachOne/packages/api-core/src'. 'rootDir' is expected to contain all source files.
  The file is in the program because:
    Imported via './CopilotMeshCoordinator' from file '/Users/giulioleone/Sviluppo/CoachOne/packages/one-agent/src/agents/copilot/index.ts'
    Imported via './CopilotMeshCoordinator' from file '/Users/giulioleone/Sviluppo/CoachOne/packages/one-agent/src/agents/copilot/index.ts'
../one-agent/src/agents/copilot/index.ts(12,8): error TS6307: File '/Users/giulioleone/Sviluppo/CoachOne/packages/one-agent/src/agents/copilot/CopilotMeshCoordinator.ts' is not listed within the file list of project '/Users/giulioleone/Sviluppo/CoachOne/packages/api-core/tsconfig.json'. Projects must list all files or use an 'include' pattern.
  The file is in the program because:
    Imported via './CopilotMeshCoordinator' from file '/Users/giulioleone/Sviluppo/CoachOne/packages/one-agent/src/agents/copilot/index.ts'
    Imported via './CopilotMeshCoordinator' from file '/Users/giulioleone/Sviluppo/CoachOne/packages/one-agent/src/agents/copilot/index.ts'
../one-agent/src/agents/workout/createWorkoutMeshCoordinator.ts(6,40): error TS6059: File '/Users/giulioleone/Sviluppo/CoachOne/packages/one-agent/src/agents/workout/sub-agents/ExerciseSelectionAgent.ts' is not under 'rootDir' '/Users/giulioleone/Sviluppo/CoachOne/packages/api-core/src'. 'rootDir' is expected to contain all source files.
../one-agent/src/agents/workout/createWorkoutMeshCoordinator.ts(6,40): error TS6307: File '/Users/giulioleone/Sviluppo/CoachOne/packages/one-agent/src/agents/workout/sub-agents/ExerciseSelectionAgent.ts' is not listed within the file list of project '/Users/giulioleone/Sviluppo/CoachOne/packages/api-core/tsconfig.json'. Projects must list all files or use an 'include' pattern.
../one-agent/src/agents/workout/createWorkoutMeshCoordinator.ts(7,38): error TS6059: File '/Users/giulioleone/Sviluppo/CoachOne/packages/one-agent/src/agents/workout/sub-agents/WorkoutPlanningAgent.ts' is not under 'rootDir' '/Users/giulioleone/Sviluppo/CoachOne/packages/api-core/src'. 'rootDir' is expected to contain all source files.
../one-agent/src/agents/workout/createWorkoutMeshCoordinator.ts(7,38): error TS6307: File '/Users/giulioleone/Sviluppo/CoachOne/packages/one-agent/src/agents/workout/sub-agents/WorkoutPlanningAgent.ts' is not listed within the file list of project '/Users/giulioleone/Sviluppo/CoachOne/packages/api-core/tsconfig.json'. Projects must list all files or use an 'include' pattern.
../one-agent/src/agents/workout/createWorkoutMeshCoordinator.ts(8,34): error TS6059: File '/Users/giulioleone/Sviluppo/CoachOne/packages/one-agent/src/agents/workout/sub-agents/ProgressionAgent.ts' is not under 'rootDir' '/Users/giulioleone/Sviluppo/CoachOne/packages/api-core/src'. 'rootDir' is expected to contain all source files.
../one-agent/src/agents/workout/createWorkoutMeshCoordinator.ts(8,34): error TS6307: File '/Users/giulioleone/Sviluppo/CoachOne/packages/one-agent/src/agents/workout/sub-agents/ProgressionAgent.ts' is not listed within the file list of project '/Users/giulioleone/Sviluppo/CoachOne/packages/api-core/tsconfig.json'. Projects must list all files or use an 'include' pattern.
../one-agent/src/agents/workout/createWorkoutMeshCoordinator.ts(9,38): error TS6059: File '/Users/giulioleone/Sviluppo/CoachOne/packages/one-agent/src/agents/workout/sub-agents/WeekProgressionAgent.ts' is not under 'rootDir' '/Users/giulioleone/Sviluppo/CoachOne/packages/api-core/src'. 'rootDir' is expected to contain all source files.
  The file is in the program because:
    Imported via './sub-agents/WeekProgressionAgent' from file '/Users/giulioleone/Sviluppo/CoachOne/packages/one-agent/src/agents/workout/createWorkoutMeshCoordinator.ts'
    Imported via './agents/workout/sub-agents/WeekProgressionAgent' from file '/Users/giulioleone/Sviluppo/CoachOne/packages/one-agent/src/index.ts'
../one-agent/src/agents/workout/createWorkoutMeshCoordinator.ts(9,38): error TS6307: File '/Users/giulioleone/Sviluppo/CoachOne/packages/one-agent/src/agents/workout/sub-agents/WeekProgressionAgent.ts' is not listed within the file list of project '/Users/giulioleone/Sviluppo/CoachOne/packages/api-core/tsconfig.json'. Projects must list all files or use an 'include' pattern.
  The file is in the program because:
    Imported via './sub-agents/WeekProgressionAgent' from file '/Users/giulioleone/Sviluppo/CoachOne/packages/one-agent/src/agents/workout/createWorkoutMeshCoordinator.ts'
    Imported via './agents/workout/sub-agents/WeekProgressionAgent' from file '/Users/giulioleone/Sviluppo/CoachOne/packages/one-agent/src/index.ts'
../one-agent/src/agents/workout/createWorkoutMeshCoordinator.ts(10,40): error TS6059: File '/Users/giulioleone/Sviluppo/CoachOne/packages/one-agent/src/agents/workout/sub-agents/WorkoutValidationAgent.ts' is not under 'rootDir' '/Users/giulioleone/Sviluppo/CoachOne/packages/api-core/src'. 'rootDir' is expected to contain all source files.
../one-agent/src/agents/workout/createWorkoutMeshCoordinator.ts(10,40): error TS6307: File '/Users/giulioleone/Sviluppo/CoachOne/packages/one-agent/src/agents/workout/sub-agents/WorkoutValidationAgent.ts' is not listed within the file list of project '/Users/giulioleone/Sviluppo/CoachOne/packages/api-core/tsconfig.json'. Projects must list all files or use an 'include' pattern.
../one-agent/src/agents/workout/createWorkoutMeshCoordinator.ts(11,45): error TS6059: File '/Users/giulioleone/Sviluppo/CoachOne/packages/one-agent/src/agents/workout/sub-agents/WorkoutPersonalizationAgent.ts' is not under 'rootDir' '/Users/giulioleone/Sviluppo/CoachOne/packages/api-core/src'. 'rootDir' is expected to contain all source files.
../one-agent/src/agents/workout/createWorkoutMeshCoordinator.ts(11,45): error TS6307: File '/Users/giulioleone/Sviluppo/CoachOne/packages/one-agent/src/agents/workout/sub-agents/WorkoutPersonalizationAgent.ts' is not listed within the file list of project '/Users/giulioleone/Sviluppo/CoachOne/packages/api-core/tsconfig.json'. Projects must list all files or use an 'include' pattern.
../one-agent/src/agents/workout/createWorkoutMeshCoordinator.ts(12,43): error TS6059: File '/Users/giulioleone/Sviluppo/CoachOne/packages/one-agent/src/agents/workout/sub-agents/WorkoutDayGenerationAgent.ts' is not under 'rootDir' '/Users/giulioleone/Sviluppo/CoachOne/packages/api-core/src'. 'rootDir' is expected to contain all source files.
  The file is in the program because:
    Imported via './sub-agents/WorkoutDayGenerationAgent' from file '/Users/giulioleone/Sviluppo/CoachOne/packages/one-agent/src/agents/workout/createWorkoutMeshCoordinator.ts'
    Imported via './agents/workout/sub-agents/WorkoutDayGenerationAgent' from file '/Users/giulioleone/Sviluppo/CoachOne/packages/one-agent/src/index.ts'
../one-agent/src/agents/workout/createWorkoutMeshCoordinator.ts(12,43): error TS6307: File '/Users/giulioleone/Sviluppo/CoachOne/packages/one-agent/src/agents/workout/sub-agents/WorkoutDayGenerationAgent.ts' is not listed within the file list of project '/Users/giulioleone/Sviluppo/CoachOne/packages/api-core/tsconfig.json'. Projects must list all files or use an 'include' pattern.
  The file is in the program because:
    Imported via './sub-agents/WorkoutDayGenerationAgent' from file '/Users/giulioleone/Sviluppo/CoachOne/packages/one-agent/src/agents/workout/createWorkoutMeshCoordinator.ts'
    Imported via './agents/workout/sub-agents/WorkoutDayGenerationAgent' from file '/Users/giulioleone/Sviluppo/CoachOne/packages/one-agent/src/index.ts'
../one-agent/src/agents/workout/createWorkoutMeshCoordinator.ts(13,41): error TS6059: File '/Users/giulioleone/Sviluppo/CoachOne/packages/one-agent/src/agents/workout/sub-agents/ExerciseGenerationAgent.ts' is not under 'rootDir' '/Users/giulioleone/Sviluppo/CoachOne/packages/api-core/src'. 'rootDir' is expected to contain all source files.
  The file is in the program because:
    Imported via './sub-agents/ExerciseGenerationAgent' from file '/Users/giulioleone/Sviluppo/CoachOne/packages/one-agent/src/agents/workout/createWorkoutMeshCoordinator.ts'
    Imported via './agents/workout/sub-agents/ExerciseGenerationAgent' from file '/Users/giulioleone/Sviluppo/CoachOne/packages/one-agent/src/index.ts'
../one-agent/src/agents/workout/createWorkoutMeshCoordinator.ts(13,41): error TS6307: File '/Users/giulioleone/Sviluppo/CoachOne/packages/one-agent/src/agents/workout/sub-agents/ExerciseGenerationAgent.ts' is not listed within the file list of project '/Users/giulioleone/Sviluppo/CoachOne/packages/api-core/tsconfig.json'. Projects must list all files or use an 'include' pattern.
  The file is in the program because:
    Imported via './sub-agents/ExerciseGenerationAgent' from file '/Users/giulioleone/Sviluppo/CoachOne/packages/one-agent/src/agents/workout/createWorkoutMeshCoordinator.ts'
    Imported via './agents/workout/sub-agents/ExerciseGenerationAgent' from file '/Users/giulioleone/Sviluppo/CoachOne/packages/one-agent/src/index.ts'
../one-agent/src/agents/workout/sub-agents/ExerciseSelectionAgent.ts(17,72): error TS6059: File '/Users/giulioleone/Sviluppo/CoachOne/packages/one-agent/src/agents/workout/SharedPromptFragments.ts' is not under 'rootDir' '/Users/giulioleone/Sviluppo/CoachOne/packages/api-core/src'. 'rootDir' is expected to contain all source files.
  The file is in the program because:
    Imported via '../SharedPromptFragments' from file '/Users/giulioleone/Sviluppo/CoachOne/packages/one-agent/src/agents/workout/sub-agents/ExerciseSelectionAgent.ts'
    Imported via '../SharedPromptFragments' from file '/Users/giulioleone/Sviluppo/CoachOne/packages/one-agent/src/agents/workout/sub-agents/WorkoutDayGenerationAgent.ts'
    Imported via './agents/workout/SharedPromptFragments' from file '/Users/giulioleone/Sviluppo/CoachOne/packages/one-agent/src/index.ts'
../one-agent/src/agents/workout/sub-agents/ExerciseSelectionAgent.ts(17,72): error TS6307: File '/Users/giulioleone/Sviluppo/CoachOne/packages/one-agent/src/agents/workout/SharedPromptFragments.ts' is not listed within the file list of project '/Users/giulioleone/Sviluppo/CoachOne/packages/api-core/tsconfig.json'. Projects must list all files or use an 'include' pattern.
  The file is in the program because:
    Imported via '../SharedPromptFragments' from file '/Users/giulioleone/Sviluppo/CoachOne/packages/one-agent/src/agents/workout/sub-agents/ExerciseSelectionAgent.ts'
    Imported via '../SharedPromptFragments' from file '/Users/giulioleone/Sviluppo/CoachOne/packages/one-agent/src/agents/workout/sub-agents/WorkoutDayGenerationAgent.ts'
    Imported via './agents/workout/SharedPromptFragments' from file '/Users/giulioleone/Sviluppo/CoachOne/packages/one-agent/src/index.ts'
../one-agent/src/agents/workout/WorkoutMeshCoordinator.ts(34,8): error TS6059: File '/Users/giulioleone/Sviluppo/CoachOne/packages/one-agent/src/agents/workout/types.ts' is not under 'rootDir' '/Users/giulioleone/Sviluppo/CoachOne/packages/api-core/src'. 'rootDir' is expected to contain all source files.
  The file is in the program because:
    Imported via './types' from file '/Users/giulioleone/Sviluppo/CoachOne/packages/one-agent/src/agents/workout/WorkoutMeshCoordinator.ts'
    Imported via '../types' from file '/Users/giulioleone/Sviluppo/CoachOne/packages/one-agent/src/agents/workout/sub-agents/WorkoutPlanningAgent.ts'
    Imported via '../types' from file '/Users/giulioleone/Sviluppo/CoachOne/packages/one-agent/src/agents/workout/sub-agents/ProgressionAgent.ts'
    Imported via '../types' from file '/Users/giulioleone/Sviluppo/CoachOne/packages/one-agent/src/agents/workout/sub-agents/WorkoutValidationAgent.ts'
    Imported via './types' from file '/Users/giulioleone/Sviluppo/CoachOne/packages/one-agent/src/agents/workout/createWorkoutMeshCoordinator.ts'
    Imported via './agents/workout/types' from file '/Users/giulioleone/Sviluppo/CoachOne/packages/one-agent/src/index.ts'
../one-agent/src/agents/workout/WorkoutMeshCoordinator.ts(34,8): error TS6307: File '/Users/giulioleone/Sviluppo/CoachOne/packages/one-agent/src/agents/workout/types.ts' is not listed within the file list of project '/Users/giulioleone/Sviluppo/CoachOne/packages/api-core/tsconfig.json'. Projects must list all files or use an 'include' pattern.
  The file is in the program because:
    Imported via './types' from file '/Users/giulioleone/Sviluppo/CoachOne/packages/one-agent/src/agents/workout/WorkoutMeshCoordinator.ts'
    Imported via '../types' from file '/Users/giulioleone/Sviluppo/CoachOne/packages/one-agent/src/agents/workout/sub-agents/WorkoutPlanningAgent.ts'
    Imported via '../types' from file '/Users/giulioleone/Sviluppo/CoachOne/packages/one-agent/src/agents/workout/sub-agents/ProgressionAgent.ts'
    Imported via '../types' from file '/Users/giulioleone/Sviluppo/CoachOne/packages/one-agent/src/agents/workout/sub-agents/WorkoutValidationAgent.ts'
    Imported via './types' from file '/Users/giulioleone/Sviluppo/CoachOne/packages/one-agent/src/agents/workout/createWorkoutMeshCoordinator.ts'
    Imported via './agents/workout/types' from file '/Users/giulioleone/Sviluppo/CoachOne/packages/one-agent/src/index.ts'
../one-agent/src/core/type-helpers.ts(71,36): error TS6059: File '/Users/giulioleone/Sviluppo/CoachOne/packages/one-agent/src/mesh/MeshAgent.ts' is not under 'rootDir' '/Users/giulioleone/Sviluppo/CoachOne/packages/api-core/src'. 'rootDir' is expected to contain all source files.
  The file is in the program because:
    Imported via '../mesh/MeshAgent' from file '/Users/giulioleone/Sviluppo/CoachOne/packages/one-agent/src/core/type-helpers.ts'
    Imported via './MeshAgent' from file '/Users/giulioleone/Sviluppo/CoachOne/packages/one-agent/src/mesh/MeshCoordinator.ts'
    Imported via './mesh/MeshAgent' from file '/Users/giulioleone/Sviluppo/CoachOne/packages/one-agent/src/index.ts'
    Imported via '../../../mesh/MeshAgent' from file '/Users/giulioleone/Sviluppo/CoachOne/packages/one-agent/src/agents/workout/sub-agents/ExerciseSelectionAgent.ts'
    Imported via '../../../mesh/MeshAgent' from file '/Users/giulioleone/Sviluppo/CoachOne/packages/one-agent/src/agents/workout/sub-agents/WorkoutPlanningAgent.ts'
    Imported via '../../../mesh/MeshAgent' from file '/Users/giulioleone/Sviluppo/CoachOne/packages/one-agent/src/agents/workout/sub-agents/ProgressionAgent.ts'
    Imported via '../../../mesh/MeshAgent' from file '/Users/giulioleone/Sviluppo/CoachOne/packages/one-agent/src/agents/workout/sub-agents/WeekProgressionAgent.ts'
    Imported via '../../../mesh/MeshAgent' from file '/Users/giulioleone/Sviluppo/CoachOne/packages/one-agent/src/agents/workout/sub-agents/WorkoutValidationAgent.ts'
    Imported via '../../../mesh/MeshAgent' from file '/Users/giulioleone/Sviluppo/CoachOne/packages/one-agent/src/agents/workout/sub-agents/WorkoutPersonalizationAgent.ts'
    Imported via '../../../mesh/MeshAgent' from file '/Users/giulioleone/Sviluppo/CoachOne/packages/one-agent/src/agents/workout/sub-agents/WorkoutDayGenerationAgent.ts'
    Imported via '../../../mesh/MeshAgent' from file '/Users/giulioleone/Sviluppo/CoachOne/packages/one-agent/src/agents/workout/sub-agents/ExerciseGenerationAgent.ts'
    Imported via '../../mesh/MeshAgent' from file '/Users/giulioleone/Sviluppo/CoachOne/packages/one-agent/src/agents/food/FoodGenerationAgent.ts'
../one-agent/src/core/type-helpers.ts(71,36): error TS6307: File '/Users/giulioleone/Sviluppo/CoachOne/packages/one-agent/src/mesh/MeshAgent.ts' is not listed within the file list of project '/Users/giulioleone/Sviluppo/CoachOne/packages/api-core/tsconfig.json'. Projects must list all files or use an 'include' pattern.
  The file is in the program because:
    Imported via '../mesh/MeshAgent' from file '/Users/giulioleone/Sviluppo/CoachOne/packages/one-agent/src/core/type-helpers.ts'
    Imported via './MeshAgent' from file '/Users/giulioleone/Sviluppo/CoachOne/packages/one-agent/src/mesh/MeshCoordinator.ts'
    Imported via './mesh/MeshAgent' from file '/Users/giulioleone/Sviluppo/CoachOne/packages/one-agent/src/index.ts'
    Imported via '../../../mesh/MeshAgent' from file '/Users/giulioleone/Sviluppo/CoachOne/packages/one-agent/src/agents/workout/sub-agents/ExerciseSelectionAgent.ts'
    Imported via '../../../mesh/MeshAgent' from file '/Users/giulioleone/Sviluppo/CoachOne/packages/one-agent/src/agents/workout/sub-agents/WorkoutPlanningAgent.ts'
    Imported via '../../../mesh/MeshAgent' from file '/Users/giulioleone/Sviluppo/CoachOne/packages/one-agent/src/agents/workout/sub-agents/ProgressionAgent.ts'
    Imported via '../../../mesh/MeshAgent' from file '/Users/giulioleone/Sviluppo/CoachOne/packages/one-agent/src/agents/workout/sub-agents/WeekProgressionAgent.ts'
    Imported via '../../../mesh/MeshAgent' from file '/Users/giulioleone/Sviluppo/CoachOne/packages/one-agent/src/agents/workout/sub-agents/WorkoutValidationAgent.ts'
    Imported via '../../../mesh/MeshAgent' from file '/Users/giulioleone/Sviluppo/CoachOne/packages/one-agent/src/agents/workout/sub-agents/WorkoutPersonalizationAgent.ts'
    Imported via '../../../mesh/MeshAgent' from file '/Users/giulioleone/Sviluppo/CoachOne/packages/one-agent/src/agents/workout/sub-agents/WorkoutDayGenerationAgent.ts'
    Imported via '../../../mesh/MeshAgent' from file '/Users/giulioleone/Sviluppo/CoachOne/packages/one-agent/src/agents/workout/sub-agents/ExerciseGenerationAgent.ts'
    Imported via '../../mesh/MeshAgent' from file '/Users/giulioleone/Sviluppo/CoachOne/packages/one-agent/src/agents/food/FoodGenerationAgent.ts'
../one-agent/src/core/type-helpers.ts(72,42): error TS6059: File '/Users/giulioleone/Sviluppo/CoachOne/packages/one-agent/src/mesh/MeshCoordinator.ts' is not under 'rootDir' '/Users/giulioleone/Sviluppo/CoachOne/packages/api-core/src'. 'rootDir' is expected to contain all source files.
  The file is in the program because:
    Imported via '../mesh/MeshCoordinator' from file '/Users/giulioleone/Sviluppo/CoachOne/packages/one-agent/src/core/type-helpers.ts'
    Imported via './mesh/MeshCoordinator' from file '/Users/giulioleone/Sviluppo/CoachOne/packages/one-agent/src/index.ts'
    Imported via '../../mesh/MeshCoordinator' from file '/Users/giulioleone/Sviluppo/CoachOne/packages/one-agent/src/agents/workout/WorkoutMeshCoordinator.ts'
    Imported via '../../mesh/MeshCoordinator' from file '/Users/giulioleone/Sviluppo/CoachOne/packages/one-agent/src/agents/copilot/CopilotMeshCoordinator.ts'
../one-agent/src/core/type-helpers.ts(72,42): error TS6307: File '/Users/giulioleone/Sviluppo/CoachOne/packages/one-agent/src/mesh/MeshCoordinator.ts' is not listed within the file list of project '/Users/giulioleone/Sviluppo/CoachOne/packages/api-core/tsconfig.json'. Projects must list all files or use an 'include' pattern.
  The file is in the program because:
    Imported via '../mesh/MeshCoordinator' from file '/Users/giulioleone/Sviluppo/CoachOne/packages/one-agent/src/core/type-helpers.ts'
    Imported via './mesh/MeshCoordinator' from file '/Users/giulioleone/Sviluppo/CoachOne/packages/one-agent/src/index.ts'
    Imported via '../../mesh/MeshCoordinator' from file '/Users/giulioleone/Sviluppo/CoachOne/packages/one-agent/src/agents/workout/WorkoutMeshCoordinator.ts'
    Imported via '../../mesh/MeshCoordinator' from file '/Users/giulioleone/Sviluppo/CoachOne/packages/one-agent/src/agents/copilot/CopilotMeshCoordinator.ts'
../one-agent/src/index.ts(11,15): error TS6059: File '/Users/giulioleone/Sviluppo/CoachOne/packages/one-agent/src/core/types.ts' is not under 'rootDir' '/Users/giulioleone/Sviluppo/CoachOne/packages/api-core/src'. 'rootDir' is expected to contain all source files.
  The file is in the program because:
    Imported via './core/types' from file '/Users/giulioleone/Sviluppo/CoachOne/packages/one-agent/src/index.ts'
    Imported via '../core/types' from file '/Users/giulioleone/Sviluppo/CoachOne/packages/one-agent/src/mesh/types.ts'
    Imported via '../core/types' from file '/Users/giulioleone/Sviluppo/CoachOne/packages/one-agent/src/mesh/types.ts'
    Imported via '../core/types' from file '/Users/giulioleone/Sviluppo/CoachOne/packages/one-agent/src/mesh/types.ts'
    Imported via '../core/types' from file '/Users/giulioleone/Sviluppo/CoachOne/packages/one-agent/src/mesh/MeshAgent.ts'
    Imported via '../core/types' from file '/Users/giulioleone/Sviluppo/CoachOne/packages/one-agent/src/mesh/MeshCoordinator.ts'
    Imported via './types' from file '/Users/giulioleone/Sviluppo/CoachOne/packages/one-agent/src/core/BaseAgent.ts'
    Imported via './types' from file '/Users/giulioleone/Sviluppo/CoachOne/packages/one-agent/src/core/CostCalculator.ts'
    Imported via '../core/types' from file '/Users/giulioleone/Sviluppo/CoachOne/packages/one-agent/src/adapters/VercelAIProvider.ts'
    Imported via '../core/types' from file '/Users/giulioleone/Sviluppo/CoachOne/packages/one-agent/src/adapters/AIProvider.ts'
    Imported via '../../../core/types' from file '/Users/giulioleone/Sviluppo/CoachOne/packages/one-agent/src/agents/workout/sub-agents/ExerciseSelectionAgent.ts'
    Imported via '../../../core/types' from file '/Users/giulioleone/Sviluppo/CoachOne/packages/one-agent/src/agents/workout/sub-agents/WorkoutPlanningAgent.ts'
    Imported via '../../../core/types' from file '/Users/giulioleone/Sviluppo/CoachOne/packages/one-agent/src/agents/workout/sub-agents/ProgressionAgent.ts'
    Imported via '../../../core/types' from file '/Users/giulioleone/Sviluppo/CoachOne/packages/one-agent/src/agents/workout/sub-agents/WeekProgressionAgent.ts'
    Imported via '../../../core/types' from file '/Users/giulioleone/Sviluppo/CoachOne/packages/one-agent/src/agents/workout/sub-agents/WorkoutValidationAgent.ts'
    Imported via '../../../core/types' from file '/Users/giulioleone/Sviluppo/CoachOne/packages/one-agent/src/agents/workout/sub-agents/WorkoutPersonalizationAgent.ts'
    Imported via '../../../core/types' from file '/Users/giulioleone/Sviluppo/CoachOne/packages/one-agent/src/agents/workout/sub-agents/WorkoutDayGenerationAgent.ts'
    Imported via '../../../core/types' from file '/Users/giulioleone/Sviluppo/CoachOne/packages/one-agent/src/agents/workout/sub-agents/ExerciseGenerationAgent.ts'
    Imported via '../../core/types' from file '/Users/giulioleone/Sviluppo/CoachOne/packages/one-agent/src/agents/workout/createWorkoutMeshCoordinator.ts'
    Imported via '../../core/types' from file '/Users/giulioleone/Sviluppo/CoachOne/packages/one-agent/src/agents/food/FoodGenerationAgent.ts'
    Imported via '../../core/types' from file '/Users/giulioleone/Sviluppo/CoachOne/packages/one-agent/src/agents/copilot/CopilotMeshCoordinator.ts'
    Imported via '../core/types' from file '/Users/giulioleone/Sviluppo/CoachOne/packages/one-agent/src/utils/ai-agent-setup.ts'
../one-agent/src/index.ts(11,15): error TS6307: File '/Users/giulioleone/Sviluppo/CoachOne/packages/one-agent/src/core/types.ts' is not listed within the file list of project '/Users/giulioleone/Sviluppo/CoachOne/packages/api-core/tsconfig.json'. Projects must list all files or use an 'include' pattern.
  The file is in the program because:
    Imported via './core/types' from file '/Users/giulioleone/Sviluppo/CoachOne/packages/one-agent/src/index.ts'
    Imported via '../core/types' from file '/Users/giulioleone/Sviluppo/CoachOne/packages/one-agent/src/mesh/types.ts'
    Imported via '../core/types' from file '/Users/giulioleone/Sviluppo/CoachOne/packages/one-agent/src/mesh/types.ts'
    Imported via '../core/types' from file '/Users/giulioleone/Sviluppo/CoachOne/packages/one-agent/src/mesh/types.ts'
    Imported via '../core/types' from file '/Users/giulioleone/Sviluppo/CoachOne/packages/one-agent/src/mesh/MeshAgent.ts'
    Imported via '../core/types' from file '/Users/giulioleone/Sviluppo/CoachOne/packages/one-agent/src/mesh/MeshCoordinator.ts'
    Imported via './types' from file '/Users/giulioleone/Sviluppo/CoachOne/packages/one-agent/src/core/BaseAgent.ts'
    Imported via './types' from file '/Users/giulioleone/Sviluppo/CoachOne/packages/one-agent/src/core/CostCalculator.ts'
    Imported via '../core/types' from file '/Users/giulioleone/Sviluppo/CoachOne/packages/one-agent/src/adapters/VercelAIProvider.ts'
    Imported via '../core/types' from file '/Users/giulioleone/Sviluppo/CoachOne/packages/one-agent/src/adapters/AIProvider.ts'
    Imported via '../../../core/types' from file '/Users/giulioleone/Sviluppo/CoachOne/packages/one-agent/src/agents/workout/sub-agents/ExerciseSelectionAgent.ts'
    Imported via '../../../core/types' from file '/Users/giulioleone/Sviluppo/CoachOne/packages/one-agent/src/agents/workout/sub-agents/WorkoutPlanningAgent.ts'
    Imported via '../../../core/types' from file '/Users/giulioleone/Sviluppo/CoachOne/packages/one-agent/src/agents/workout/sub-agents/ProgressionAgent.ts'
    Imported via '../../../core/types' from file '/Users/giulioleone/Sviluppo/CoachOne/packages/one-agent/src/agents/workout/sub-agents/WeekProgressionAgent.ts'
    Imported via '../../../core/types' from file '/Users/giulioleone/Sviluppo/CoachOne/packages/one-agent/src/agents/workout/sub-agents/WorkoutValidationAgent.ts'
    Imported via '../../../core/types' from file '/Users/giulioleone/Sviluppo/CoachOne/packages/one-agent/src/agents/workout/sub-agents/WorkoutPersonalizationAgent.ts'
    Imported via '../../../core/types' from file '/Users/giulioleone/Sviluppo/CoachOne/packages/one-agent/src/agents/workout/sub-agents/WorkoutDayGenerationAgent.ts'
    Imported via '../../../core/types' from file '/Users/giulioleone/Sviluppo/CoachOne/packages/one-agent/src/agents/workout/sub-agents/ExerciseGenerationAgent.ts'
    Imported via '../../core/types' from file '/Users/giulioleone/Sviluppo/CoachOne/packages/one-agent/src/agents/workout/createWorkoutMeshCoordinator.ts'
    Imported via '../../core/types' from file '/Users/giulioleone/Sviluppo/CoachOne/packages/one-agent/src/agents/food/FoodGenerationAgent.ts'
    Imported via '../../core/types' from file '/Users/giulioleone/Sviluppo/CoachOne/packages/one-agent/src/agents/copilot/CopilotMeshCoordinator.ts'
    Imported via '../core/types' from file '/Users/giulioleone/Sviluppo/CoachOne/packages/one-agent/src/utils/ai-agent-setup.ts'
../one-agent/src/index.ts(12,15): error TS6059: File '/Users/giulioleone/Sviluppo/CoachOne/packages/one-agent/src/core/type-helpers.ts' is not under 'rootDir' '/Users/giulioleone/Sviluppo/CoachOne/packages/api-core/src'. 'rootDir' is expected to contain all source files.
  The file is in the program because:
    Imported via './core/type-helpers' from file '/Users/giulioleone/Sviluppo/CoachOne/packages/one-agent/src/index.ts'
    Imported via '../core/type-helpers' from file '/Users/giulioleone/Sviluppo/CoachOne/packages/one-agent/src/adapters/AIProvider.ts'
    Imported via '../core/type-helpers' from file '/Users/giulioleone/Sviluppo/CoachOne/packages/one-agent/src/adapters/AIProvider.ts'
    Imported via '../core/type-helpers' from file '/Users/giulioleone/Sviluppo/CoachOne/packages/one-agent/src/registry/AgentRegistry.ts'
../one-agent/src/index.ts(12,15): error TS6307: File '/Users/giulioleone/Sviluppo/CoachOne/packages/one-agent/src/core/type-helpers.ts' is not listed within the file list of project '/Users/giulioleone/Sviluppo/CoachOne/packages/api-core/tsconfig.json'. Projects must list all files or use an 'include' pattern.
  The file is in the program because:
    Imported via './core/type-helpers' from file '/Users/giulioleone/Sviluppo/CoachOne/packages/one-agent/src/index.ts'
    Imported via '../core/type-helpers' from file '/Users/giulioleone/Sviluppo/CoachOne/packages/one-agent/src/adapters/AIProvider.ts'
    Imported via '../core/type-helpers' from file '/Users/giulioleone/Sviluppo/CoachOne/packages/one-agent/src/adapters/AIProvider.ts'
    Imported via '../core/type-helpers' from file '/Users/giulioleone/Sviluppo/CoachOne/packages/one-agent/src/registry/AgentRegistry.ts'
../one-agent/src/index.ts(13,15): error TS6059: File '/Users/giulioleone/Sviluppo/CoachOne/packages/one-agent/src/core/BaseAgent.ts' is not under 'rootDir' '/Users/giulioleone/Sviluppo/CoachOne/packages/api-core/src'. 'rootDir' is expected to contain all source files.
../one-agent/src/index.ts(13,15): error TS6307: File '/Users/giulioleone/Sviluppo/CoachOne/packages/one-agent/src/core/BaseAgent.ts' is not listed within the file list of project '/Users/giulioleone/Sviluppo/CoachOne/packages/api-core/tsconfig.json'. Projects must list all files or use an 'include' pattern.
../one-agent/src/index.ts(14,15): error TS6059: File '/Users/giulioleone/Sviluppo/CoachOne/packages/one-agent/src/core/CostCalculator.ts' is not under 'rootDir' '/Users/giulioleone/Sviluppo/CoachOne/packages/api-core/src'. 'rootDir' is expected to contain all source files.
  The file is in the program because:
    Imported via './core/CostCalculator' from file '/Users/giulioleone/Sviluppo/CoachOne/packages/one-agent/src/index.ts'
    Imported via '../core/CostCalculator' from file '/Users/giulioleone/Sviluppo/CoachOne/packages/one-agent/src/registry/initialize.ts'
    Imported via '../core/CostCalculator' from file '/Users/giulioleone/Sviluppo/CoachOne/packages/one-agent/src/utils/ai-agent-setup.ts'
../one-agent/src/index.ts(14,15): error TS6307: File '/Users/giulioleone/Sviluppo/CoachOne/packages/one-agent/src/core/CostCalculator.ts' is not listed within the file list of project '/Users/giulioleone/Sviluppo/CoachOne/packages/api-core/tsconfig.json'. Projects must list all files or use an 'include' pattern.
  The file is in the program because:
    Imported via './core/CostCalculator' from file '/Users/giulioleone/Sviluppo/CoachOne/packages/one-agent/src/index.ts'
    Imported via '../core/CostCalculator' from file '/Users/giulioleone/Sviluppo/CoachOne/packages/one-agent/src/registry/initialize.ts'
    Imported via '../core/CostCalculator' from file '/Users/giulioleone/Sviluppo/CoachOne/packages/one-agent/src/utils/ai-agent-setup.ts'
../one-agent/src/index.ts(17,15): error TS6059: File '/Users/giulioleone/Sviluppo/CoachOne/packages/one-agent/src/adapters/VercelAIProvider.ts' is not under 'rootDir' '/Users/giulioleone/Sviluppo/CoachOne/packages/api-core/src'. 'rootDir' is expected to contain all source files.
../one-agent/src/index.ts(17,15): error TS6307: File '/Users/giulioleone/Sviluppo/CoachOne/packages/one-agent/src/adapters/VercelAIProvider.ts' is not listed within the file list of project '/Users/giulioleone/Sviluppo/CoachOne/packages/api-core/tsconfig.json'. Projects must list all files or use an 'include' pattern.
../one-agent/src/index.ts(18,15): error TS6059: File '/Users/giulioleone/Sviluppo/CoachOne/packages/one-agent/src/adapters/AIProvider.ts' is not under 'rootDir' '/Users/giulioleone/Sviluppo/CoachOne/packages/api-core/src'. 'rootDir' is expected to contain all source files.
  The file is in the program because:
    Imported via './adapters/AIProvider' from file '/Users/giulioleone/Sviluppo/CoachOne/packages/one-agent/src/index.ts'
    Imported via '../adapters/AIProvider' from file '/Users/giulioleone/Sviluppo/CoachOne/packages/one-agent/src/registry/initialize.ts'
    Imported via '../adapters/AIProvider' from file '/Users/giulioleone/Sviluppo/CoachOne/packages/one-agent/src/utils/ai-agent-setup.ts'
../one-agent/src/index.ts(18,15): error TS6307: File '/Users/giulioleone/Sviluppo/CoachOne/packages/one-agent/src/adapters/AIProvider.ts' is not listed within the file list of project '/Users/giulioleone/Sviluppo/CoachOne/packages/api-core/tsconfig.json'. Projects must list all files or use an 'include' pattern.
  The file is in the program because:
    Imported via './adapters/AIProvider' from file '/Users/giulioleone/Sviluppo/CoachOne/packages/one-agent/src/index.ts'
    Imported via '../adapters/AIProvider' from file '/Users/giulioleone/Sviluppo/CoachOne/packages/one-agent/src/registry/initialize.ts'
    Imported via '../adapters/AIProvider' from file '/Users/giulioleone/Sviluppo/CoachOne/packages/one-agent/src/utils/ai-agent-setup.ts'
../one-agent/src/index.ts(21,15): error TS6059: File '/Users/giulioleone/Sviluppo/CoachOne/packages/one-agent/src/schemas/nutrition.schema.ts' is not under 'rootDir' '/Users/giulioleone/Sviluppo/CoachOne/packages/api-core/src'. 'rootDir' is expected to contain all source files.
../one-agent/src/index.ts(21,15): error TS6307: File '/Users/giulioleone/Sviluppo/CoachOne/packages/one-agent/src/schemas/nutrition.schema.ts' is not listed within the file list of project '/Users/giulioleone/Sviluppo/CoachOne/packages/api-core/tsconfig.json'. Projects must list all files or use an 'include' pattern.
../one-agent/src/index.ts(22,15): error TS6059: File '/Users/giulioleone/Sviluppo/CoachOne/packages/one-agent/src/schemas/workout.schema.ts' is not under 'rootDir' '/Users/giulioleone/Sviluppo/CoachOne/packages/api-core/src'. 'rootDir' is expected to contain all source files.
../one-agent/src/index.ts(22,15): error TS6307: File '/Users/giulioleone/Sviluppo/CoachOne/packages/one-agent/src/schemas/workout.schema.ts' is not listed within the file list of project '/Users/giulioleone/Sviluppo/CoachOne/packages/api-core/tsconfig.json'. Projects must list all files or use an 'include' pattern.
../one-agent/src/index.ts(29,15): error TS6059: File '/Users/giulioleone/Sviluppo/CoachOne/packages/one-agent/src/mesh/SimpleCache.ts' is not under 'rootDir' '/Users/giulioleone/Sviluppo/CoachOne/packages/api-core/src'. 'rootDir' is expected to contain all source files.
  The file is in the program because:
    Imported via './mesh/SimpleCache' from file '/Users/giulioleone/Sviluppo/CoachOne/packages/one-agent/src/index.ts'
    Imported via '../../mesh/SimpleCache' from file '/Users/giulioleone/Sviluppo/CoachOne/packages/one-agent/src/agents/copilot/CopilotMeshCoordinator.ts'
../one-agent/src/index.ts(29,15): error TS6307: File '/Users/giulioleone/Sviluppo/CoachOne/packages/one-agent/src/mesh/SimpleCache.ts' is not listed within the file list of project '/Users/giulioleone/Sviluppo/CoachOne/packages/api-core/tsconfig.json'. Projects must list all files or use an 'include' pattern.
  The file is in the program because:
    Imported via './mesh/SimpleCache' from file '/Users/giulioleone/Sviluppo/CoachOne/packages/one-agent/src/index.ts'
    Imported via '../../mesh/SimpleCache' from file '/Users/giulioleone/Sviluppo/CoachOne/packages/one-agent/src/agents/copilot/CopilotMeshCoordinator.ts'
../one-agent/src/index.ts(32,40): error TS6059: File '/Users/giulioleone/Sviluppo/CoachOne/packages/one-agent/src/agents/workout/WorkoutMeshCoordinator.ts' is not under 'rootDir' '/Users/giulioleone/Sviluppo/CoachOne/packages/api-core/src'. 'rootDir' is expected to contain all source files.
  The file is in the program because:
    Imported via './agents/workout/WorkoutMeshCoordinator' from file '/Users/giulioleone/Sviluppo/CoachOne/packages/one-agent/src/index.ts'
    Imported via './WorkoutMeshCoordinator' from file '/Users/giulioleone/Sviluppo/CoachOne/packages/one-agent/src/agents/workout/createWorkoutMeshCoordinator.ts'
../one-agent/src/index.ts(32,40): error TS6307: File '/Users/giulioleone/Sviluppo/CoachOne/packages/one-agent/src/agents/workout/WorkoutMeshCoordinator.ts' is not listed within the file list of project '/Users/giulioleone/Sviluppo/CoachOne/packages/api-core/tsconfig.json'. Projects must list all files or use an 'include' pattern.
  The file is in the program because:
    Imported via './agents/workout/WorkoutMeshCoordinator' from file '/Users/giulioleone/Sviluppo/CoachOne/packages/one-agent/src/index.ts'
    Imported via './WorkoutMeshCoordinator' from file '/Users/giulioleone/Sviluppo/CoachOne/packages/one-agent/src/agents/workout/createWorkoutMeshCoordinator.ts'
../one-agent/src/index.ts(36,8): error TS6059: File '/Users/giulioleone/Sviluppo/CoachOne/packages/one-agent/src/agents/workout/createWorkoutMeshCoordinator.ts' is not under 'rootDir' '/Users/giulioleone/Sviluppo/CoachOne/packages/api-core/src'. 'rootDir' is expected to contain all source files.
  The file is in the program because:
    Imported via './agents/workout/createWorkoutMeshCoordinator' from file '/Users/giulioleone/Sviluppo/CoachOne/packages/one-agent/src/index.ts'
    Imported via '../agents/workout/createWorkoutMeshCoordinator' from file '/Users/giulioleone/Sviluppo/CoachOne/packages/one-agent/src/registry/initialize.ts'
../one-agent/src/index.ts(36,8): error TS6307: File '/Users/giulioleone/Sviluppo/CoachOne/packages/one-agent/src/agents/workout/createWorkoutMeshCoordinator.ts' is not listed within the file list of project '/Users/giulioleone/Sviluppo/CoachOne/packages/api-core/tsconfig.json'. Projects must list all files or use an 'include' pattern.
  The file is in the program because:
    Imported via './agents/workout/createWorkoutMeshCoordinator' from file '/Users/giulioleone/Sviluppo/CoachOne/packages/one-agent/src/index.ts'
    Imported via '../agents/workout/createWorkoutMeshCoordinator' from file '/Users/giulioleone/Sviluppo/CoachOne/packages/one-agent/src/registry/initialize.ts'
../one-agent/src/index.ts(50,37): error TS6059: File '/Users/giulioleone/Sviluppo/CoachOne/packages/one-agent/src/agents/food/FoodGenerationAgent.ts' is not under 'rootDir' '/Users/giulioleone/Sviluppo/CoachOne/packages/api-core/src'. 'rootDir' is expected to contain all source files.
../one-agent/src/index.ts(50,37): error TS6307: File '/Users/giulioleone/Sviluppo/CoachOne/packages/one-agent/src/agents/food/FoodGenerationAgent.ts' is not listed within the file list of project '/Users/giulioleone/Sviluppo/CoachOne/packages/api-core/tsconfig.json'. Projects must list all files or use an 'include' pattern.
../one-agent/src/index.ts(56,15): error TS6059: File '/Users/giulioleone/Sviluppo/CoachOne/packages/one-agent/src/agents/copilot/index.ts' is not under 'rootDir' '/Users/giulioleone/Sviluppo/CoachOne/packages/api-core/src'. 'rootDir' is expected to contain all source files.
  The file is in the program because:
    Imported via './agents/copilot' from file '/Users/giulioleone/Sviluppo/CoachOne/packages/one-agent/src/index.ts'
    Imported via '../agents/copilot' from file '/Users/giulioleone/Sviluppo/CoachOne/packages/one-agent/src/registry/initialize.ts'
../one-agent/src/index.ts(56,15): error TS6307: File '/Users/giulioleone/Sviluppo/CoachOne/packages/one-agent/src/agents/copilot/index.ts' is not listed within the file list of project '/Users/giulioleone/Sviluppo/CoachOne/packages/api-core/tsconfig.json'. Projects must list all files or use an 'include' pattern.
  The file is in the program because:
    Imported via './agents/copilot' from file '/Users/giulioleone/Sviluppo/CoachOne/packages/one-agent/src/index.ts'
    Imported via '../agents/copilot' from file '/Users/giulioleone/Sviluppo/CoachOne/packages/one-agent/src/registry/initialize.ts'
../one-agent/src/index.ts(59,15): error TS6059: File '/Users/giulioleone/Sviluppo/CoachOne/packages/one-agent/src/agents/chat/index.ts' is not under 'rootDir' '/Users/giulioleone/Sviluppo/CoachOne/packages/api-core/src'. 'rootDir' is expected to contain all source files.
../one-agent/src/index.ts(59,15): error TS6307: File '/Users/giulioleone/Sviluppo/CoachOne/packages/one-agent/src/agents/chat/index.ts' is not listed within the file list of project '/Users/giulioleone/Sviluppo/CoachOne/packages/api-core/tsconfig.json'. Projects must list all files or use an 'include' pattern.
../one-agent/src/index.ts(62,15): error TS6059: File '/Users/giulioleone/Sviluppo/CoachOne/packages/one-agent/src/registry/index.ts' is not under 'rootDir' '/Users/giulioleone/Sviluppo/CoachOne/packages/api-core/src'. 'rootDir' is expected to contain all source files.
../one-agent/src/index.ts(62,15): error TS6307: File '/Users/giulioleone/Sviluppo/CoachOne/packages/one-agent/src/registry/index.ts' is not listed within the file list of project '/Users/giulioleone/Sviluppo/CoachOne/packages/api-core/tsconfig.json'. Projects must list all files or use an 'include' pattern.
../one-agent/src/index.ts(65,15): error TS6059: File '/Users/giulioleone/Sviluppo/CoachOne/packages/one-agent/src/utils/ai-agent-setup.ts' is not under 'rootDir' '/Users/giulioleone/Sviluppo/CoachOne/packages/api-core/src'. 'rootDir' is expected to contain all source files.
../one-agent/src/index.ts(65,15): error TS6307: File '/Users/giulioleone/Sviluppo/CoachOne/packages/one-agent/src/utils/ai-agent-setup.ts' is not listed within the file list of project '/Users/giulioleone/Sviluppo/CoachOne/packages/api-core/tsconfig.json'. Projects must list all files or use an 'include' pattern.
../one-agent/src/mesh/MeshAgent.ts(16,8): error TS6059: File '/Users/giulioleone/Sviluppo/CoachOne/packages/one-agent/src/mesh/types.ts' is not under 'rootDir' '/Users/giulioleone/Sviluppo/CoachOne/packages/api-core/src'. 'rootDir' is expected to contain all source files.
  The file is in the program because:
    Imported via './types' from file '/Users/giulioleone/Sviluppo/CoachOne/packages/one-agent/src/mesh/MeshAgent.ts'
    Imported via './types' from file '/Users/giulioleone/Sviluppo/CoachOne/packages/one-agent/src/mesh/MeshCoordinator.ts'
    Imported via './mesh/types' from file '/Users/giulioleone/Sviluppo/CoachOne/packages/one-agent/src/index.ts'
    Imported via '../../mesh/types' from file '/Users/giulioleone/Sviluppo/CoachOne/packages/one-agent/src/agents/workout/WorkoutMeshCoordinator.ts'
    Imported via '../../../mesh/types' from file '/Users/giulioleone/Sviluppo/CoachOne/packages/one-agent/src/agents/workout/sub-agents/ExerciseSelectionAgent.ts'
    Imported via '../../../mesh/types' from file '/Users/giulioleone/Sviluppo/CoachOne/packages/one-agent/src/agents/workout/sub-agents/ExerciseSelectionAgent.ts'
    Imported via '../../../mesh/types' from file '/Users/giulioleone/Sviluppo/CoachOne/packages/one-agent/src/agents/workout/sub-agents/WorkoutPlanningAgent.ts'
    Imported via '../../../mesh/types' from file '/Users/giulioleone/Sviluppo/CoachOne/packages/one-agent/src/agents/workout/sub-agents/WorkoutPlanningAgent.ts'
    Imported via '../../../mesh/types' from file '/Users/giulioleone/Sviluppo/CoachOne/packages/one-agent/src/agents/workout/sub-agents/ProgressionAgent.ts'
    Imported via '../../../mesh/types' from file '/Users/giulioleone/Sviluppo/CoachOne/packages/one-agent/src/agents/workout/sub-agents/ProgressionAgent.ts'
    Imported via '../../../mesh/types' from file '/Users/giulioleone/Sviluppo/CoachOne/packages/one-agent/src/agents/workout/sub-agents/WeekProgressionAgent.ts'
    Imported via '../../../mesh/types' from file '/Users/giulioleone/Sviluppo/CoachOne/packages/one-agent/src/agents/workout/sub-agents/WeekProgressionAgent.ts'
    Imported via '../../../mesh/types' from file '/Users/giulioleone/Sviluppo/CoachOne/packages/one-agent/src/agents/workout/sub-agents/WorkoutValidationAgent.ts'
    Imported via '../../../mesh/types' from file '/Users/giulioleone/Sviluppo/CoachOne/packages/one-agent/src/agents/workout/sub-agents/WorkoutValidationAgent.ts'
    Imported via '../../../mesh/types' from file '/Users/giulioleone/Sviluppo/CoachOne/packages/one-agent/src/agents/workout/sub-agents/WorkoutPersonalizationAgent.ts'
    Imported via '../../../mesh/types' from file '/Users/giulioleone/Sviluppo/CoachOne/packages/one-agent/src/agents/workout/sub-agents/WorkoutPersonalizationAgent.ts'
    Imported via '../../../mesh/types' from file '/Users/giulioleone/Sviluppo/CoachOne/packages/one-agent/src/agents/workout/sub-agents/WorkoutDayGenerationAgent.ts'
    Imported via '../../../mesh/types' from file '/Users/giulioleone/Sviluppo/CoachOne/packages/one-agent/src/agents/workout/sub-agents/WorkoutDayGenerationAgent.ts'
    Imported via '../../../mesh/types' from file '/Users/giulioleone/Sviluppo/CoachOne/packages/one-agent/src/agents/workout/sub-agents/ExerciseGenerationAgent.ts'
    Imported via '../../../mesh/types' from file '/Users/giulioleone/Sviluppo/CoachOne/packages/one-agent/src/agents/workout/sub-agents/ExerciseGenerationAgent.ts'
    Imported via '../../mesh/types' from file '/Users/giulioleone/Sviluppo/CoachOne/packages/one-agent/src/agents/food/FoodGenerationAgent.ts'
    Imported via '../../mesh/types' from file '/Users/giulioleone/Sviluppo/CoachOne/packages/one-agent/src/agents/food/FoodGenerationAgent.ts'
    Imported via '../../mesh/types' from file '/Users/giulioleone/Sviluppo/CoachOne/packages/one-agent/src/agents/copilot/CopilotMeshCoordinator.ts'
    Imported via '../mesh/types' from file '/Users/giulioleone/Sviluppo/CoachOne/packages/one-agent/src/registry/AgentRegistry.ts'
    Imported via '../mesh/types' from file '/Users/giulioleone/Sviluppo/CoachOne/packages/one-agent/src/registry/initialize.ts'
../one-agent/src/mesh/MeshAgent.ts(16,8): error TS6307: File '/Users/giulioleone/Sviluppo/CoachOne/packages/one-agent/src/mesh/types.ts' is not listed within the file list of project '/Users/giulioleone/Sviluppo/CoachOne/packages/api-core/tsconfig.json'. Projects must list all files or use an 'include' pattern.
  The file is in the program because:
    Imported via './types' from file '/Users/giulioleone/Sviluppo/CoachOne/packages/one-agent/src/mesh/MeshAgent.ts'
    Imported via './types' from file '/Users/giulioleone/Sviluppo/CoachOne/packages/one-agent/src/mesh/MeshCoordinator.ts'
    Imported via './mesh/types' from file '/Users/giulioleone/Sviluppo/CoachOne/packages/one-agent/src/index.ts'
    Imported via '../../mesh/types' from file '/Users/giulioleone/Sviluppo/CoachOne/packages/one-agent/src/agents/workout/WorkoutMeshCoordinator.ts'
    Imported via '../../../mesh/types' from file '/Users/giulioleone/Sviluppo/CoachOne/packages/one-agent/src/agents/workout/sub-agents/ExerciseSelectionAgent.ts'
    Imported via '../../../mesh/types' from file '/Users/giulioleone/Sviluppo/CoachOne/packages/one-agent/src/agents/workout/sub-agents/ExerciseSelectionAgent.ts'
    Imported via '../../../mesh/types' from file '/Users/giulioleone/Sviluppo/CoachOne/packages/one-agent/src/agents/workout/sub-agents/WorkoutPlanningAgent.ts'
    Imported via '../../../mesh/types' from file '/Users/giulioleone/Sviluppo/CoachOne/packages/one-agent/src/agents/workout/sub-agents/WorkoutPlanningAgent.ts'
    Imported via '../../../mesh/types' from file '/Users/giulioleone/Sviluppo/CoachOne/packages/one-agent/src/agents/workout/sub-agents/ProgressionAgent.ts'
    Imported via '../../../mesh/types' from file '/Users/giulioleone/Sviluppo/CoachOne/packages/one-agent/src/agents/workout/sub-agents/ProgressionAgent.ts'
    Imported via '../../../mesh/types' from file '/Users/giulioleone/Sviluppo/CoachOne/packages/one-agent/src/agents/workout/sub-agents/WeekProgressionAgent.ts'
    Imported via '../../../mesh/types' from file '/Users/giulioleone/Sviluppo/CoachOne/packages/one-agent/src/agents/workout/sub-agents/WeekProgressionAgent.ts'
    Imported via '../../../mesh/types' from file '/Users/giulioleone/Sviluppo/CoachOne/packages/one-agent/src/agents/workout/sub-agents/WorkoutValidationAgent.ts'
    Imported via '../../../mesh/types' from file '/Users/giulioleone/Sviluppo/CoachOne/packages/one-agent/src/agents/workout/sub-agents/WorkoutValidationAgent.ts'
    Imported via '../../../mesh/types' from file '/Users/giulioleone/Sviluppo/CoachOne/packages/one-agent/src/agents/workout/sub-agents/WorkoutPersonalizationAgent.ts'
    Imported via '../../../mesh/types' from file '/Users/giulioleone/Sviluppo/CoachOne/packages/one-agent/src/agents/workout/sub-agents/WorkoutPersonalizationAgent.ts'
    Imported via '../../../mesh/types' from file '/Users/giulioleone/Sviluppo/CoachOne/packages/one-agent/src/agents/workout/sub-agents/WorkoutDayGenerationAgent.ts'
    Imported via '../../../mesh/types' from file '/Users/giulioleone/Sviluppo/CoachOne/packages/one-agent/src/agents/workout/sub-agents/WorkoutDayGenerationAgent.ts'
    Imported via '../../../mesh/types' from file '/Users/giulioleone/Sviluppo/CoachOne/packages/one-agent/src/agents/workout/sub-agents/ExerciseGenerationAgent.ts'
    Imported via '../../../mesh/types' from file '/Users/giulioleone/Sviluppo/CoachOne/packages/one-agent/src/agents/workout/sub-agents/ExerciseGenerationAgent.ts'
    Imported via '../../mesh/types' from file '/Users/giulioleone/Sviluppo/CoachOne/packages/one-agent/src/agents/food/FoodGenerationAgent.ts'
    Imported via '../../mesh/types' from file '/Users/giulioleone/Sviluppo/CoachOne/packages/one-agent/src/agents/food/FoodGenerationAgent.ts'
    Imported via '../../mesh/types' from file '/Users/giulioleone/Sviluppo/CoachOne/packages/one-agent/src/agents/copilot/CopilotMeshCoordinator.ts'
    Imported via '../mesh/types' from file '/Users/giulioleone/Sviluppo/CoachOne/packages/one-agent/src/registry/AgentRegistry.ts'
    Imported via '../mesh/types' from file '/Users/giulioleone/Sviluppo/CoachOne/packages/one-agent/src/registry/initialize.ts'
../one-agent/src/mesh/MeshCoordinator.ts(23,64): error TS6059: File '/Users/giulioleone/Sviluppo/CoachOne/packages/one-agent/src/mesh/PerformanceMonitor.ts' is not under 'rootDir' '/Users/giulioleone/Sviluppo/CoachOne/packages/api-core/src'. 'rootDir' is expected to contain all source files.
  The file is in the program because:
    Imported via './PerformanceMonitor' from file '/Users/giulioleone/Sviluppo/CoachOne/packages/one-agent/src/mesh/MeshCoordinator.ts'
    Imported via './mesh/PerformanceMonitor' from file '/Users/giulioleone/Sviluppo/CoachOne/packages/one-agent/src/index.ts'
../one-agent/src/mesh/MeshCoordinator.ts(23,64): error TS6307: File '/Users/giulioleone/Sviluppo/CoachOne/packages/one-agent/src/mesh/PerformanceMonitor.ts' is not listed within the file list of project '/Users/giulioleone/Sviluppo/CoachOne/packages/api-core/tsconfig.json'. Projects must list all files or use an 'include' pattern.
  The file is in the program because:
    Imported via './PerformanceMonitor' from file '/Users/giulioleone/Sviluppo/CoachOne/packages/one-agent/src/mesh/MeshCoordinator.ts'
    Imported via './mesh/PerformanceMonitor' from file '/Users/giulioleone/Sviluppo/CoachOne/packages/one-agent/src/index.ts'
../one-agent/src/registry/index.ts(12,8): error TS6059: File '/Users/giulioleone/Sviluppo/CoachOne/packages/one-agent/src/registry/AgentRegistry.ts' is not under 'rootDir' '/Users/giulioleone/Sviluppo/CoachOne/packages/api-core/src'. 'rootDir' is expected to contain all source files.
  The file is in the program because:
    Imported via './AgentRegistry' from file '/Users/giulioleone/Sviluppo/CoachOne/packages/one-agent/src/registry/index.ts'
    Imported via './AgentRegistry' from file '/Users/giulioleone/Sviluppo/CoachOne/packages/one-agent/src/registry/initialize.ts'
../one-agent/src/registry/index.ts(12,8): error TS6307: File '/Users/giulioleone/Sviluppo/CoachOne/packages/one-agent/src/registry/AgentRegistry.ts' is not listed within the file list of project '/Users/giulioleone/Sviluppo/CoachOne/packages/api-core/tsconfig.json'. Projects must list all files or use an 'include' pattern.
  The file is in the program because:
    Imported via './AgentRegistry' from file '/Users/giulioleone/Sviluppo/CoachOne/packages/one-agent/src/registry/index.ts'
    Imported via './AgentRegistry' from file '/Users/giulioleone/Sviluppo/CoachOne/packages/one-agent/src/registry/initialize.ts'
../one-agent/src/registry/index.ts(14,83): error TS6059: File '/Users/giulioleone/Sviluppo/CoachOne/packages/one-agent/src/registry/initialize.ts' is not under 'rootDir' '/Users/giulioleone/Sviluppo/CoachOne/packages/api-core/src'. 'rootDir' is expected to contain all source files.
../one-agent/src/registry/index.ts(14,83): error TS6307: File '/Users/giulioleone/Sviluppo/CoachOne/packages/one-agent/src/registry/initialize.ts' is not listed within the file list of project '/Users/giulioleone/Sviluppo/CoachOne/packages/api-core/tsconfig.json'. Projects must list all files or use an 'include' pattern.
../oneagenda-core/src/db.ts(109,31): error TS2339: Property 'milestoneId' does not exist on type 'Partial<oneagenda_tasksCreateInput>'.
../oneagenda-core/src/db.ts(113,11): error TS2322: Type 'Record<string, unknown>' is not assignable to type 'NullableJsonNullValueInput | InputJsonValue | undefined'.
  Type 'Record<string, unknown>' is missing the following properties from type 'readonly (InputJsonValue | null)[]': length, concat, join, slice, and 26 more.
../oneagenda-core/src/db.ts(180,27): error TS2724: '"/Users/giulioleone/Sviluppo/CoachOne/node_modules/.pnpm/@prisma+client@7.0.0_prisma@7.0.0_@types+react@19.2.6_react-dom@19.2.0_react@19.2.0__re_e509aaf00ec421392259ff1a0e8d545a/node_modules/.prisma/client/index".Prisma' has no exported member named 'oneagenda_goalsWhereInput'. Did you mean 'oneagenda_tasksWhereInput'?
../oneagenda-core/src/db.ts(185,34): error TS2551: Property 'oneagenda_goals' does not exist on type 'PrismaClient<PrismaClientOptions, never, DefaultArgs>'. Did you mean 'oneagenda_tasks'?
../oneagenda-core/src/db.ts(192,25): error TS7006: Parameter 'goal' implicitly has an 'any' type.
../oneagenda-core/src/db.ts(211,33): error TS2551: Property 'oneagenda_goals' does not exist on type 'PrismaClient<PrismaClientOptions, never, DefaultArgs>'. Did you mean 'oneagenda_tasks'?
../oneagenda-core/src/db.ts(231,58): error TS2724: '"/Users/giulioleone/Sviluppo/CoachOne/node_modules/.pnpm/@prisma+client@7.0.0_prisma@7.0.0_@types+react@19.2.6_react-dom@19.2.0_react@19.2.0__re_e509aaf00ec421392259ff1a0e8d545a/node_modules/.prisma/client/index".Prisma' has no exported member named 'oneagenda_goalsCreateInput'. Did you mean 'oneagenda_tasksCreateInput'?
../oneagenda-core/src/db.ts(233,33): error TS2551: Property 'oneagenda_goals' does not exist on type 'PrismaClient<PrismaClientOptions, never, DefaultArgs>'. Did you mean 'oneagenda_tasks'?
../oneagenda-core/src/db.ts(275,37): error TS2551: Property 'oneagenda_goals' does not exist on type 'PrismaClient<PrismaClientOptions, never, DefaultArgs>'. Did you mean 'oneagenda_tasks'?
../oneagenda-core/src/db.ts(280,20): error TS2551: Property 'oneagenda_goals' does not exist on type 'PrismaClient<PrismaClientOptions, never, DefaultArgs>'. Did you mean 'oneagenda_tasks'?
../oneagenda-core/src/db.ts(289,32): error TS2339: Property 'oneagenda_user_preferences' does not exist on type 'PrismaClient<PrismaClientOptions, never, DefaultArgs>'.
